::1 - - [09/May/2020:00:36:40 +0000] "POST /api/v1/users/login HTTP/1.1" 200 444 "http://localhost:3001/" "Mozilla/5.0 (Windows NT 10.0; Win64; x64) AppleWebKit/537.36 (KHTML, like Gecko) Chrome/81.0.4044.138 Safari/537.36"
::1 - - [09/May/2020:00:36:40 +0000] "GET /api/v1/books?limit=100 HTTP/1.1" 304 - "http://localhost:3001/books" "Mozilla/5.0 (Windows NT 10.0; Win64; x64) AppleWebKit/537.36 (KHTML, like Gecko) Chrome/81.0.4044.138 Safari/537.36"
::1 - - [09/May/2020:00:37:16 +0000] "POST /api/v1/users/login HTTP/1.1" 200 444 "http://localhost:3001/" "Mozilla/5.0 (Windows NT 10.0; Win64; x64) AppleWebKit/537.36 (KHTML, like Gecko) Chrome/81.0.4044.138 Safari/537.36"
::1 - - [09/May/2020:00:37:17 +0000] "GET /api/v1/books?limit=100 HTTP/1.1" 304 - "http://localhost:3001/books" "Mozilla/5.0 (Windows NT 10.0; Win64; x64) AppleWebKit/537.36 (KHTML, like Gecko) Chrome/81.0.4044.138 Safari/537.36"
::1 - - [09/May/2020:00:48:30 +0000] "GET /api/v1/books?limit=100 HTTP/1.1" 304 - "http://localhost:3000/books" "Mozilla/5.0 (Windows NT 10.0; Win64; x64) AppleWebKit/537.36 (KHTML, like Gecko) Chrome/81.0.4044.138 Safari/537.36"
::1 - - [09/May/2020:00:48:34 +0000] "POST /api/v1/users/login HTTP/1.1" 401 123 "http://localhost:3000/" "Mozilla/5.0 (Windows NT 10.0; Win64; x64) AppleWebKit/537.36 (KHTML, like Gecko) Chrome/81.0.4044.138 Safari/537.36"
::1 - - [09/May/2020:00:48:44 +0000] "POST /api/v1/users/login HTTP/1.1" 401 123 "http://localhost:3001/" "Mozilla/5.0 (Windows NT 10.0; Win64; x64) AppleWebKit/537.36 (KHTML, like Gecko) Chrome/81.0.4044.138 Safari/537.36"
::1 - - [09/May/2020:00:49:44 +0000] "POST /api/v1/users/login HTTP/1.1" 401 123 "http://localhost:3001/?email=admin%40gmail.com&password=%D0%B1" "Mozilla/5.0 (Windows NT 10.0; Win64; x64) AppleWebKit/537.36 (KHTML, like Gecko) Chrome/81.0.4044.138 Safari/537.36"
::1 - - [09/May/2020:00:50:01 +0000] "POST /api/v1/users/login HTTP/1.1" 401 123 "http://localhost:3001/?email=pmind2015%40yahoo.com&password=sd" "Mozilla/5.0 (Windows NT 10.0; Win64; x64) AppleWebKit/537.36 (KHTML, like Gecko) Chrome/81.0.4044.138 Safari/537.36"
::1 - - [09/May/2020:00:50:11 +0000] "POST /api/v1/users/login HTTP/1.1" 401 123 "http://localhost:3001/?email=sdfsa&password=asdf" "Mozilla/5.0 (Windows NT 10.0; Win64; x64) AppleWebKit/537.36 (KHTML, like Gecko) Chrome/81.0.4044.138 Safari/537.36"
::1 - - [09/May/2020:00:50:17 +0000] "POST /api/v1/users/login HTTP/1.1" 401 123 "http://localhost:3001/" "Mozilla/5.0 (Windows NT 10.0; Win64; x64) AppleWebKit/537.36 (KHTML, like Gecko) Chrome/81.0.4044.138 Safari/537.36"
::1 - - [09/May/2020:00:50:41 +0000] "POST /api/v1/users/login HTTP/1.1" 401 123 "http://localhost:3001/?email=sdf&password=sdf" "Mozilla/5.0 (Windows NT 10.0; Win64; x64) AppleWebKit/537.36 (KHTML, like Gecko) Chrome/81.0.4044.138 Safari/537.36"
::1 - - [09/May/2020:00:50:50 +0000] "POST /api/v1/users/login HTTP/1.1" 401 123 "http://localhost:3001/?email=sdf&password=sdf" "Mozilla/5.0 (Windows NT 10.0; Win64; x64) AppleWebKit/537.36 (KHTML, like Gecko) Chrome/81.0.4044.138 Safari/537.36"
::1 - - [09/May/2020:00:50:54 +0000] "POST /api/v1/users/login HTTP/1.1" 200 444 "http://localhost:3001/?email=sdf&password=sdf" "Mozilla/5.0 (Windows NT 10.0; Win64; x64) AppleWebKit/537.36 (KHTML, like Gecko) Chrome/81.0.4044.138 Safari/537.36"
::1 - - [09/May/2020:00:50:54 +0000] "GET /api/v1/books?limit=100 HTTP/1.1" 304 - "http://localhost:3001/books" "Mozilla/5.0 (Windows NT 10.0; Win64; x64) AppleWebKit/537.36 (KHTML, like Gecko) Chrome/81.0.4044.138 Safari/537.36"
::1 - - [09/May/2020:00:51:14 +0000] "POST /api/v1/users/login HTTP/1.1" 401 123 "http://localhost:3001/" "Mozilla/5.0 (Windows NT 10.0; Win64; x64) AppleWebKit/537.36 (KHTML, like Gecko) Chrome/81.0.4044.138 Safari/537.36"
::1 - - [09/May/2020:00:51:26 +0000] "POST /api/v1/users/login HTTP/1.1" 200 444 "http://localhost:3001/" "Mozilla/5.0 (Windows NT 10.0; Win64; x64) AppleWebKit/537.36 (KHTML, like Gecko) Chrome/81.0.4044.138 Safari/537.36"
::1 - - [09/May/2020:00:51:26 +0000] "GET /api/v1/books?limit=100 HTTP/1.1" 304 - "http://localhost:3001/books" "Mozilla/5.0 (Windows NT 10.0; Win64; x64) AppleWebKit/537.36 (KHTML, like Gecko) Chrome/81.0.4044.138 Safari/537.36"
::1 - - [09/May/2020:00:51:31 +0000] "POST /api/v1/users/login HTTP/1.1" 401 123 "http://localhost:3001/" "Mozilla/5.0 (Windows NT 10.0; Win64; x64) AppleWebKit/537.36 (KHTML, like Gecko) Chrome/81.0.4044.138 Safari/537.36"
::1 - - [09/May/2020:01:08:09 +0000] "POST /api/v1/users/login HTTP/1.1" 401 123 "http://localhost:3001/" "Mozilla/5.0 (Windows NT 10.0; Win64; x64) AppleWebKit/537.36 (KHTML, like Gecko) Chrome/81.0.4044.138 Safari/537.36"
::1 - - [09/May/2020:01:10:48 +0000] "POST /api/v1/users/login HTTP/1.1" 401 123 "http://localhost:3001/" "Mozilla/5.0 (Windows NT 10.0; Win64; x64) AppleWebKit/537.36 (KHTML, like Gecko) Chrome/81.0.4044.138 Safari/537.36"
::1 - - [09/May/2020:01:12:32 +0000] "POST /api/v1/users/login HTTP/1.1" 400 120 "http://localhost:3001/" "Mozilla/5.0 (Windows NT 10.0; Win64; x64) AppleWebKit/537.36 (KHTML, like Gecko) Chrome/81.0.4044.138 Safari/537.36"
::1 - - [09/May/2020:01:12:59 +0000] "POST /api/v1/users/login HTTP/1.1" 400 120 "http://localhost:3001/" "Mozilla/5.0 (Windows NT 10.0; Win64; x64) AppleWebKit/537.36 (KHTML, like Gecko) Chrome/81.0.4044.138 Safari/537.36"
::1 - - [09/May/2020:01:13:17 +0000] "POST /api/v1/users/login HTTP/1.1" 400 120 "http://localhost:3001/" "Mozilla/5.0 (Windows NT 10.0; Win64; x64) AppleWebKit/537.36 (KHTML, like Gecko) Chrome/81.0.4044.138 Safari/537.36"
::1 - - [09/May/2020:01:14:00 +0000] "POST /api/v1/users/login HTTP/1.1" 400 120 "http://localhost:3001/" "Mozilla/5.0 (Windows NT 10.0; Win64; x64) AppleWebKit/537.36 (KHTML, like Gecko) Chrome/81.0.4044.138 Safari/537.36"
::1 - - [09/May/2020:01:14:08 +0000] "POST /api/v1/users/login HTTP/1.1" 400 120 "http://localhost:3001/" "Mozilla/5.0 (Windows NT 10.0; Win64; x64) AppleWebKit/537.36 (KHTML, like Gecko) Chrome/81.0.4044.138 Safari/537.36"
::1 - - [09/May/2020:01:14:37 +0000] "POST /api/v1/users/login HTTP/1.1" 200 120 "http://localhost:3001/" "Mozilla/5.0 (Windows NT 10.0; Win64; x64) AppleWebKit/537.36 (KHTML, like Gecko) Chrome/81.0.4044.138 Safari/537.36"
::1 - - [09/May/2020:01:17:39 +0000] "POST /api/v1/users/login HTTP/1.1" 400 120 "http://localhost:3001/" "Mozilla/5.0 (Windows NT 10.0; Win64; x64) AppleWebKit/537.36 (KHTML, like Gecko) Chrome/81.0.4044.138 Safari/537.36"
::1 - - [09/May/2020:01:18:01 +0000] "POST /api/v1/users/login HTTP/1.1" 400 120 "http://localhost:3001/" "Mozilla/5.0 (Windows NT 10.0; Win64; x64) AppleWebKit/537.36 (KHTML, like Gecko) Chrome/81.0.4044.138 Safari/537.36"
::1 - - [09/May/2020:01:18:54 +0000] "POST /api/v1/users/login HTTP/1.1" 400 120 "http://localhost:3001/" "Mozilla/5.0 (Windows NT 10.0; Win64; x64) AppleWebKit/537.36 (KHTML, like Gecko) Chrome/81.0.4044.138 Safari/537.36"
::1 - - [09/May/2020:01:21:20 +0000] "POST /api/v1/users/login HTTP/1.1" 400 120 "http://localhost:3001/" "Mozilla/5.0 (Windows NT 10.0; Win64; x64) AppleWebKit/537.36 (KHTML, like Gecko) Chrome/81.0.4044.138 Safari/537.36"
::1 - - [09/May/2020:01:21:31 +0000] "POST /api/v1/users/login HTTP/1.1" 400 120 "http://localhost:3001/" "Mozilla/5.0 (Windows NT 10.0; Win64; x64) AppleWebKit/537.36 (KHTML, like Gecko) Chrome/81.0.4044.138 Safari/537.36"
::1 - - [09/May/2020:01:22:10 +0000] "POST /api/v1/users/login HTTP/1.1" 400 120 "http://localhost:3001/" "Mozilla/5.0 (Windows NT 10.0; Win64; x64) AppleWebKit/537.36 (KHTML, like Gecko) Chrome/81.0.4044.138 Safari/537.36"
::1 - - [09/May/2020:01:22:37 +0000] "POST /api/v1/users/login HTTP/1.1" 400 120 "http://localhost:3001/" "Mozilla/5.0 (Windows NT 10.0; Win64; x64) AppleWebKit/537.36 (KHTML, like Gecko) Chrome/81.0.4044.138 Safari/537.36"
::1 - - [09/May/2020:01:22:56 +0000] "POST /api/v1/users/login HTTP/1.1" 400 120 "http://localhost:3001/" "Mozilla/5.0 (Windows NT 10.0; Win64; x64) AppleWebKit/537.36 (KHTML, like Gecko) Chrome/81.0.4044.138 Safari/537.36"
::1 - - [09/May/2020:01:23:27 +0000] "POST /api/v1/users/login HTTP/1.1" 400 120 "http://localhost:3001/" "Mozilla/5.0 (Windows NT 10.0; Win64; x64) AppleWebKit/537.36 (KHTML, like Gecko) Chrome/81.0.4044.138 Safari/537.36"
::1 - - [09/May/2020:01:23:40 +0000] "POST /api/v1/users/login HTTP/1.1" 400 120 "http://localhost:3001/" "Mozilla/5.0 (Windows NT 10.0; Win64; x64) AppleWebKit/537.36 (KHTML, like Gecko) Chrome/81.0.4044.138 Safari/537.36"
::1 - - [09/May/2020:01:24:07 +0000] "POST /api/v1/users/login HTTP/1.1" 401 123 "http://localhost:3001/" "Mozilla/5.0 (Windows NT 10.0; Win64; x64) AppleWebKit/537.36 (KHTML, like Gecko) Chrome/81.0.4044.138 Safari/537.36"
::1 - - [09/May/2020:01:24:39 +0000] "POST /api/v1/users/login HTTP/1.1" 400 120 "http://localhost:3001/" "Mozilla/5.0 (Windows NT 10.0; Win64; x64) AppleWebKit/537.36 (KHTML, like Gecko) Chrome/81.0.4044.138 Safari/537.36"
::1 - - [09/May/2020:01:24:42 +0000] "POST /api/v1/users/login HTTP/1.1" 401 123 "http://localhost:3001/" "Mozilla/5.0 (Windows NT 10.0; Win64; x64) AppleWebKit/537.36 (KHTML, like Gecko) Chrome/81.0.4044.138 Safari/537.36"
::1 - - [09/May/2020:01:24:44 +0000] "POST /api/v1/users/login HTTP/1.1" 401 123 "http://localhost:3001/" "Mozilla/5.0 (Windows NT 10.0; Win64; x64) AppleWebKit/537.36 (KHTML, like Gecko) Chrome/81.0.4044.138 Safari/537.36"
::1 - - [09/May/2020:01:28:41 +0000] "POST /api/v1/users/login HTTP/1.1" 401 123 "http://localhost:3001/" "Mozilla/5.0 (Windows NT 10.0; Win64; x64) AppleWebKit/537.36 (KHTML, like Gecko) Chrome/81.0.4044.138 Safari/537.36"
::1 - - [09/May/2020:01:28:44 +0000] "POST /api/v1/users/login HTTP/1.1" 401 123 "http://localhost:3001/" "Mozilla/5.0 (Windows NT 10.0; Win64; x64) AppleWebKit/537.36 (KHTML, like Gecko) Chrome/81.0.4044.138 Safari/537.36"
::1 - - [09/May/2020:01:28:50 +0000] "POST /api/v1/users/login HTTP/1.1" 200 444 "http://localhost:3001/" "Mozilla/5.0 (Windows NT 10.0; Win64; x64) AppleWebKit/537.36 (KHTML, like Gecko) Chrome/81.0.4044.138 Safari/537.36"
::1 - - [09/May/2020:01:28:50 +0000] "GET /api/v1/books?limit=100 HTTP/1.1" 304 - "http://localhost:3001/books" "Mozilla/5.0 (Windows NT 10.0; Win64; x64) AppleWebKit/537.36 (KHTML, like Gecko) Chrome/81.0.4044.138 Safari/537.36"
::1 - - [09/May/2020:01:28:56 +0000] "GET /api/v1/books?limit=100 HTTP/1.1" 304 - "http://localhost:3001/books" "Mozilla/5.0 (Windows NT 10.0; Win64; x64) AppleWebKit/537.36 (KHTML, like Gecko) Chrome/81.0.4044.138 Safari/537.36"
::1 - - [09/May/2020:01:32:14 +0000] "POST /api/v1/users/login HTTP/1.1" 400 120 "http://localhost:3001/" "Mozilla/5.0 (Windows NT 10.0; Win64; x64) AppleWebKit/537.36 (KHTML, like Gecko) Chrome/81.0.4044.138 Safari/537.36"
::1 - - [09/May/2020:01:32:18 +0000] "POST /api/v1/users/login HTTP/1.1" 400 120 "http://localhost:3001/" "Mozilla/5.0 (Windows NT 10.0; Win64; x64) AppleWebKit/537.36 (KHTML, like Gecko) Chrome/81.0.4044.138 Safari/537.36"
::1 - - [09/May/2020:01:32:21 +0000] "POST /api/v1/users/login HTTP/1.1" 401 123 "http://localhost:3001/" "Mozilla/5.0 (Windows NT 10.0; Win64; x64) AppleWebKit/537.36 (KHTML, like Gecko) Chrome/81.0.4044.138 Safari/537.36"
::1 - - [09/May/2020:01:33:15 +0000] "POST /api/v1/users/login HTTP/1.1" 400 120 "http://localhost:3001/" "Mozilla/5.0 (Windows NT 10.0; Win64; x64) AppleWebKit/537.36 (KHTML, like Gecko) Chrome/81.0.4044.138 Safari/537.36"
::1 - - [09/May/2020:01:33:16 +0000] "POST /api/v1/users/login HTTP/1.1" 400 120 "http://localhost:3001/" "Mozilla/5.0 (Windows NT 10.0; Win64; x64) AppleWebKit/537.36 (KHTML, like Gecko) Chrome/81.0.4044.138 Safari/537.36"
::1 - - [09/May/2020:01:33:16 +0000] "POST /api/v1/users/login HTTP/1.1" 400 120 "http://localhost:3001/" "Mozilla/5.0 (Windows NT 10.0; Win64; x64) AppleWebKit/537.36 (KHTML, like Gecko) Chrome/81.0.4044.138 Safari/537.36"
::1 - - [09/May/2020:01:33:19 +0000] "POST /api/v1/users/login HTTP/1.1" 401 123 "http://localhost:3001/" "Mozilla/5.0 (Windows NT 10.0; Win64; x64) AppleWebKit/537.36 (KHTML, like Gecko) Chrome/81.0.4044.138 Safari/537.36"
::1 - - [09/May/2020:01:33:22 +0000] "POST /api/v1/users/login HTTP/1.1" 401 123 "http://localhost:3001/" "Mozilla/5.0 (Windows NT 10.0; Win64; x64) AppleWebKit/537.36 (KHTML, like Gecko) Chrome/81.0.4044.138 Safari/537.36"
::1 - - [09/May/2020:01:33:24 +0000] "POST /api/v1/users/login HTTP/1.1" 401 123 "http://localhost:3001/" "Mozilla/5.0 (Windows NT 10.0; Win64; x64) AppleWebKit/537.36 (KHTML, like Gecko) Chrome/81.0.4044.138 Safari/537.36"
::1 - - [09/May/2020:01:33:41 +0000] "POST /api/v1/users/login HTTP/1.1" 400 120 "http://localhost:3001/" "Mozilla/5.0 (Windows NT 10.0; Win64; x64) AppleWebKit/537.36 (KHTML, like Gecko) Chrome/81.0.4044.138 Safari/537.36"
::1 - - [09/May/2020:01:34:09 +0000] "POST /api/v1/users/login HTTP/1.1" 400 120 "http://localhost:3001/" "Mozilla/5.0 (Windows NT 10.0; Win64; x64) AppleWebKit/537.36 (KHTML, like Gecko) Chrome/81.0.4044.138 Safari/537.36"
::1 - - [09/May/2020:01:34:21 +0000] "POST /api/v1/users/login HTTP/1.1" 400 120 "http://localhost:3001/" "Mozilla/5.0 (Windows NT 10.0; Win64; x64) AppleWebKit/537.36 (KHTML, like Gecko) Chrome/81.0.4044.138 Safari/537.36"
::1 - - [09/May/2020:01:34:30 +0000] "POST /api/v1/users/login HTTP/1.1" 400 120 "http://localhost:3001/" "Mozilla/5.0 (Windows NT 10.0; Win64; x64) AppleWebKit/537.36 (KHTML, like Gecko) Chrome/81.0.4044.138 Safari/537.36"
::1 - - [09/May/2020:01:34:33 +0000] "POST /api/v1/users/login HTTP/1.1" 401 123 "http://localhost:3001/" "Mozilla/5.0 (Windows NT 10.0; Win64; x64) AppleWebKit/537.36 (KHTML, like Gecko) Chrome/81.0.4044.138 Safari/537.36"
::1 - - [09/May/2020:01:41:58 +0000] "POST /api/v1/users/login HTTP/1.1" 400 120 "http://localhost:3001/" "Mozilla/5.0 (Windows NT 10.0; Win64; x64) AppleWebKit/537.36 (KHTML, like Gecko) Chrome/81.0.4044.138 Safari/537.36"
::1 - - [09/May/2020:01:42:06 +0000] "POST /api/v1/users/login HTTP/1.1" 200 444 "http://localhost:3001/" "Mozilla/5.0 (Windows NT 10.0; Win64; x64) AppleWebKit/537.36 (KHTML, like Gecko) Chrome/81.0.4044.138 Safari/537.36"
::1 - - [09/May/2020:01:42:06 +0000] "GET /api/v1/books?limit=100 HTTP/1.1" 304 - "http://localhost:3001/books" "Mozilla/5.0 (Windows NT 10.0; Win64; x64) AppleWebKit/537.36 (KHTML, like Gecko) Chrome/81.0.4044.138 Safari/537.36"
::1 - - [09/May/2020:01:42:49 +0000] "GET /api/v1/books?limit=100 HTTP/1.1" 304 - "http://localhost:3001/books" "Mozilla/5.0 (Windows NT 10.0; Win64; x64) AppleWebKit/537.36 (KHTML, like Gecko) Chrome/81.0.4044.138 Safari/537.36"
::1 - - [09/May/2020:01:42:52 +0000] "POST /api/v1/users/login HTTP/1.1" 400 120 "http://localhost:3001/" "Mozilla/5.0 (Windows NT 10.0; Win64; x64) AppleWebKit/537.36 (KHTML, like Gecko) Chrome/81.0.4044.138 Safari/537.36"
::1 - - [09/May/2020:01:42:57 +0000] "POST /api/v1/users/login HTTP/1.1" 200 444 "http://localhost:3001/" "Mozilla/5.0 (Windows NT 10.0; Win64; x64) AppleWebKit/537.36 (KHTML, like Gecko) Chrome/81.0.4044.138 Safari/537.36"
::1 - - [09/May/2020:01:42:58 +0000] "GET /api/v1/books?limit=100 HTTP/1.1" 304 - "http://localhost:3001/books" "Mozilla/5.0 (Windows NT 10.0; Win64; x64) AppleWebKit/537.36 (KHTML, like Gecko) Chrome/81.0.4044.138 Safari/537.36"
::1 - - [09/May/2020:01:43:26 +0000] "GET /api/v1/books?limit=100 HTTP/1.1" 304 - "http://localhost:3001/books" "Mozilla/5.0 (Windows NT 10.0; Win64; x64) AppleWebKit/537.36 (KHTML, like Gecko) Chrome/81.0.4044.138 Safari/537.36"
::1 - - [09/May/2020:01:43:38 +0000] "GET /api/v1/books?limit=100 HTTP/1.1" 304 - "http://localhost:3001/books" "Mozilla/5.0 (Windows NT 10.0; Win64; x64) AppleWebKit/537.36 (KHTML, like Gecko) Chrome/81.0.4044.138 Safari/537.36"
::1 - - [09/May/2020:01:43:48 +0000] "GET /api/v1/books?limit=100 HTTP/1.1" 304 - "http://localhost:3001/books" "Mozilla/5.0 (Windows NT 10.0; Win64; x64) AppleWebKit/537.36 (KHTML, like Gecko) Chrome/81.0.4044.138 Safari/537.36"
::1 - - [09/May/2020:01:44:08 +0000] "GET /api/v1/books/5ea7f00145ff9336583d3c17 HTTP/1.1" 304 - "http://localhost:3001/books/5ea7f00145ff9336583d3c17" "Mozilla/5.0 (Windows NT 10.0; Win64; x64) AppleWebKit/537.36 (KHTML, like Gecko) Chrome/81.0.4044.138 Safari/537.36"
::1 - - [09/May/2020:01:44:25 +0000] "POST /api/v1/users/login HTTP/1.1" 400 120 "http://localhost:3001/" "Mozilla/5.0 (Windows NT 10.0; Win64; x64) AppleWebKit/537.36 (KHTML, like Gecko) Chrome/81.0.4044.138 Safari/537.36"
::1 - - [09/May/2020:01:44:28 +0000] "POST /api/v1/users/login HTTP/1.1" 200 444 "http://localhost:3001/" "Mozilla/5.0 (Windows NT 10.0; Win64; x64) AppleWebKit/537.36 (KHTML, like Gecko) Chrome/81.0.4044.138 Safari/537.36"
::1 - - [09/May/2020:01:44:29 +0000] "GET /api/v1/books?limit=100 HTTP/1.1" 304 - "http://localhost:3001/books" "Mozilla/5.0 (Windows NT 10.0; Win64; x64) AppleWebKit/537.36 (KHTML, like Gecko) Chrome/81.0.4044.138 Safari/537.36"
::1 - - [09/May/2020:01:44:31 +0000] "GET /api/v1/books/5ea7f00145ff9336583d3c19 HTTP/1.1" 304 - "http://localhost:3001/books/5ea7f00145ff9336583d3c19" "Mozilla/5.0 (Windows NT 10.0; Win64; x64) AppleWebKit/537.36 (KHTML, like Gecko) Chrome/81.0.4044.138 Safari/537.36"
::1 - - [09/May/2020:01:44:34 +0000] "GET /api/v1/books?limit=100 HTTP/1.1" 304 - "http://localhost:3001/books" "Mozilla/5.0 (Windows NT 10.0; Win64; x64) AppleWebKit/537.36 (KHTML, like Gecko) Chrome/81.0.4044.138 Safari/537.36"
::1 - - [09/May/2020:01:46:02 +0000] "POST /api/v1/users/login HTTP/1.1" 400 120 "http://localhost:3001/" "Mozilla/5.0 (Windows NT 10.0; Win64; x64) AppleWebKit/537.36 (KHTML, like Gecko) Chrome/81.0.4044.138 Safari/537.36"
::1 - - [09/May/2020:01:46:05 +0000] "POST /api/v1/users/login HTTP/1.1" 400 120 "http://localhost:3001/" "Mozilla/5.0 (Windows NT 10.0; Win64; x64) AppleWebKit/537.36 (KHTML, like Gecko) Chrome/81.0.4044.138 Safari/537.36"
::1 - - [09/May/2020:01:46:07 +0000] "POST /api/v1/users/login HTTP/1.1" 401 123 "http://localhost:3001/" "Mozilla/5.0 (Windows NT 10.0; Win64; x64) AppleWebKit/537.36 (KHTML, like Gecko) Chrome/81.0.4044.138 Safari/537.36"
::1 - - [09/May/2020:01:46:11 +0000] "POST /api/v1/users/login HTTP/1.1" 200 444 "http://localhost:3001/" "Mozilla/5.0 (Windows NT 10.0; Win64; x64) AppleWebKit/537.36 (KHTML, like Gecko) Chrome/81.0.4044.138 Safari/537.36"
::1 - - [09/May/2020:01:46:11 +0000] "GET /api/v1/books?limit=100 HTTP/1.1" 304 - "http://localhost:3001/books" "Mozilla/5.0 (Windows NT 10.0; Win64; x64) AppleWebKit/537.36 (KHTML, like Gecko) Chrome/81.0.4044.138 Safari/537.36"
::1 - - [09/May/2020:01:46:12 +0000] "GET /api/v1/books/5ea7f00145ff9336583d3c17 HTTP/1.1" 304 - "http://localhost:3001/books/5ea7f00145ff9336583d3c17" "Mozilla/5.0 (Windows NT 10.0; Win64; x64) AppleWebKit/537.36 (KHTML, like Gecko) Chrome/81.0.4044.138 Safari/537.36"
::1 - - [09/May/2020:01:46:15 +0000] "GET /api/v1/books?limit=100 HTTP/1.1" 304 - "http://localhost:3001/books" "Mozilla/5.0 (Windows NT 10.0; Win64; x64) AppleWebKit/537.36 (KHTML, like Gecko) Chrome/81.0.4044.138 Safari/537.36"
::1 - - [09/May/2020:01:46:16 +0000] "GET /api/v1/books/5ea7f00145ff9336583d3c1d HTTP/1.1" 200 1755 "http://localhost:3001/books/5ea7f00145ff9336583d3c1d" "Mozilla/5.0 (Windows NT 10.0; Win64; x64) AppleWebKit/537.36 (KHTML, like Gecko) Chrome/81.0.4044.138 Safari/537.36"
::1 - - [09/May/2020:01:47:19 +0000] "POST /api/v1/users/login HTTP/1.1" 400 120 "http://localhost:3001/" "Mozilla/5.0 (Windows NT 10.0; Win64; x64) AppleWebKit/537.36 (KHTML, like Gecko) Chrome/81.0.4044.138 Safari/537.36"
::1 - - [09/May/2020:01:47:44 +0000] "POST /api/v1/users/login HTTP/1.1" 400 120 "http://localhost:3001/" "Mozilla/5.0 (Windows NT 10.0; Win64; x64) AppleWebKit/537.36 (KHTML, like Gecko) Chrome/81.0.4044.138 Safari/537.36"
::1 - - [09/May/2020:01:47:46 +0000] "POST /api/v1/users/login HTTP/1.1" 401 123 "http://localhost:3001/" "Mozilla/5.0 (Windows NT 10.0; Win64; x64) AppleWebKit/537.36 (KHTML, like Gecko) Chrome/81.0.4044.138 Safari/537.36"
::1 - - [09/May/2020:01:47:58 +0000] "POST /api/v1/users/login HTTP/1.1" 401 123 "http://localhost:3001/" "Mozilla/5.0 (Windows NT 10.0; Win64; x64) AppleWebKit/537.36 (KHTML, like Gecko) Chrome/81.0.4044.138 Safari/537.36"
::1 - - [09/May/2020:01:53:22 +0000] "POST /api/v1/users/login HTTP/1.1" 200 444 "http://localhost:3000/" "Mozilla/5.0 (Windows NT 10.0; Win64; x64) AppleWebKit/537.36 (KHTML, like Gecko) Chrome/81.0.4044.138 Safari/537.36"
::1 - - [09/May/2020:01:53:23 +0000] "GET /api/v1/books?limit=100 HTTP/1.1" 304 - "http://localhost:3000/books" "Mozilla/5.0 (Windows NT 10.0; Win64; x64) AppleWebKit/537.36 (KHTML, like Gecko) Chrome/81.0.4044.138 Safari/537.36"
::1 - - [09/May/2020:01:53:30 +0000] "GET /api/v1/books/5ea7f00145ff9336583d3c16 HTTP/1.1" 304 - "http://localhost:3000/books/5ea7f00145ff9336583d3c16" "Mozilla/5.0 (Windows NT 10.0; Win64; x64) AppleWebKit/537.36 (KHTML, like Gecko) Chrome/81.0.4044.138 Safari/537.36"
::1 - - [09/May/2020:01:53:50 +0000] "GET /api/v1/books/5ea7f00145ff9336583d3c16 HTTP/1.1" 304 - "http://localhost:3000/books/5ea7f00145ff9336583d3c16" "Mozilla/5.0 (Windows NT 10.0; Win64; x64) AppleWebKit/537.36 (KHTML, like Gecko) Chrome/81.0.4044.138 Safari/537.36"
::1 - - [09/May/2020:01:55:42 +0000] "GET /api/v1/books/5ea7f00145ff9336583d3c16 HTTP/1.1" 304 - "http://localhost:3000/books/5ea7f00145ff9336583d3c16" "Mozilla/5.0 (Windows NT 10.0; Win64; x64) AppleWebKit/537.36 (KHTML, like Gecko) Chrome/81.0.4044.138 Safari/537.36"
::1 - - [09/May/2020:01:55:58 +0000] "GET /api/v1/books/5ea7f00145ff9336583d3c16 HTTP/1.1" 304 - "http://localhost:3000/books/5ea7f00145ff9336583d3c16" "Mozilla/5.0 (Windows NT 10.0; Win64; x64) AppleWebKit/537.36 (KHTML, like Gecko) Chrome/81.0.4044.138 Safari/537.36"
::1 - - [09/May/2020:01:56:07 +0000] "GET /api/v1/books/5ea7f00145ff9336583d3c16 HTTP/1.1" 304 - "http://localhost:3000/books/5ea7f00145ff9336583d3c16" "Mozilla/5.0 (Windows NT 10.0; Win64; x64) AppleWebKit/537.36 (KHTML, like Gecko) Chrome/81.0.4044.138 Safari/537.36"
::1 - - [09/May/2020:01:56:25 +0000] "GET /api/v1/books/5ea7f00145ff9336583d3c16 HTTP/1.1" 304 - "http://localhost:3000/books/5ea7f00145ff9336583d3c16" "Mozilla/5.0 (Windows NT 10.0; Win64; x64) AppleWebKit/537.36 (KHTML, like Gecko) Chrome/81.0.4044.138 Safari/537.36"
::1 - - [09/May/2020:01:56:33 +0000] "GET /api/v1/books/5ea7f00145ff9336583d3c16 HTTP/1.1" 304 - "http://localhost:3000/books/5ea7f00145ff9336583d3c16" "Mozilla/5.0 (Windows NT 10.0; Win64; x64) AppleWebKit/537.36 (KHTML, like Gecko) Chrome/81.0.4044.138 Safari/537.36"
::1 - - [09/May/2020:01:56:36 +0000] "GET /api/v1/books/5ea7f00145ff9336583d3c16 HTTP/1.1" 304 - "http://localhost:3000/books/5ea7f00145ff9336583d3c16" "Mozilla/5.0 (Windows NT 10.0; Win64; x64) AppleWebKit/537.36 (KHTML, like Gecko) Chrome/81.0.4044.138 Safari/537.36"
::1 - - [09/May/2020:01:57:07 +0000] "GET /api/v1/books/5ea7f00145ff9336583d3c16 HTTP/1.1" 304 - "http://localhost:3000/books/5ea7f00145ff9336583d3c16" "Mozilla/5.0 (Windows NT 10.0; Win64; x64) AppleWebKit/537.36 (KHTML, like Gecko) Chrome/81.0.4044.138 Safari/537.36"
::1 - - [09/May/2020:01:57:12 +0000] "GET /api/v1/books/5ea7f00145ff9336583d3c16 HTTP/1.1" 304 - "http://localhost:3000/books/5ea7f00145ff9336583d3c16" "Mozilla/5.0 (Windows NT 10.0; Win64; x64) AppleWebKit/537.36 (KHTML, like Gecko) Chrome/81.0.4044.138 Safari/537.36"
::1 - - [09/May/2020:01:57:28 +0000] "GET /api/v1/books/5ea7f00145ff9336583d3c16 HTTP/1.1" 304 - "http://localhost:3000/books/5ea7f00145ff9336583d3c16" "Mozilla/5.0 (Windows NT 10.0; Win64; x64) AppleWebKit/537.36 (KHTML, like Gecko) Chrome/81.0.4044.138 Safari/537.36"
::1 - - [09/May/2020:01:57:41 +0000] "GET /api/v1/books/5ea7f00145ff9336583d3c16 HTTP/1.1" 304 - "http://localhost:3000/books/5ea7f00145ff9336583d3c16" "Mozilla/5.0 (Linux; Android 6.0; Nexus 5 Build/MRA58N) AppleWebKit/537.36 (KHTML, like Gecko) Chrome/81.0.4044.138 Mobile Safari/537.36"
::1 - - [09/May/2020:02:03:01 +0000] "GET /api/v1/books/5ea7f00145ff9336583d3c16 HTTP/1.1" 304 - "http://localhost:3000/books/5ea7f00145ff9336583d3c16" "Mozilla/5.0 (Linux; Android 6.0; Nexus 5 Build/MRA58N) AppleWebKit/537.36 (KHTML, like Gecko) Chrome/81.0.4044.138 Mobile Safari/537.36"
::1 - - [09/May/2020:02:03:06 +0000] "GET /api/v1/books?limit=100 HTTP/1.1" 304 - "http://localhost:3001/books" "Mozilla/5.0 (Windows NT 10.0; Win64; x64) AppleWebKit/537.36 (KHTML, like Gecko) Chrome/81.0.4044.138 Safari/537.36"
::1 - - [09/May/2020:02:03:07 +0000] "GET /api/v1/books/5ea7f00145ff9336583d3c16 HTTP/1.1" 304 - "http://localhost:3001/books/5ea7f00145ff9336583d3c16" "Mozilla/5.0 (Windows NT 10.0; Win64; x64) AppleWebKit/537.36 (KHTML, like Gecko) Chrome/81.0.4044.138 Safari/537.36"
::1 - - [09/May/2020:02:03:54 +0000] "GET /api/v1/books/5ea7f00145ff9336583d3c16 HTTP/1.1" 304 - "http://localhost:3000/books/5ea7f00145ff9336583d3c16" "Mozilla/5.0 (Linux; Android 6.0; Nexus 5 Build/MRA58N) AppleWebKit/537.36 (KHTML, like Gecko) Chrome/81.0.4044.138 Mobile Safari/537.36"
::1 - - [09/May/2020:02:04:14 +0000] "GET /api/v1/books/5ea7f00145ff9336583d3c16 HTTP/1.1" 304 - "http://localhost:3000/books/5ea7f00145ff9336583d3c16" "Mozilla/5.0 (Linux; Android 6.0; Nexus 5 Build/MRA58N) AppleWebKit/537.36 (KHTML, like Gecko) Chrome/81.0.4044.138 Mobile Safari/537.36"
::1 - - [09/May/2020:02:06:11 +0000] "GET /api/v1/books/5ea7f00145ff9336583d3c16 HTTP/1.1" 304 - "http://localhost:3000/books/5ea7f00145ff9336583d3c16" "Mozilla/5.0 (Windows NT 10.0; Win64; x64) AppleWebKit/537.36 (KHTML, like Gecko) Chrome/81.0.4044.138 Safari/537.36"
::1 - - [09/May/2020:02:06:11 +0000] "GET /api/v1/books/5ea7f00145ff9336583d3c16 HTTP/1.1" 304 - "http://localhost:3000/books/5ea7f00145ff9336583d3c16" "Mozilla/5.0 (Linux; Android 6.0; Nexus 5 Build/MRA58N) AppleWebKit/537.36 (KHTML, like Gecko) Chrome/81.0.4044.138 Mobile Safari/537.36"
::1 - - [09/May/2020:02:06:15 +0000] "GET /api/v1/books/5ea7f00145ff9336583d3c16 HTTP/1.1" 304 - "http://localhost:3000/books/5ea7f00145ff9336583d3c16" "Mozilla/5.0 (Windows NT 10.0; Win64; x64) AppleWebKit/537.36 (KHTML, like Gecko) Chrome/81.0.4044.138 Safari/537.36"
::1 - - [09/May/2020:02:06:15 +0000] "GET /api/v1/books/5ea7f00145ff9336583d3c16 HTTP/1.1" 304 - "http://localhost:3000/books/5ea7f00145ff9336583d3c16" "Mozilla/5.0 (Linux; Android 6.0; Nexus 5 Build/MRA58N) AppleWebKit/537.36 (KHTML, like Gecko) Chrome/81.0.4044.138 Mobile Safari/537.36"
::1 - - [09/May/2020:02:06:19 +0000] "GET /api/v1/books/5ea7f00145ff9336583d3c16 HTTP/1.1" 304 - "http://localhost:3000/books/5ea7f00145ff9336583d3c16" "Mozilla/5.0 (Windows NT 10.0; Win64; x64) AppleWebKit/537.36 (KHTML, like Gecko) Chrome/81.0.4044.138 Safari/537.36"
::1 - - [09/May/2020:02:07:19 +0000] "GET /api/v1/books/5ea7f00145ff9336583d3c16 HTTP/1.1" 304 - "http://localhost:3000/books/5ea7f00145ff9336583d3c16" "Mozilla/5.0 (Windows NT 10.0; Win64; x64) AppleWebKit/537.36 (KHTML, like Gecko) Chrome/81.0.4044.138 Safari/537.36"
::1 - - [09/May/2020:02:07:19 +0000] "GET /api/v1/books/5ea7f00145ff9336583d3c16 HTTP/1.1" 304 - "http://localhost:3000/books/5ea7f00145ff9336583d3c16" "Mozilla/5.0 (Linux; Android 6.0; Nexus 5 Build/MRA58N) AppleWebKit/537.36 (KHTML, like Gecko) Chrome/81.0.4044.138 Mobile Safari/537.36"
::1 - - [09/May/2020:02:07:21 +0000] "GET /api/v1/books/5ea7f00145ff9336583d3c16 HTTP/1.1" 304 - "http://localhost:3000/books/5ea7f00145ff9336583d3c16" "Mozilla/5.0 (Windows NT 10.0; Win64; x64) AppleWebKit/537.36 (KHTML, like Gecko) Chrome/81.0.4044.138 Safari/537.36"
::1 - - [09/May/2020:02:07:42 +0000] "GET /api/v1/books/5ea7f00145ff9336583d3c16 HTTP/1.1" 304 - "http://localhost:3000/books/5ea7f00145ff9336583d3c16" "Mozilla/5.0 (Windows NT 10.0; Win64; x64) AppleWebKit/537.36 (KHTML, like Gecko) Chrome/81.0.4044.138 Safari/537.36"
::1 - - [09/May/2020:02:07:42 +0000] "GET /api/v1/books/5ea7f00145ff9336583d3c16 HTTP/1.1" 304 - "http://localhost:3000/books/5ea7f00145ff9336583d3c16" "Mozilla/5.0 (Linux; Android 6.0; Nexus 5 Build/MRA58N) AppleWebKit/537.36 (KHTML, like Gecko) Chrome/81.0.4044.138 Mobile Safari/537.36"
::1 - - [09/May/2020:02:08:04 +0000] "GET /api/v1/books/5ea7f00145ff9336583d3c16 HTTP/1.1" 304 - "http://localhost:3000/books/5ea7f00145ff9336583d3c16" "Mozilla/5.0 (Windows NT 10.0; Win64; x64) AppleWebKit/537.36 (KHTML, like Gecko) Chrome/81.0.4044.138 Safari/537.36"
::1 - - [09/May/2020:02:08:04 +0000] "GET /api/v1/books/5ea7f00145ff9336583d3c16 HTTP/1.1" 304 - "http://localhost:3000/books/5ea7f00145ff9336583d3c16" "Mozilla/5.0 (Linux; Android 6.0; Nexus 5 Build/MRA58N) AppleWebKit/537.36 (KHTML, like Gecko) Chrome/81.0.4044.138 Mobile Safari/537.36"
::1 - - [09/May/2020:02:08:06 +0000] "GET /api/v1/books/5ea7f00145ff9336583d3c16 HTTP/1.1" 304 - "http://localhost:3000/books/5ea7f00145ff9336583d3c16" "Mozilla/5.0 (Windows NT 10.0; Win64; x64) AppleWebKit/537.36 (KHTML, like Gecko) Chrome/81.0.4044.138 Safari/537.36"
::1 - - [09/May/2020:02:08:44 +0000] "GET /api/v1/books/5ea7f00145ff9336583d3c16 HTTP/1.1" 304 - "http://localhost:3000/books/5ea7f00145ff9336583d3c16" "Mozilla/5.0 (Windows NT 10.0; Win64; x64) AppleWebKit/537.36 (KHTML, like Gecko) Chrome/81.0.4044.138 Safari/537.36"
::1 - - [09/May/2020:02:08:44 +0000] "GET /api/v1/books/5ea7f00145ff9336583d3c16 HTTP/1.1" 304 - "http://localhost:3000/books/5ea7f00145ff9336583d3c16" "Mozilla/5.0 (Linux; Android 6.0; Nexus 5 Build/MRA58N) AppleWebKit/537.36 (KHTML, like Gecko) Chrome/81.0.4044.138 Mobile Safari/537.36"
::1 - - [09/May/2020:02:08:47 +0000] "GET /api/v1/books/5ea7f00145ff9336583d3c16 HTTP/1.1" 304 - "http://localhost:3000/books/5ea7f00145ff9336583d3c16" "Mozilla/5.0 (Windows NT 10.0; Win64; x64) AppleWebKit/537.36 (KHTML, like Gecko) Chrome/81.0.4044.138 Safari/537.36"
::1 - - [09/May/2020:02:08:47 +0000] "GET /api/v1/books/5ea7f00145ff9336583d3c16 HTTP/1.1" 304 - "http://localhost:3000/books/5ea7f00145ff9336583d3c16" "Mozilla/5.0 (Linux; Android 6.0; Nexus 5 Build/MRA58N) AppleWebKit/537.36 (KHTML, like Gecko) Chrome/81.0.4044.138 Mobile Safari/537.36"
::1 - - [09/May/2020:02:08:50 +0000] "GET /api/v1/books/5ea7f00145ff9336583d3c16 HTTP/1.1" 304 - "http://localhost:3000/books/5ea7f00145ff9336583d3c16" "Mozilla/5.0 (Windows NT 10.0; Win64; x64) AppleWebKit/537.36 (KHTML, like Gecko) Chrome/81.0.4044.138 Safari/537.36"
::1 - - [09/May/2020:02:08:50 +0000] "GET /api/v1/books/5ea7f00145ff9336583d3c16 HTTP/1.1" 304 - "http://localhost:3000/books/5ea7f00145ff9336583d3c16" "Mozilla/5.0 (Linux; Android 6.0; Nexus 5 Build/MRA58N) AppleWebKit/537.36 (KHTML, like Gecko) Chrome/81.0.4044.138 Mobile Safari/537.36"
::1 - - [09/May/2020:02:08:52 +0000] "GET /api/v1/books/5ea7f00145ff9336583d3c16 HTTP/1.1" 304 - "http://localhost:3000/books/5ea7f00145ff9336583d3c16" "Mozilla/5.0 (Windows NT 10.0; Win64; x64) AppleWebKit/537.36 (KHTML, like Gecko) Chrome/81.0.4044.138 Safari/537.36"
::1 - - [09/May/2020:02:08:52 +0000] "GET /api/v1/books/5ea7f00145ff9336583d3c16 HTTP/1.1" 304 - "http://localhost:3000/books/5ea7f00145ff9336583d3c16" "Mozilla/5.0 (Linux; Android 6.0; Nexus 5 Build/MRA58N) AppleWebKit/537.36 (KHTML, like Gecko) Chrome/81.0.4044.138 Mobile Safari/537.36"
::1 - - [09/May/2020:02:09:17 +0000] "GET /api/v1/books/5ea7f00145ff9336583d3c16 HTTP/1.1" 304 - "http://localhost:3000/books/5ea7f00145ff9336583d3c16" "Mozilla/5.0 (Windows NT 10.0; Win64; x64) AppleWebKit/537.36 (KHTML, like Gecko) Chrome/81.0.4044.138 Safari/537.36"
::1 - - [09/May/2020:02:09:17 +0000] "GET /api/v1/books/5ea7f00145ff9336583d3c16 HTTP/1.1" 304 - "http://localhost:3000/books/5ea7f00145ff9336583d3c16" "Mozilla/5.0 (Linux; Android 6.0; Nexus 5 Build/MRA58N) AppleWebKit/537.36 (KHTML, like Gecko) Chrome/81.0.4044.138 Mobile Safari/537.36"
::1 - - [09/May/2020:02:09:19 +0000] "GET /api/v1/books/5ea7f00145ff9336583d3c16 HTTP/1.1" 304 - "http://localhost:3000/books/5ea7f00145ff9336583d3c16" "Mozilla/5.0 (Windows NT 10.0; Win64; x64) AppleWebKit/537.36 (KHTML, like Gecko) Chrome/81.0.4044.138 Safari/537.36"
::1 - - [09/May/2020:02:09:54 +0000] "GET /api/v1/books/5ea7f00145ff9336583d3c16 HTTP/1.1" 304 - "http://localhost:3000/books/5ea7f00145ff9336583d3c16" "Mozilla/5.0 (Windows NT 10.0; Win64; x64) AppleWebKit/537.36 (KHTML, like Gecko) Chrome/81.0.4044.138 Safari/537.36"
::1 - - [09/May/2020:02:09:54 +0000] "GET /api/v1/books/5ea7f00145ff9336583d3c16 HTTP/1.1" 304 - "http://localhost:3000/books/5ea7f00145ff9336583d3c16" "Mozilla/5.0 (Linux; Android 6.0; Nexus 5 Build/MRA58N) AppleWebKit/537.36 (KHTML, like Gecko) Chrome/81.0.4044.138 Mobile Safari/537.36"
::1 - - [09/May/2020:02:10:00 +0000] "GET /api/v1/books/5ea7f00145ff9336583d3c16 HTTP/1.1" 304 - "http://localhost:3000/books/5ea7f00145ff9336583d3c16" "Mozilla/5.0 (Linux; Android 6.0; Nexus 5 Build/MRA58N) AppleWebKit/537.36 (KHTML, like Gecko) Chrome/81.0.4044.138 Mobile Safari/537.36"
::1 - - [09/May/2020:02:11:32 +0000] "GET /api/v1/books/5ea7f00145ff9336583d3c16 HTTP/1.1" 304 - "http://localhost:3000/books/5ea7f00145ff9336583d3c16" "Mozilla/5.0 (Windows NT 10.0; Win64; x64) AppleWebKit/537.36 (KHTML, like Gecko) Chrome/81.0.4044.138 Safari/537.36"
::1 - - [09/May/2020:02:11:32 +0000] "GET /api/v1/books/5ea7f00145ff9336583d3c16 HTTP/1.1" 304 - "http://localhost:3000/books/5ea7f00145ff9336583d3c16" "Mozilla/5.0 (Linux; Android 6.0; Nexus 5 Build/MRA58N) AppleWebKit/537.36 (KHTML, like Gecko) Chrome/81.0.4044.138 Mobile Safari/537.36"
::1 - - [09/May/2020:02:11:33 +0000] "GET /api/v1/books/5ea7f00145ff9336583d3c16 HTTP/1.1" 304 - "http://localhost:3000/books/5ea7f00145ff9336583d3c16" "Mozilla/5.0 (Windows NT 10.0; Win64; x64) AppleWebKit/537.36 (KHTML, like Gecko) Chrome/81.0.4044.138 Safari/537.36"
::1 - - [09/May/2020:02:11:41 +0000] "GET /api/v1/books/5ea7f00145ff9336583d3c16 HTTP/1.1" 304 - "http://localhost:3000/books/5ea7f00145ff9336583d3c16" "Mozilla/5.0 (Linux; Android 6.0; Nexus 5 Build/MRA58N) AppleWebKit/537.36 (KHTML, like Gecko) Chrome/81.0.4044.138 Mobile Safari/537.36"
::1 - - [09/May/2020:02:14:35 +0000] "GET /api/v1/books/5ea7f00145ff9336583d3c16 HTTP/1.1" 304 - "http://localhost:3000/books/5ea7f00145ff9336583d3c16" "Mozilla/5.0 (Windows NT 10.0; Win64; x64) AppleWebKit/537.36 (KHTML, like Gecko) Chrome/81.0.4044.138 Safari/537.36"
::1 - - [09/May/2020:02:14:35 +0000] "GET /api/v1/books/5ea7f00145ff9336583d3c16 HTTP/1.1" 304 - "http://localhost:3000/books/5ea7f00145ff9336583d3c16" "Mozilla/5.0 (Windows NT 10.0; Win64; x64) AppleWebKit/537.36 (KHTML, like Gecko) Chrome/81.0.4044.138 Safari/537.36"
::1 - - [09/May/2020:02:14:46 +0000] "GET /api/v1/books/5ea7f00145ff9336583d3c16 HTTP/1.1" 304 - "http://localhost:3000/books/5ea7f00145ff9336583d3c16" "Mozilla/5.0 (Windows NT 10.0; Win64; x64) AppleWebKit/537.36 (KHTML, like Gecko) Chrome/81.0.4044.138 Safari/537.36"
::1 - - [09/May/2020:02:14:47 +0000] "GET /api/v1/books/5ea7f00145ff9336583d3c16 HTTP/1.1" 304 - "http://localhost:3000/books/5ea7f00145ff9336583d3c16" "Mozilla/5.0 (Windows NT 10.0; Win64; x64) AppleWebKit/537.36 (KHTML, like Gecko) Chrome/81.0.4044.138 Safari/537.36"
::1 - - [09/May/2020:02:15:14 +0000] "GET /api/v1/books/5ea7f00145ff9336583d3c16 HTTP/1.1" 304 - "http://localhost:3000/books/5ea7f00145ff9336583d3c16" "Mozilla/5.0 (Windows NT 10.0; Win64; x64) AppleWebKit/537.36 (KHTML, like Gecko) Chrome/81.0.4044.138 Safari/537.36"
::1 - - [09/May/2020:02:15:14 +0000] "GET /api/v1/books/5ea7f00145ff9336583d3c16 HTTP/1.1" 304 - "http://localhost:3000/books/5ea7f00145ff9336583d3c16" "Mozilla/5.0 (Windows NT 10.0; Win64; x64) AppleWebKit/537.36 (KHTML, like Gecko) Chrome/81.0.4044.138 Safari/537.36"
::1 - - [09/May/2020:02:15:35 +0000] "GET /api/v1/books/5ea7f00145ff9336583d3c16 HTTP/1.1" 304 - "http://localhost:3000/books/5ea7f00145ff9336583d3c16" "Mozilla/5.0 (Windows NT 10.0; Win64; x64) AppleWebKit/537.36 (KHTML, like Gecko) Chrome/81.0.4044.138 Safari/537.36"
::1 - - [09/May/2020:02:15:35 +0000] "GET /api/v1/books/5ea7f00145ff9336583d3c16 HTTP/1.1" 304 - "http://localhost:3000/books/5ea7f00145ff9336583d3c16" "Mozilla/5.0 (Windows NT 10.0; Win64; x64) AppleWebKit/537.36 (KHTML, like Gecko) Chrome/81.0.4044.138 Safari/537.36"
::1 - - [09/May/2020:02:16:31 +0000] "GET /api/v1/books/5ea7f00145ff9336583d3c16 HTTP/1.1" 304 - "http://localhost:3000/books/5ea7f00145ff9336583d3c16" "Mozilla/5.0 (Windows NT 10.0; Win64; x64) AppleWebKit/537.36 (KHTML, like Gecko) Chrome/81.0.4044.138 Safari/537.36"
::1 - - [09/May/2020:02:16:31 +0000] "GET /api/v1/books/5ea7f00145ff9336583d3c16 HTTP/1.1" 304 - "http://localhost:3000/books/5ea7f00145ff9336583d3c16" "Mozilla/5.0 (Windows NT 10.0; Win64; x64) AppleWebKit/537.36 (KHTML, like Gecko) Chrome/81.0.4044.138 Safari/537.36"
::1 - - [09/May/2020:02:17:09 +0000] "GET /api/v1/books/5ea7f00145ff9336583d3c16 HTTP/1.1" 304 - "http://localhost:3000/books/5ea7f00145ff9336583d3c16" "Mozilla/5.0 (Windows NT 10.0; Win64; x64) AppleWebKit/537.36 (KHTML, like Gecko) Chrome/81.0.4044.138 Safari/537.36"
::1 - - [09/May/2020:02:17:09 +0000] "GET /api/v1/books/5ea7f00145ff9336583d3c16 HTTP/1.1" 304 - "http://localhost:3000/books/5ea7f00145ff9336583d3c16" "Mozilla/5.0 (Windows NT 10.0; Win64; x64) AppleWebKit/537.36 (KHTML, like Gecko) Chrome/81.0.4044.138 Safari/537.36"
::1 - - [09/May/2020:02:17:25 +0000] "GET /api/v1/books/5ea7f00145ff9336583d3c16 HTTP/1.1" 304 - "http://localhost:3000/books/5ea7f00145ff9336583d3c16" "Mozilla/5.0 (Windows NT 10.0; Win64; x64) AppleWebKit/537.36 (KHTML, like Gecko) Chrome/81.0.4044.138 Safari/537.36"
::1 - - [09/May/2020:02:17:25 +0000] "GET /api/v1/books/5ea7f00145ff9336583d3c16 HTTP/1.1" 304 - "http://localhost:3000/books/5ea7f00145ff9336583d3c16" "Mozilla/5.0 (Windows NT 10.0; Win64; x64) AppleWebKit/537.36 (KHTML, like Gecko) Chrome/81.0.4044.138 Safari/537.36"
::1 - - [09/May/2020:02:17:36 +0000] "GET /api/v1/books/5ea7f00145ff9336583d3c16 HTTP/1.1" 304 - "http://localhost:3000/books/5ea7f00145ff9336583d3c16" "Mozilla/5.0 (Windows NT 10.0; Win64; x64) AppleWebKit/537.36 (KHTML, like Gecko) Chrome/81.0.4044.138 Safari/537.36"
::1 - - [09/May/2020:02:17:36 +0000] "GET /api/v1/books/5ea7f00145ff9336583d3c16 HTTP/1.1" 304 - "http://localhost:3000/books/5ea7f00145ff9336583d3c16" "Mozilla/5.0 (Windows NT 10.0; Win64; x64) AppleWebKit/537.36 (KHTML, like Gecko) Chrome/81.0.4044.138 Safari/537.36"
::1 - - [09/May/2020:02:17:57 +0000] "GET /api/v1/books/5ea7f00145ff9336583d3c16 HTTP/1.1" 304 - "http://localhost:3000/books/5ea7f00145ff9336583d3c16" "Mozilla/5.0 (Windows NT 10.0; Win64; x64) AppleWebKit/537.36 (KHTML, like Gecko) Chrome/81.0.4044.138 Safari/537.36"
::1 - - [09/May/2020:02:18:19 +0000] "GET /api/v1/books/5ea7f00145ff9336583d3c16 HTTP/1.1" 304 - "http://localhost:3000/books/5ea7f00145ff9336583d3c16" "Mozilla/5.0 (Windows NT 10.0; Win64; x64) AppleWebKit/537.36 (KHTML, like Gecko) Chrome/81.0.4044.138 Safari/537.36"
::1 - - [09/May/2020:02:18:20 +0000] "GET /api/v1/books/5ea7f00145ff9336583d3c16 HTTP/1.1" 304 - "http://localhost:3000/books/5ea7f00145ff9336583d3c16" "Mozilla/5.0 (Windows NT 10.0; Win64; x64) AppleWebKit/537.36 (KHTML, like Gecko) Chrome/81.0.4044.138 Safari/537.36"
::1 - - [09/May/2020:02:18:31 +0000] "GET /api/v1/books/5ea7f00145ff9336583d3c16 HTTP/1.1" 304 - "http://localhost:3000/books/5ea7f00145ff9336583d3c16" "Mozilla/5.0 (Windows NT 10.0; Win64; x64) AppleWebKit/537.36 (KHTML, like Gecko) Chrome/81.0.4044.138 Safari/537.36"
::1 - - [09/May/2020:02:18:32 +0000] "GET /api/v1/books/5ea7f00145ff9336583d3c16 HTTP/1.1" 304 - "http://localhost:3000/books/5ea7f00145ff9336583d3c16" "Mozilla/5.0 (Windows NT 10.0; Win64; x64) AppleWebKit/537.36 (KHTML, like Gecko) Chrome/81.0.4044.138 Safari/537.36"
::1 - - [09/May/2020:02:18:34 +0000] "GET /api/v1/books/5ea7f00145ff9336583d3c16 HTTP/1.1" 304 - "http://localhost:3000/books/5ea7f00145ff9336583d3c16" "Mozilla/5.0 (Windows NT 10.0; Win64; x64) AppleWebKit/537.36 (KHTML, like Gecko) Chrome/81.0.4044.138 Safari/537.36"
::1 - - [09/May/2020:02:18:34 +0000] "GET /api/v1/books/5ea7f00145ff9336583d3c16 HTTP/1.1" 304 - "http://localhost:3000/books/5ea7f00145ff9336583d3c16" "Mozilla/5.0 (Windows NT 10.0; Win64; x64) AppleWebKit/537.36 (KHTML, like Gecko) Chrome/81.0.4044.138 Safari/537.36"
::1 - - [09/May/2020:02:18:38 +0000] "GET /api/v1/books/5ea7f00145ff9336583d3c16 HTTP/1.1" 304 - "http://localhost:3000/books/5ea7f00145ff9336583d3c16" "Mozilla/5.0 (Windows NT 10.0; Win64; x64) AppleWebKit/537.36 (KHTML, like Gecko) Chrome/81.0.4044.138 Safari/537.36"
::1 - - [09/May/2020:02:18:38 +0000] "GET /api/v1/books/5ea7f00145ff9336583d3c16 HTTP/1.1" 304 - "http://localhost:3000/books/5ea7f00145ff9336583d3c16" "Mozilla/5.0 (Windows NT 10.0; Win64; x64) AppleWebKit/537.36 (KHTML, like Gecko) Chrome/81.0.4044.138 Safari/537.36"
::1 - - [09/May/2020:02:18:47 +0000] "GET /api/v1/books/5ea7f00145ff9336583d3c16 HTTP/1.1" 304 - "http://localhost:3000/books/5ea7f00145ff9336583d3c16" "Mozilla/5.0 (Windows NT 10.0; Win64; x64) AppleWebKit/537.36 (KHTML, like Gecko) Chrome/81.0.4044.138 Safari/537.36"
::1 - - [09/May/2020:02:18:47 +0000] "GET /api/v1/books/5ea7f00145ff9336583d3c16 HTTP/1.1" 304 - "http://localhost:3000/books/5ea7f00145ff9336583d3c16" "Mozilla/5.0 (Windows NT 10.0; Win64; x64) AppleWebKit/537.36 (KHTML, like Gecko) Chrome/81.0.4044.138 Safari/537.36"
::1 - - [09/May/2020:02:18:50 +0000] "GET /api/v1/books/5ea7f00145ff9336583d3c16 HTTP/1.1" 304 - "http://localhost:3000/books/5ea7f00145ff9336583d3c16" "Mozilla/5.0 (Windows NT 10.0; Win64; x64) AppleWebKit/537.36 (KHTML, like Gecko) Chrome/81.0.4044.138 Safari/537.36"
::1 - - [09/May/2020:02:19:09 +0000] "GET /api/v1/books/5ea7f00145ff9336583d3c16 HTTP/1.1" 304 - "http://localhost:3000/books/5ea7f00145ff9336583d3c16" "Mozilla/5.0 (Windows NT 10.0; Win64; x64) AppleWebKit/537.36 (KHTML, like Gecko) Chrome/81.0.4044.138 Safari/537.36"
::1 - - [09/May/2020:02:19:15 +0000] "GET /api/v1/books/5ea7f00145ff9336583d3c16 HTTP/1.1" 304 - "http://localhost:3000/books/5ea7f00145ff9336583d3c16" "Mozilla/5.0 (Windows NT 10.0; Win64; x64) AppleWebKit/537.36 (KHTML, like Gecko) Chrome/81.0.4044.138 Safari/537.36"
::1 - - [09/May/2020:02:19:23 +0000] "GET /api/v1/books/5ea7f00145ff9336583d3c16 HTTP/1.1" 304 - "http://localhost:3000/books/5ea7f00145ff9336583d3c16" "Mozilla/5.0 (Linux; Android 6.0; Nexus 5 Build/MRA58N) AppleWebKit/537.36 (KHTML, like Gecko) Chrome/81.0.4044.138 Mobile Safari/537.36"
::1 - - [09/May/2020:02:20:31 +0000] "GET /api/v1/books/5ea7f00145ff9336583d3c16 HTTP/1.1" 304 - "http://localhost:3000/books/5ea7f00145ff9336583d3c16" "Mozilla/5.0 (Linux; Android 6.0; Nexus 5 Build/MRA58N) AppleWebKit/537.36 (KHTML, like Gecko) Chrome/81.0.4044.138 Mobile Safari/537.36"
::1 - - [09/May/2020:02:20:37 +0000] "GET /api/v1/books/5ea7f00145ff9336583d3c16 HTTP/1.1" 304 - "http://localhost:3000/books/5ea7f00145ff9336583d3c16" "Mozilla/5.0 (Linux; Android 6.0; Nexus 5 Build/MRA58N) AppleWebKit/537.36 (KHTML, like Gecko) Chrome/81.0.4044.138 Mobile Safari/537.36"
::1 - - [09/May/2020:02:20:45 +0000] "GET /api/v1/books/5ea7f00145ff9336583d3c16 HTTP/1.1" 304 - "http://localhost:3000/books/5ea7f00145ff9336583d3c16" "Mozilla/5.0 (Linux; Android 6.0; Nexus 5 Build/MRA58N) AppleWebKit/537.36 (KHTML, like Gecko) Chrome/81.0.4044.138 Mobile Safari/537.36"
::1 - - [09/May/2020:02:21:07 +0000] "GET /api/v1/books/5ea7f00145ff9336583d3c16 HTTP/1.1" 304 - "http://localhost:3000/books/5ea7f00145ff9336583d3c16" "Mozilla/5.0 (Linux; Android 6.0; Nexus 5 Build/MRA58N) AppleWebKit/537.36 (KHTML, like Gecko) Chrome/81.0.4044.138 Mobile Safari/537.36"
::1 - - [09/May/2020:02:21:17 +0000] "GET /api/v1/books/5ea7f00145ff9336583d3c16 HTTP/1.1" 304 - "http://localhost:3000/books/5ea7f00145ff9336583d3c16" "Mozilla/5.0 (Windows NT 10.0; Win64; x64) AppleWebKit/537.36 (KHTML, like Gecko) Chrome/81.0.4044.138 Safari/537.36"
::1 - - [09/May/2020:02:21:27 +0000] "GET /api/v1/books/5ea7f00145ff9336583d3c16 HTTP/1.1" 304 - "http://localhost:3000/books/5ea7f00145ff9336583d3c16" "Mozilla/5.0 (Windows NT 10.0; Win64; x64) AppleWebKit/537.36 (KHTML, like Gecko) Chrome/81.0.4044.138 Safari/537.36"
::1 - - [09/May/2020:02:21:39 +0000] "GET /api/v1/books/5ea7f00145ff9336583d3c16 HTTP/1.1" 304 - "http://localhost:3000/books/5ea7f00145ff9336583d3c16" "Mozilla/5.0 (Windows NT 10.0; Win64; x64) AppleWebKit/537.36 (KHTML, like Gecko) Chrome/81.0.4044.138 Safari/537.36"
::1 - - [09/May/2020:02:22:02 +0000] "GET /api/v1/books/5ea7f00145ff9336583d3c16 HTTP/1.1" 304 - "http://localhost:3000/books/5ea7f00145ff9336583d3c16" "Mozilla/5.0 (Windows NT 10.0; Win64; x64) AppleWebKit/537.36 (KHTML, like Gecko) Chrome/81.0.4044.138 Safari/537.36"
::1 - - [09/May/2020:02:22:12 +0000] "GET /api/v1/books/5ea7f00145ff9336583d3c16 HTTP/1.1" 304 - "http://localhost:3000/books/5ea7f00145ff9336583d3c16" "Mozilla/5.0 (Windows NT 10.0; Win64; x64) AppleWebKit/537.36 (KHTML, like Gecko) Chrome/81.0.4044.138 Safari/537.36"
::1 - - [09/May/2020:02:22:13 +0000] "GET /api/v1/books/5ea7f00145ff9336583d3c16 HTTP/1.1" 304 - "http://localhost:3000/books/5ea7f00145ff9336583d3c16" "Mozilla/5.0 (Windows NT 10.0; Win64; x64) AppleWebKit/537.36 (KHTML, like Gecko) Chrome/81.0.4044.138 Safari/537.36"
::1 - - [09/May/2020:02:22:13 +0000] "GET /api/v1/books/5ea7f00145ff9336583d3c16 HTTP/1.1" 304 - "http://localhost:3000/books/5ea7f00145ff9336583d3c16" "Mozilla/5.0 (Windows NT 10.0; Win64; x64) AppleWebKit/537.36 (KHTML, like Gecko) Chrome/81.0.4044.138 Safari/537.36"
::1 - - [09/May/2020:02:22:15 +0000] "GET /api/v1/books?limit=100 HTTP/1.1" 304 - "http://localhost:3000/books" "Mozilla/5.0 (Windows NT 10.0; Win64; x64) AppleWebKit/537.36 (KHTML, like Gecko) Chrome/81.0.4044.138 Safari/537.36"
::1 - - [09/May/2020:02:22:16 +0000] "GET /api/v1/books/5ea7f00145ff9336583d3c18 HTTP/1.1" 304 - "http://localhost:3000/books/5ea7f00145ff9336583d3c18" "Mozilla/5.0 (Windows NT 10.0; Win64; x64) AppleWebKit/537.36 (KHTML, like Gecko) Chrome/81.0.4044.138 Safari/537.36"
::1 - - [09/May/2020:02:22:44 +0000] "GET /api/v1/books/5ea7f00145ff9336583d3c18 HTTP/1.1" 304 - "http://localhost:3000/books/5ea7f00145ff9336583d3c18" "Mozilla/5.0 (Windows NT 10.0; Win64; x64) AppleWebKit/537.36 (KHTML, like Gecko) Chrome/81.0.4044.138 Safari/537.36"
::1 - - [09/May/2020:02:22:56 +0000] "GET /api/v1/books/5ea7f00145ff9336583d3c18 HTTP/1.1" 304 - "http://localhost:3000/books/5ea7f00145ff9336583d3c18" "Mozilla/5.0 (Windows NT 10.0; Win64; x64) AppleWebKit/537.36 (KHTML, like Gecko) Chrome/81.0.4044.138 Safari/537.36"
::1 - - [09/May/2020:02:23:03 +0000] "GET /api/v1/books/5ea7f00145ff9336583d3c18 HTTP/1.1" 304 - "http://localhost:3000/books/5ea7f00145ff9336583d3c18" "Mozilla/5.0 (Windows NT 10.0; Win64; x64) AppleWebKit/537.36 (KHTML, like Gecko) Chrome/81.0.4044.138 Safari/537.36"
::1 - - [09/May/2020:02:24:20 +0000] "GET /api/v1/books/5ea7f00145ff9336583d3c18 HTTP/1.1" 304 - "http://localhost:3000/books/5ea7f00145ff9336583d3c18" "Mozilla/5.0 (Windows NT 10.0; Win64; x64) AppleWebKit/537.36 (KHTML, like Gecko) Chrome/81.0.4044.138 Safari/537.36"
::1 - - [09/May/2020:02:25:58 +0000] "GET /api/v1/books/5ea7f00145ff9336583d3c16 HTTP/1.1" 304 - "http://localhost:3000/books/5ea7f00145ff9336583d3c16" "Mozilla/5.0 (Windows NT 10.0; Win64; x64) AppleWebKit/537.36 (KHTML, like Gecko) Chrome/81.0.4044.138 Safari/537.36"
::1 - - [09/May/2020:02:28:49 +0000] "GET /api/v1/books?limit=100 HTTP/1.1" 304 - "http://localhost:3000/books" "Mozilla/5.0 (Windows NT 10.0; Win64; x64) AppleWebKit/537.36 (KHTML, like Gecko) Chrome/81.0.4044.138 Safari/537.36"
::1 - - [09/May/2020:02:29:49 +0000] "GET /api/v1/books?limit=100 HTTP/1.1" 304 - "http://localhost:3000/books" "Mozilla/5.0 (Windows NT 10.0; Win64; x64) AppleWebKit/537.36 (KHTML, like Gecko) Chrome/81.0.4044.138 Safari/537.36"
::1 - - [09/May/2020:02:30:02 +0000] "GET /api/v1/books?limit=100 HTTP/1.1" 304 - "http://localhost:3000/books" "Mozilla/5.0 (Windows NT 10.0; Win64; x64) AppleWebKit/537.36 (KHTML, like Gecko) Chrome/81.0.4044.138 Safari/537.36"
::1 - - [09/May/2020:02:30:03 +0000] "GET /api/v1/books/5ea7f00145ff9336583d3c17 HTTP/1.1" 304 - "http://localhost:3000/books/5ea7f00145ff9336583d3c17" "Mozilla/5.0 (Windows NT 10.0; Win64; x64) AppleWebKit/537.36 (KHTML, like Gecko) Chrome/81.0.4044.138 Safari/537.36"
::1 - - [09/May/2020:02:30:06 +0000] "GET /api/v1/books?limit=100 HTTP/1.1" 304 - "http://localhost:3000/books" "Mozilla/5.0 (Windows NT 10.0; Win64; x64) AppleWebKit/537.36 (KHTML, like Gecko) Chrome/81.0.4044.138 Safari/537.36"
::1 - - [09/May/2020:02:30:59 +0000] "GET /api/v1/books?limit=100 HTTP/1.1" 304 - "http://localhost:3000/books" "Mozilla/5.0 (Windows NT 10.0; Win64; x64) AppleWebKit/537.36 (KHTML, like Gecko) Chrome/81.0.4044.138 Safari/537.36"
::1 - - [09/May/2020:02:31:49 +0000] "GET /api/v1/books?limit=100 HTTP/1.1" 304 - "http://localhost:3000/books" "Mozilla/5.0 (Windows NT 10.0; Win64; x64) AppleWebKit/537.36 (KHTML, like Gecko) Chrome/81.0.4044.138 Safari/537.36"
::1 - - [09/May/2020:02:32:11 +0000] "GET /api/v1/books?limit=100 HTTP/1.1" 304 - "http://localhost:3000/books" "Mozilla/5.0 (Windows NT 10.0; Win64; x64) AppleWebKit/537.36 (KHTML, like Gecko) Chrome/81.0.4044.138 Safari/537.36"
::1 - - [09/May/2020:02:32:14 +0000] "GET /api/v1/books/5ea7f00145ff9336583d3c16 HTTP/1.1" 304 - "http://localhost:3000/books/5ea7f00145ff9336583d3c16" "Mozilla/5.0 (Windows NT 10.0; Win64; x64) AppleWebKit/537.36 (KHTML, like Gecko) Chrome/81.0.4044.138 Safari/537.36"
::1 - - [09/May/2020:02:32:16 +0000] "GET /api/v1/books?limit=100 HTTP/1.1" 304 - "http://localhost:3000/books" "Mozilla/5.0 (Windows NT 10.0; Win64; x64) AppleWebKit/537.36 (KHTML, like Gecko) Chrome/81.0.4044.138 Safari/537.36"
::1 - - [09/May/2020:02:32:17 +0000] "GET /api/v1/books/5ea7f00145ff9336583d3c18 HTTP/1.1" 304 - "http://localhost:3000/books/5ea7f00145ff9336583d3c18" "Mozilla/5.0 (Windows NT 10.0; Win64; x64) AppleWebKit/537.36 (KHTML, like Gecko) Chrome/81.0.4044.138 Safari/537.36"
::1 - - [09/May/2020:02:32:18 +0000] "GET /api/v1/books?limit=100 HTTP/1.1" 304 - "http://localhost:3000/books" "Mozilla/5.0 (Windows NT 10.0; Win64; x64) AppleWebKit/537.36 (KHTML, like Gecko) Chrome/81.0.4044.138 Safari/537.36"
::1 - - [09/May/2020:02:34:29 +0000] "GET /api/v1/books?limit=100 HTTP/1.1" 304 - "http://localhost:3000/books" "Mozilla/5.0 (Windows NT 10.0; Win64; x64) AppleWebKit/537.36 (KHTML, like Gecko) Chrome/81.0.4044.138 Safari/537.36"
::1 - - [09/May/2020:02:34:40 +0000] "GET /api/v1/books?limit=100 HTTP/1.1" 304 - "http://localhost:3000/books" "Mozilla/5.0 (Windows NT 10.0; Win64; x64) AppleWebKit/537.36 (KHTML, like Gecko) Chrome/81.0.4044.138 Safari/537.36"
::1 - - [09/May/2020:02:34:42 +0000] "GET /api/v1/books?limit=100 HTTP/1.1" 304 - "http://localhost:3000/books" "Mozilla/5.0 (Windows NT 10.0; Win64; x64) AppleWebKit/537.36 (KHTML, like Gecko) Chrome/81.0.4044.138 Safari/537.36"
::1 - - [09/May/2020:02:35:32 +0000] "GET /api/v1/books?limit=100 HTTP/1.1" 304 - "http://localhost:3000/books" "Mozilla/5.0 (Windows NT 10.0; Win64; x64) AppleWebKit/537.36 (KHTML, like Gecko) Chrome/81.0.4044.138 Safari/537.36"
::1 - - [09/May/2020:04:03:33 +0000] "GET /api/v1/users HTTP/1.1" 200 524 "-" "PostmanRuntime/7.24.1"
::1 - - [09/May/2020:04:04:08 +0000] "GET /api/v1/categories?averagePrice[$lt]=40000 HTTP/1.1" 304 - "-" "Mozilla/5.0 (Windows NT 10.0; Win64; x64) AppleWebKit/537.36 (KHTML, like Gecko) Chrome/81.0.4044.138 Safari/537.36"
::1 - - [09/May/2020:04:04:08 +0000] "GET /favicon.ico HTTP/1.1" 404 150 "http://localhost:8000/api/v1/categories?averagePrice[$lt]=40000" "Mozilla/5.0 (Windows NT 10.0; Win64; x64) AppleWebKit/537.36 (KHTML, like Gecko) Chrome/81.0.4044.138 Safari/537.36"
::1 - - [09/May/2020:04:04:20 +0000] "GET /api/v1/categories?averagePrice[$gt]=40000 HTTP/1.1" 200 457 "-" "Mozilla/5.0 (Windows NT 10.0; Win64; x64) AppleWebKit/537.36 (KHTML, like Gecko) Chrome/81.0.4044.138 Safari/537.36"
::1 - - [09/May/2020:04:04:34 +0000] "GET /api/v1/categories HTTP/1.1" 200 1422 "-" "Mozilla/5.0 (Windows NT 10.0; Win64; x64) AppleWebKit/537.36 (KHTML, like Gecko) Chrome/81.0.4044.138 Safari/537.36"
::1 - - [09/May/2020:04:04:57 +0000] "GET /api/v1/api/v1/users/login HTTP/1.1" 404 164 "-" "Mozilla/5.0 (Windows NT 10.0; Win64; x64) AppleWebKit/537.36 (KHTML, like Gecko) Chrome/81.0.4044.138 Safari/537.36"
::1 - - [09/May/2020:04:07:53 +0000] "POST /api/v1/api/v1/users/login HTTP/1.1" 404 165 "http://localhost:3000/" "Mozilla/5.0 (Linux; Android 6.0; Nexus 5 Build/MRA58N) AppleWebKit/537.36 (KHTML, like Gecko) Chrome/81.0.4044.138 Mobile Safari/537.36"
::1 - - [09/May/2020:04:08:48 +0000] "POST /api/v1/api/v1/users/login HTTP/1.1" 404 165 "http://localhost:3000/" "Mozilla/5.0 (Linux; Android 6.0; Nexus 5 Build/MRA58N) AppleWebKit/537.36 (KHTML, like Gecko) Chrome/81.0.4044.138 Mobile Safari/537.36"
::1 - - [09/May/2020:04:09:10 +0000] "POST /api/v1/users/login HTTP/1.1" 200 444 "http://localhost:3000/" "Mozilla/5.0 (Linux; Android 6.0; Nexus 5 Build/MRA58N) AppleWebKit/537.36 (KHTML, like Gecko) Chrome/81.0.4044.138 Mobile Safari/537.36"
::1 - - [09/May/2020:04:09:31 +0000] "POST /api/v1/users/login HTTP/1.1" 200 444 "-" "PostmanRuntime/7.24.1"
::1 - - [09/May/2020:04:09:43 +0000] "POST /api/v1/users/login HTTP/1.1" 401 123 "http://localhost:3000/" "Mozilla/5.0 (Linux; Android 6.0; Nexus 5 Build/MRA58N) AppleWebKit/537.36 (KHTML, like Gecko) Chrome/81.0.4044.138 Mobile Safari/537.36"
::1 - - [09/May/2020:04:10:04 +0000] "POST /api/v1/users/login HTTP/1.1" 400 120 "http://localhost:3000/" "Mozilla/5.0 (Linux; Android 6.0; Nexus 5 Build/MRA58N) AppleWebKit/537.36 (KHTML, like Gecko) Chrome/81.0.4044.138 Mobile Safari/537.36"
::1 - - [09/May/2020:04:10:44 +0000] "POST /api/v1/users/login HTTP/1.1" 401 123 "http://localhost:3000/" "Mozilla/5.0 (Linux; Android 6.0; Nexus 5 Build/MRA58N) AppleWebKit/537.36 (KHTML, like Gecko) Chrome/81.0.4044.138 Mobile Safari/537.36"
::1 - - [09/May/2020:04:11:20 +0000] "POST /api/v1/users/login HTTP/1.1" 401 123 "http://localhost:3000/" "Mozilla/5.0 (Linux; Android 6.0; Nexus 5 Build/MRA58N) AppleWebKit/537.36 (KHTML, like Gecko) Chrome/81.0.4044.138 Mobile Safari/537.36"
::1 - - [09/May/2020:04:11:54 +0000] "POST /api/v1/users/login HTTP/1.1" 401 123 "http://localhost:3000/" "Mozilla/5.0 (Linux; Android 6.0; Nexus 5 Build/MRA58N) AppleWebKit/537.36 (KHTML, like Gecko) Chrome/81.0.4044.138 Mobile Safari/537.36"
::1 - - [09/May/2020:04:13:13 +0000] "POST /api/v1/users/login HTTP/1.1" 401 123 "http://localhost:3000/" "Mozilla/5.0 (Windows NT 10.0; Win64; x64) AppleWebKit/537.36 (KHTML, like Gecko) Chrome/81.0.4044.138 Safari/537.36"
::1 - - [09/May/2020:04:13:22 +0000] "POST /api/v1/users/login HTTP/1.1" 400 120 "http://localhost:3000/" "Mozilla/5.0 (Windows NT 10.0; Win64; x64) AppleWebKit/537.36 (KHTML, like Gecko) Chrome/81.0.4044.138 Safari/537.36"
::1 - - [09/May/2020:04:13:57 +0000] "POST /api/v1/users/login HTTP/1.1" 401 123 "http://localhost:3000/" "Mozilla/5.0 (Windows NT 10.0; Win64; x64) AppleWebKit/537.36 (KHTML, like Gecko) Chrome/81.0.4044.138 Safari/537.36"
::1 - - [09/May/2020:04:14:03 +0000] "POST /api/v1/users/login HTTP/1.1" 401 123 "http://localhost:3000/" "Mozilla/5.0 (Windows NT 10.0; Win64; x64) AppleWebKit/537.36 (KHTML, like Gecko) Chrome/81.0.4044.138 Safari/537.36"
::1 - - [09/May/2020:04:14:05 +0000] "POST /api/v1/users/login HTTP/1.1" 401 123 "http://localhost:3000/" "Mozilla/5.0 (Windows NT 10.0; Win64; x64) AppleWebKit/537.36 (KHTML, like Gecko) Chrome/81.0.4044.138 Safari/537.36"
::1 - - [09/May/2020:04:14:07 +0000] "POST /api/v1/users/login HTTP/1.1" 401 123 "http://localhost:3000/" "Mozilla/5.0 (Windows NT 10.0; Win64; x64) AppleWebKit/537.36 (KHTML, like Gecko) Chrome/81.0.4044.138 Safari/537.36"
::1 - - [09/May/2020:04:14:14 +0000] "POST /api/v1/users/login HTTP/1.1" 200 444 "http://localhost:3000/" "Mozilla/5.0 (Windows NT 10.0; Win64; x64) AppleWebKit/537.36 (KHTML, like Gecko) Chrome/81.0.4044.138 Safari/537.36"
::1 - - [09/May/2020:04:15:40 +0000] "POST /api/v1/users/login HTTP/1.1" 200 444 "http://localhost:3000/" "Mozilla/5.0 (Linux; Android 6.0; Nexus 5 Build/MRA58N) AppleWebKit/537.36 (KHTML, like Gecko) Chrome/81.0.4044.138 Mobile Safari/537.36"
::1 - - [09/May/2020:04:18:36 +0000] "POST /api/v1/users/login HTTP/1.1" 200 444 "http://localhost:3000/" "Mozilla/5.0 (Linux; Android 6.0; Nexus 5 Build/MRA58N) AppleWebKit/537.36 (KHTML, like Gecko) Chrome/81.0.4044.138 Mobile Safari/537.36"
::1 - - [09/May/2020:04:33:16 +0000] "POST /api/v1/users/login HTTP/1.1" 200 444 "http://localhost:3000/" "Mozilla/5.0 (Windows NT 10.0; Win64; x64) AppleWebKit/537.36 (KHTML, like Gecko) Chrome/81.0.4044.138 Safari/537.36"
::1 - - [09/May/2020:04:34:04 +0000] "POST /api/v1/users/login HTTP/1.1" 200 444 "http://localhost:3000/" "Mozilla/5.0 (Windows NT 10.0; Win64; x64) AppleWebKit/537.36 (KHTML, like Gecko) Chrome/81.0.4044.138 Safari/537.36"
::1 - - [09/May/2020:04:36:17 +0000] "POST /api/v1/users/login HTTP/1.1" 200 444 "http://localhost:3000/" "Mozilla/5.0 (Windows NT 10.0; Win64; x64) AppleWebKit/537.36 (KHTML, like Gecko) Chrome/81.0.4044.138 Safari/537.36"
::1 - - [09/May/2020:04:38:54 +0000] "GET /api/v1/books HTTP/1.1" 304 - "-" "Mozilla/5.0 (Windows NT 10.0; Win64; x64) AppleWebKit/537.36 (KHTML, like Gecko) Chrome/81.0.4044.138 Safari/537.36"
::1 - - [09/May/2020:04:39:08 +0000] "GET /api/v1/books HTTP/1.1" 200 10470 "-" "PostmanRuntime/7.24.1"
::1 - - [09/May/2020:04:40:22 +0000] "POST /api/v1/users/login HTTP/1.1" 200 444 "http://localhost:3000/" "Mozilla/5.0 (Linux; Android 6.0; Nexus 5 Build/MRA58N) AppleWebKit/537.36 (KHTML, like Gecko) Chrome/81.0.4044.138 Mobile Safari/537.36"
::1 - - [09/May/2020:04:40:30 +0000] "GET /api/v1/books HTTP/1.1" 304 - "http://localhost:3000/books" "Mozilla/5.0 (Linux; Android 6.0; Nexus 5 Build/MRA58N) AppleWebKit/537.36 (KHTML, like Gecko) Chrome/81.0.4044.138 Mobile Safari/537.36"
::1 - - [09/May/2020:04:41:18 +0000] "GET /api/v1/books HTTP/1.1" 304 - "http://localhost:3000/books" "Mozilla/5.0 (Linux; Android 6.0; Nexus 5 Build/MRA58N) AppleWebKit/537.36 (KHTML, like Gecko) Chrome/81.0.4044.138 Mobile Safari/537.36"
::1 - - [09/May/2020:04:41:29 +0000] "GET /api/v1/books HTTP/1.1" 304 - "http://localhost:3000/books" "Mozilla/5.0 (Linux; Android 6.0; Nexus 5 Build/MRA58N) AppleWebKit/537.36 (KHTML, like Gecko) Chrome/81.0.4044.138 Mobile Safari/537.36"
::1 - - [09/May/2020:04:42:20 +0000] "GET /api/v1/books HTTP/1.1" 304 - "http://localhost:3000/books" "Mozilla/5.0 (Linux; Android 6.0; Nexus 5 Build/MRA58N) AppleWebKit/537.36 (KHTML, like Gecko) Chrome/81.0.4044.138 Mobile Safari/537.36"
::1 - - [09/May/2020:04:45:07 +0000] "GET /api/v1/books HTTP/1.1" 304 - "http://localhost:3000/books" "Mozilla/5.0 (Linux; Android 6.0; Nexus 5 Build/MRA58N) AppleWebKit/537.36 (KHTML, like Gecko) Chrome/81.0.4044.138 Mobile Safari/537.36"
::1 - - [09/May/2020:04:45:37 +0000] "GET /api/v1/books HTTP/1.1" 304 - "http://localhost:3000/books" "Mozilla/5.0 (Windows NT 10.0; Win64; x64) AppleWebKit/537.36 (KHTML, like Gecko) Chrome/81.0.4044.138 Safari/537.36"
::1 - - [09/May/2020:04:46:10 +0000] "GET /api/v1/books HTTP/1.1" 304 - "http://localhost:3000/books" "Mozilla/5.0 (Windows NT 10.0; Win64; x64) AppleWebKit/537.36 (KHTML, like Gecko) Chrome/81.0.4044.138 Safari/537.36"
::1 - - [09/May/2020:04:46:13 +0000] "GET /api/v1/books HTTP/1.1" 304 - "http://localhost:3000/books" "Mozilla/5.0 (Windows NT 10.0; Win64; x64) AppleWebKit/537.36 (KHTML, like Gecko) Chrome/81.0.4044.138 Safari/537.36"
::1 - - [09/May/2020:04:46:27 +0000] "GET /api/v1/books HTTP/1.1" 304 - "http://localhost:3000/books" "Mozilla/5.0 (Linux; Android 6.0; Nexus 5 Build/MRA58N) AppleWebKit/537.36 (KHTML, like Gecko) Chrome/81.0.4044.138 Mobile Safari/537.36"
::1 - - [09/May/2020:04:46:53 +0000] "GET /api/v1/books HTTP/1.1" 304 - "http://localhost:3000/books" "Mozilla/5.0 (Linux; Android 6.0; Nexus 5 Build/MRA58N) AppleWebKit/537.36 (KHTML, like Gecko) Chrome/81.0.4044.138 Mobile Safari/537.36"
::1 - - [09/May/2020:04:47:33 +0000] "GET /api/v1/books HTTP/1.1" 304 - "http://localhost:3000/books" "Mozilla/5.0 (Windows NT 10.0; Win64; x64) AppleWebKit/537.36 (KHTML, like Gecko) Chrome/81.0.4044.138 Safari/537.36"
::1 - - [09/May/2020:04:47:57 +0000] "GET /api/v1/books?limit=50 HTTP/1.1" 200 33099 "-" "PostmanRuntime/7.24.1"
::1 - - [09/May/2020:04:48:11 +0000] "GET /api/v1/books?limit=50 HTTP/1.1" 200 33099 "http://localhost:3000/books" "Mozilla/5.0 (Windows NT 10.0; Win64; x64) AppleWebKit/537.36 (KHTML, like Gecko) Chrome/81.0.4044.138 Safari/537.36"
::1 - - [09/May/2020:04:49:50 +0000] "GET /api/v1/books?limit=50 HTTP/1.1" 304 - "http://localhost:3000/books" "Mozilla/5.0 (Linux; Android 6.0; Nexus 5 Build/MRA58N) AppleWebKit/537.36 (KHTML, like Gecko) Chrome/81.0.4044.138 Mobile Safari/537.36"
::1 - - [09/May/2020:04:50:21 +0000] "GET /api/v1/books?limit=50 HTTP/1.1" 304 - "http://localhost:3000/books" "Mozilla/5.0 (Windows NT 10.0; Win64; x64) AppleWebKit/537.36 (KHTML, like Gecko) Chrome/81.0.4044.138 Safari/537.36"
::1 - - [09/May/2020:04:51:18 +0000] "GET /api/v1/books?limit=50 HTTP/1.1" 304 - "http://localhost:3000/books" "Mozilla/5.0 (Windows NT 10.0; Win64; x64) AppleWebKit/537.36 (KHTML, like Gecko) Chrome/81.0.4044.138 Safari/537.36"
::1 - - [09/May/2020:04:51:31 +0000] "GET /api/v1/books?limit=50 HTTP/1.1" 304 - "http://localhost:3000/books" "Mozilla/5.0 (Windows NT 10.0; Win64; x64) AppleWebKit/537.36 (KHTML, like Gecko) Chrome/81.0.4044.138 Safari/537.36"
::1 - - [09/May/2020:04:52:09 +0000] "GET /api/v1/books?limit=50 HTTP/1.1" 304 - "http://localhost:3000/books" "Mozilla/5.0 (Windows NT 10.0; Win64; x64) AppleWebKit/537.36 (KHTML, like Gecko) Chrome/81.0.4044.138 Safari/537.36"
::1 - - [09/May/2020:04:52:35 +0000] "GET /api/v1/books?limit=50 HTTP/1.1" 304 - "http://localhost:3000/books" "Mozilla/5.0 (Windows NT 10.0; Win64; x64) AppleWebKit/537.36 (KHTML, like Gecko) Chrome/81.0.4044.138 Safari/537.36"
::1 - - [09/May/2020:04:52:39 +0000] "GET /api/v1/books?limit=50 HTTP/1.1" 304 - "http://localhost:3000/books" "Mozilla/5.0 (Windows NT 10.0; Win64; x64) AppleWebKit/537.36 (KHTML, like Gecko) Chrome/81.0.4044.138 Safari/537.36"
::1 - - [09/May/2020:04:52:45 +0000] "GET /api/v1/books?limit=50 HTTP/1.1" 304 - "http://localhost:3000/books" "Mozilla/5.0 (Windows NT 10.0; Win64; x64) AppleWebKit/537.36 (KHTML, like Gecko) Chrome/81.0.4044.138 Safari/537.36"
::1 - - [09/May/2020:04:53:08 +0000] "GET /api/v1/books?limit=50 HTTP/1.1" 304 - "http://localhost:3000/books" "Mozilla/5.0 (Windows NT 10.0; Win64; x64) AppleWebKit/537.36 (KHTML, like Gecko) Chrome/81.0.4044.138 Safari/537.36"
::1 - - [09/May/2020:04:53:22 +0000] "GET /api/v1/books?limit=50 HTTP/1.1" 304 - "http://localhost:3000/books" "Mozilla/5.0 (Windows NT 10.0; Win64; x64) AppleWebKit/537.36 (KHTML, like Gecko) Chrome/81.0.4044.138 Safari/537.36"
::1 - - [09/May/2020:04:53:45 +0000] "GET /api/v1/books?limit=50 HTTP/1.1" 304 - "http://localhost:3000/books" "Mozilla/5.0 (Windows NT 10.0; Win64; x64) AppleWebKit/537.36 (KHTML, like Gecko) Chrome/81.0.4044.138 Safari/537.36"
::1 - - [09/May/2020:04:54:04 +0000] "GET /api/v1/books?limit=50 HTTP/1.1" 304 - "http://localhost:3000/books" "Mozilla/5.0 (Windows NT 10.0; Win64; x64) AppleWebKit/537.36 (KHTML, like Gecko) Chrome/81.0.4044.138 Safari/537.36"
::1 - - [09/May/2020:04:54:17 +0000] "GET /api/v1/books?limit=50 HTTP/1.1" 304 - "http://localhost:3000/books" "Mozilla/5.0 (Windows NT 10.0; Win64; x64) AppleWebKit/537.36 (KHTML, like Gecko) Chrome/81.0.4044.138 Safari/537.36"
::1 - - [09/May/2020:04:54:42 +0000] "GET /api/v1/books?limit=50 HTTP/1.1" 304 - "http://localhost:3000/books" "Mozilla/5.0 (Windows NT 10.0; Win64; x64) AppleWebKit/537.36 (KHTML, like Gecko) Chrome/81.0.4044.138 Safari/537.36"
::1 - - [09/May/2020:04:55:36 +0000] "GET /api/v1/books?limit=50 HTTP/1.1" 304 - "http://localhost:3000/books" "Mozilla/5.0 (Windows NT 10.0; Win64; x64) AppleWebKit/537.36 (KHTML, like Gecko) Chrome/81.0.4044.138 Safari/537.36"
::1 - - [09/May/2020:04:55:54 +0000] "GET /api/v1/books?limit=50 HTTP/1.1" 304 - "http://localhost:3000/books" "Mozilla/5.0 (Windows NT 10.0; Win64; x64) AppleWebKit/537.36 (KHTML, like Gecko) Chrome/81.0.4044.138 Safari/537.36"
::1 - - [09/May/2020:04:55:58 +0000] "GET /api/v1/books?limit=50 HTTP/1.1" 304 - "http://localhost:3000/books" "Mozilla/5.0 (Windows NT 10.0; Win64; x64) AppleWebKit/537.36 (KHTML, like Gecko) Chrome/81.0.4044.138 Safari/537.36"
::1 - - [09/May/2020:04:56:01 +0000] "GET /api/v1/books?limit=50 HTTP/1.1" 304 - "http://localhost:3000/books" "Mozilla/5.0 (Windows NT 10.0; Win64; x64) AppleWebKit/537.36 (KHTML, like Gecko) Chrome/81.0.4044.138 Safari/537.36"
::1 - - [09/May/2020:04:56:42 +0000] "POST /api/v1/users/login HTTP/1.1" 200 444 "http://localhost:3000/" "Mozilla/5.0 (Windows NT 10.0; Win64; x64) AppleWebKit/537.36 (KHTML, like Gecko) Chrome/81.0.4044.138 Safari/537.36"
::1 - - [09/May/2020:04:57:04 +0000] "POST /api/v1/users/login HTTP/1.1" 200 444 "http://localhost:3000/" "Mozilla/5.0 (Windows NT 10.0; Win64; x64) AppleWebKit/537.36 (KHTML, like Gecko) Chrome/81.0.4044.138 Safari/537.36"
::1 - - [09/May/2020:04:57:05 +0000] "POST /api/v1/users/login HTTP/1.1" 200 444 "http://localhost:3000/" "Mozilla/5.0 (Windows NT 10.0; Win64; x64) AppleWebKit/537.36 (KHTML, like Gecko) Chrome/81.0.4044.138 Safari/537.36"
::1 - - [09/May/2020:04:57:05 +0000] "POST /api/v1/users/login HTTP/1.1" 200 444 "http://localhost:3000/" "Mozilla/5.0 (Windows NT 10.0; Win64; x64) AppleWebKit/537.36 (KHTML, like Gecko) Chrome/81.0.4044.138 Safari/537.36"
::1 - - [09/May/2020:04:57:21 +0000] "POST /api/v1/users/login HTTP/1.1" 200 444 "http://localhost:3000/" "Mozilla/5.0 (Linux; Android 6.0; Nexus 5 Build/MRA58N) AppleWebKit/537.36 (KHTML, like Gecko) Chrome/81.0.4044.138 Mobile Safari/537.36"
::1 - - [09/May/2020:04:58:42 +0000] "GET /api/v1/books?limit=50 HTTP/1.1" 304 - "http://localhost:3000/books" "Mozilla/5.0 (Windows NT 10.0; Win64; x64) AppleWebKit/537.36 (KHTML, like Gecko) Chrome/81.0.4044.138 Safari/537.36"
::1 - - [09/May/2020:04:59:10 +0000] "POST /api/v1/users/login HTTP/1.1" 200 444 "http://localhost:3000/" "Mozilla/5.0 (Windows NT 10.0; Win64; x64) AppleWebKit/537.36 (KHTML, like Gecko) Chrome/81.0.4044.138 Safari/537.36"
::1 - - [09/May/2020:04:59:18 +0000] "GET /api/v1/books?limit=50 HTTP/1.1" 304 - "http://localhost:3000/books" "Mozilla/5.0 (Windows NT 10.0; Win64; x64) AppleWebKit/537.36 (KHTML, like Gecko) Chrome/81.0.4044.138 Safari/537.36"
::1 - - [09/May/2020:05:01:11 +0000] "GET /api/v1/books?limit=50 HTTP/1.1" 304 - "http://localhost:3000/books" "Mozilla/5.0 (Windows NT 10.0; Win64; x64) AppleWebKit/537.36 (KHTML, like Gecko) Chrome/81.0.4044.138 Safari/537.36"
::1 - - [09/May/2020:05:01:33 +0000] "GET /api/v1/books?limit=50 HTTP/1.1" 304 - "http://localhost:3000/books" "Mozilla/5.0 (Windows NT 10.0; Win64; x64) AppleWebKit/537.36 (KHTML, like Gecko) Chrome/81.0.4044.138 Safari/537.36"
::1 - - [09/May/2020:05:01:47 +0000] "GET /api/v1/books?limit=50 HTTP/1.1" 304 - "http://localhost:3000/books" "Mozilla/5.0 (Windows NT 10.0; Win64; x64) AppleWebKit/537.36 (KHTML, like Gecko) Chrome/81.0.4044.138 Safari/537.36"
::1 - - [09/May/2020:05:02:03 +0000] "POST /api/v1/users/login HTTP/1.1" 200 444 "http://localhost:3000/" "Mozilla/5.0 (Windows NT 10.0; Win64; x64) AppleWebKit/537.36 (KHTML, like Gecko) Chrome/81.0.4044.138 Safari/537.36"
::1 - - [09/May/2020:05:02:03 +0000] "GET /api/v1/books?limit=50 HTTP/1.1" 304 - "http://localhost:3000/books" "Mozilla/5.0 (Windows NT 10.0; Win64; x64) AppleWebKit/537.36 (KHTML, like Gecko) Chrome/81.0.4044.138 Safari/537.36"
::1 - - [09/May/2020:05:02:08 +0000] "POST /api/v1/users/login HTTP/1.1" 200 444 "http://localhost:3000/" "Mozilla/5.0 (Windows NT 10.0; Win64; x64) AppleWebKit/537.36 (KHTML, like Gecko) Chrome/81.0.4044.138 Safari/537.36"
::1 - - [09/May/2020:05:02:09 +0000] "GET /api/v1/books?limit=50 HTTP/1.1" 304 - "http://localhost:3000/books" "Mozilla/5.0 (Windows NT 10.0; Win64; x64) AppleWebKit/537.36 (KHTML, like Gecko) Chrome/81.0.4044.138 Safari/537.36"
::1 - - [09/May/2020:05:02:22 +0000] "GET /api/v1/books?limit=50 HTTP/1.1" 304 - "http://localhost:3000/books" "Mozilla/5.0 (Windows NT 10.0; Win64; x64) AppleWebKit/537.36 (KHTML, like Gecko) Chrome/81.0.4044.138 Safari/537.36"
::1 - - [09/May/2020:05:02:26 +0000] "POST /api/v1/users/login HTTP/1.1" 401 123 "http://localhost:3000/" "Mozilla/5.0 (Windows NT 10.0; Win64; x64) AppleWebKit/537.36 (KHTML, like Gecko) Chrome/81.0.4044.138 Safari/537.36"
::1 - - [09/May/2020:05:02:30 +0000] "POST /api/v1/users/login HTTP/1.1" 200 444 "http://localhost:3000/" "Mozilla/5.0 (Windows NT 10.0; Win64; x64) AppleWebKit/537.36 (KHTML, like Gecko) Chrome/81.0.4044.138 Safari/537.36"
::1 - - [09/May/2020:05:02:31 +0000] "GET /api/v1/books?limit=50 HTTP/1.1" 304 - "http://localhost:3000/books" "Mozilla/5.0 (Windows NT 10.0; Win64; x64) AppleWebKit/537.36 (KHTML, like Gecko) Chrome/81.0.4044.138 Safari/537.36"
::1 - - [09/May/2020:05:02:51 +0000] "POST /api/v1/users/login HTTP/1.1" 200 444 "http://localhost:3000/" "Mozilla/5.0 (Windows NT 10.0; Win64; x64) AppleWebKit/537.36 (KHTML, like Gecko) Chrome/81.0.4044.138 Safari/537.36"
::1 - - [09/May/2020:05:02:52 +0000] "GET /api/v1/books?limit=50 HTTP/1.1" 304 - "http://localhost:3000/books" "Mozilla/5.0 (Windows NT 10.0; Win64; x64) AppleWebKit/537.36 (KHTML, like Gecko) Chrome/81.0.4044.138 Safari/537.36"
::1 - - [09/May/2020:05:36:10 +0000] "POST /api/v1/users/login HTTP/1.1" 401 123 "http://localhost:3001/" "Mozilla/5.0 (Windows NT 10.0; Win64; x64) AppleWebKit/537.36 (KHTML, like Gecko) Chrome/81.0.4044.138 Safari/537.36"
::1 - - [09/May/2020:05:36:14 +0000] "POST /api/v1/users/login HTTP/1.1" 200 444 "http://localhost:3001/" "Mozilla/5.0 (Windows NT 10.0; Win64; x64) AppleWebKit/537.36 (KHTML, like Gecko) Chrome/81.0.4044.138 Safari/537.36"
::1 - - [09/May/2020:05:36:14 +0000] "GET /api/v1/books?limit=100 HTTP/1.1" 304 - "http://localhost:3001/books" "Mozilla/5.0 (Windows NT 10.0; Win64; x64) AppleWebKit/537.36 (KHTML, like Gecko) Chrome/81.0.4044.138 Safari/537.36"
::1 - - [09/May/2020:05:36:17 +0000] "GET /api/v1/books/5ea7f00145ff9336583d3c16 HTTP/1.1" 304 - "http://localhost:3001/books/5ea7f00145ff9336583d3c16" "Mozilla/5.0 (Windows NT 10.0; Win64; x64) AppleWebKit/537.36 (KHTML, like Gecko) Chrome/81.0.4044.138 Safari/537.36"
::1 - - [09/May/2020:05:36:19 +0000] "GET /api/v1/books?limit=100 HTTP/1.1" 304 - "http://localhost:3001/books" "Mozilla/5.0 (Windows NT 10.0; Win64; x64) AppleWebKit/537.36 (KHTML, like Gecko) Chrome/81.0.4044.138 Safari/537.36"
::1 - - [09/May/2020:05:36:32 +0000] "POST /api/v1/users/login HTTP/1.1" 200 444 "http://localhost:3000/" "Mozilla/5.0 (Windows NT 10.0; Win64; x64) AppleWebKit/537.36 (KHTML, like Gecko) Chrome/81.0.4044.138 Safari/537.36"
::1 - - [09/May/2020:05:36:32 +0000] "GET /api/v1/books?limit=50 HTTP/1.1" 304 - "http://localhost:3000/books" "Mozilla/5.0 (Windows NT 10.0; Win64; x64) AppleWebKit/537.36 (KHTML, like Gecko) Chrome/81.0.4044.138 Safari/537.36"
::1 - - [09/May/2020:05:37:35 +0000] "GET /api/v1/categories HTTP/1.1" 200 1422 "-" "PostmanRuntime/7.24.1"
::1 - - [09/May/2020:05:37:46 +0000] "GET /api/v1/categories/5e90434cd433fa11b078ed8a/books?select=name%20price&sort=-price&price[$lt]=30000&page=1 HTTP/1.1" 200 438 "-" "PostmanRuntime/7.24.1"
::1 - - [09/May/2020:05:38:04 +0000] "GET /api/v1/books?limit=50 HTTP/1.1" 200 33099 "-" "PostmanRuntime/7.24.1"
::1 - - [09/May/2020:05:39:13 +0000] "POST /api/v1/users/login HTTP/1.1" 200 444 "-" "PostmanRuntime/7.24.1"
::1 - - [09/May/2020:05:39:24 +0000] "POST /api/v1/users/login HTTP/1.1" 401 123 "http://localhost:3001/" "Mozilla/5.0 (Windows NT 10.0; Win64; x64) AppleWebKit/537.36 (KHTML, like Gecko) Chrome/81.0.4044.138 Safari/537.36"
::1 - - [09/May/2020:05:39:32 +0000] "POST /api/v1/users/login HTTP/1.1" 400 120 "http://localhost:3001/" "Mozilla/5.0 (Windows NT 10.0; Win64; x64) AppleWebKit/537.36 (KHTML, like Gecko) Chrome/81.0.4044.138 Safari/537.36"
::1 - - [09/May/2020:05:39:40 +0000] "POST /api/v1/users/login HTTP/1.1" 200 444 "http://localhost:3001/" "Mozilla/5.0 (Windows NT 10.0; Win64; x64) AppleWebKit/537.36 (KHTML, like Gecko) Chrome/81.0.4044.138 Safari/537.36"
::1 - - [09/May/2020:05:39:41 +0000] "GET /api/v1/books?limit=100 HTTP/1.1" 304 - "http://localhost:3001/books" "Mozilla/5.0 (Windows NT 10.0; Win64; x64) AppleWebKit/537.36 (KHTML, like Gecko) Chrome/81.0.4044.138 Safari/537.36"
::1 - - [09/May/2020:05:40:15 +0000] "GET /api/v1/books/5ea7f00145ff9336583d3c16 HTTP/1.1" 304 - "http://localhost:3001/books/5ea7f00145ff9336583d3c16" "Mozilla/5.0 (Windows NT 10.0; Win64; x64) AppleWebKit/537.36 (KHTML, like Gecko) Chrome/81.0.4044.138 Safari/537.36"
::1 - - [09/May/2020:05:40:24 +0000] "GET /api/v1/books?limit=100 HTTP/1.1" 304 - "http://localhost:3001/books" "Mozilla/5.0 (Windows NT 10.0; Win64; x64) AppleWebKit/537.36 (KHTML, like Gecko) Chrome/81.0.4044.138 Safari/537.36"
::1 - - [09/May/2020:05:41:04 +0000] "GET /api/v1/books/5ea7f00145ff9336583d3c16 HTTP/1.1" 304 - "http://localhost:3001/books/5ea7f00145ff9336583d3c16" "Mozilla/5.0 (Windows NT 10.0; Win64; x64) AppleWebKit/537.36 (KHTML, like Gecko) Chrome/81.0.4044.138 Safari/537.36"
::1 - - [09/May/2020:05:41:08 +0000] "GET /api/v1/books?limit=100 HTTP/1.1" 304 - "http://localhost:3001/books" "Mozilla/5.0 (Windows NT 10.0; Win64; x64) AppleWebKit/537.36 (KHTML, like Gecko) Chrome/81.0.4044.138 Safari/537.36"
::1 - - [09/May/2020:05:41:11 +0000] "POST /api/v1/users/login HTTP/1.1" 400 120 "http://localhost:3001/" "Mozilla/5.0 (Windows NT 10.0; Win64; x64) AppleWebKit/537.36 (KHTML, like Gecko) Chrome/81.0.4044.138 Safari/537.36"
::1 - - [09/May/2020:05:51:53 +0000] "GET /api/v1/books?limit=50 HTTP/1.1" 200 33099 "-" "PostmanRuntime/7.24.1"
::1 - - [09/May/2020:05:52:13 +0000] "GET /api/v1/books?limit=2 HTTP/1.1" 200 3988 "-" "PostmanRuntime/7.24.1"
::1 - - [09/May/2020:05:52:22 +0000] "GET /api/v1/categories HTTP/1.1" 200 1422 "-" "PostmanRuntime/7.24.1"
::1 - - [09/May/2020:05:52:45 +0000] "GET /api/v1/categories?select=name%20desciption HTTP/1.1" 200 481 "-" "PostmanRuntime/7.24.1"
::1 - - [09/May/2020:05:52:52 +0000] "GET /api/v1/categories?select=name%20description HTTP/1.1" 200 912 "-" "PostmanRuntime/7.24.1"
::1 - - [09/May/2020:05:53:38 +0000] "GET /api/v1/categories?select=name%20description&page=1&limit=2 HTTP/1.1" 200 517 "-" "PostmanRuntime/7.24.1"
::1 - - [09/May/2020:05:54:10 +0000] "GET /api/v1/categories?select=name%20description&page=2&limit=2 HTTP/1.1" 200 512 "-" "PostmanRuntime/7.24.1"
::1 - - [09/May/2020:09:37:28 +0000] "GET /api/v1/categories HTTP/1.1" 200 1422 "-" "PostmanRuntime/7.24.1"
::1 - - [09/May/2020:09:40:55 +0000] "POST /api/v1/users/login HTTP/1.1" 401 123 "http://localhost:3000/" "Mozilla/5.0 (Windows NT 10.0; Win64; x64) AppleWebKit/537.36 (KHTML, like Gecko) Chrome/81.0.4044.138 Safari/537.36"
::1 - - [09/May/2020:09:41:01 +0000] "POST /api/v1/users/login HTTP/1.1" 401 123 "http://localhost:3000/" "Mozilla/5.0 (Windows NT 10.0; Win64; x64) AppleWebKit/537.36 (KHTML, like Gecko) Chrome/81.0.4044.138 Safari/537.36"
::1 - - [09/May/2020:09:41:03 +0000] "POST /api/v1/users/login HTTP/1.1" 401 123 "http://localhost:3000/" "Mozilla/5.0 (Windows NT 10.0; Win64; x64) AppleWebKit/537.36 (KHTML, like Gecko) Chrome/81.0.4044.138 Safari/537.36"
::1 - - [09/May/2020:09:41:09 +0000] "POST /api/v1/users/login HTTP/1.1" 200 444 "http://localhost:3000/" "Mozilla/5.0 (Windows NT 10.0; Win64; x64) AppleWebKit/537.36 (KHTML, like Gecko) Chrome/81.0.4044.138 Safari/537.36"
::1 - - [09/May/2020:09:41:10 +0000] "GET /api/v1/books?limit=50 HTTP/1.1" 304 - "http://localhost:3000/books" "Mozilla/5.0 (Windows NT 10.0; Win64; x64) AppleWebKit/537.36 (KHTML, like Gecko) Chrome/81.0.4044.138 Safari/537.36"
::1 - - [09/May/2020:09:41:17 +0000] "GET /api/v1/books?limit=50 HTTP/1.1" 304 - "http://localhost:3000/books" "Mozilla/5.0 (Windows NT 10.0; Win64; x64) AppleWebKit/537.36 (KHTML, like Gecko) Chrome/81.0.4044.138 Safari/537.36"
::1 - - [09/May/2020:09:41:55 +0000] "GET /api/v1/books?limit=50 HTTP/1.1" 304 - "http://localhost:3000/books" "Mozilla/5.0 (Windows NT 10.0; Win64; x64) AppleWebKit/537.36 (KHTML, like Gecko) Chrome/81.0.4044.138 Safari/537.36"
::1 - - [09/May/2020:09:42:47 +0000] "GET /api/v1/books?limit=50 HTTP/1.1" 304 - "http://localhost:3000/books" "Mozilla/5.0 (Windows NT 10.0; Win64; x64) AppleWebKit/537.36 (KHTML, like Gecko) Chrome/81.0.4044.138 Safari/537.36"
::1 - - [09/May/2020:09:43:01 +0000] "POST /api/v1/users/login HTTP/1.1" 200 444 "http://localhost:3000/" "Mozilla/5.0 (Windows NT 10.0; Win64; x64) AppleWebKit/537.36 (KHTML, like Gecko) Chrome/81.0.4044.138 Safari/537.36"
::1 - - [09/May/2020:09:43:02 +0000] "GET /api/v1/books?limit=50 HTTP/1.1" 304 - "http://localhost:3000/books" "Mozilla/5.0 (Windows NT 10.0; Win64; x64) AppleWebKit/537.36 (KHTML, like Gecko) Chrome/81.0.4044.138 Safari/537.36"
::1 - - [09/May/2020:09:43:05 +0000] "GET /api/v1/books?limit=50 HTTP/1.1" 304 - "http://localhost:3000/books" "Mozilla/5.0 (Windows NT 10.0; Win64; x64) AppleWebKit/537.36 (KHTML, like Gecko) Chrome/81.0.4044.138 Safari/537.36"
::1 - - [09/May/2020:09:43:08 +0000] "GET /api/v1/books?limit=50 HTTP/1.1" 304 - "http://localhost:3000/books" "Mozilla/5.0 (Windows NT 10.0; Win64; x64) AppleWebKit/537.36 (KHTML, like Gecko) Chrome/81.0.4044.138 Safari/537.36"
::1 - - [09/May/2020:09:43:26 +0000] "POST /api/v1/users/login HTTP/1.1" 200 444 "http://localhost:3000/" "Mozilla/5.0 (Windows NT 10.0; Win64; x64) AppleWebKit/537.36 (KHTML, like Gecko) Chrome/81.0.4044.138 Safari/537.36"
::1 - - [09/May/2020:09:43:26 +0000] "GET /api/v1/books?limit=50 HTTP/1.1" 304 - "http://localhost:3000/books" "Mozilla/5.0 (Windows NT 10.0; Win64; x64) AppleWebKit/537.36 (KHTML, like Gecko) Chrome/81.0.4044.138 Safari/537.36"
::1 - - [09/May/2020:09:43:56 +0000] "POST /api/v1/users/login HTTP/1.1" 200 444 "http://localhost:3000/" "Mozilla/5.0 (Windows NT 10.0; Win64; x64) AppleWebKit/537.36 (KHTML, like Gecko) Chrome/81.0.4044.138 Safari/537.36"
::1 - - [09/May/2020:09:43:57 +0000] "GET /api/v1/books?limit=50 HTTP/1.1" 304 - "http://localhost:3000/books" "Mozilla/5.0 (Windows NT 10.0; Win64; x64) AppleWebKit/537.36 (KHTML, like Gecko) Chrome/81.0.4044.138 Safari/537.36"
::1 - - [09/May/2020:09:44:00 +0000] "GET /api/v1/books?limit=50 HTTP/1.1" 304 - "http://localhost:3000/books" "Mozilla/5.0 (Windows NT 10.0; Win64; x64) AppleWebKit/537.36 (KHTML, like Gecko) Chrome/81.0.4044.138 Safari/537.36"
::1 - - [09/May/2020:09:44:02 +0000] "GET /api/v1/books?limit=50 HTTP/1.1" 304 - "http://localhost:3000/books" "Mozilla/5.0 (Windows NT 10.0; Win64; x64) AppleWebKit/537.36 (KHTML, like Gecko) Chrome/81.0.4044.138 Safari/537.36"
::1 - - [09/May/2020:09:48:18 +0000] "GET /api/v1/books HTTP/1.1" 304 - "-" "Mozilla/5.0 (Windows NT 10.0; Win64; x64) AppleWebKit/537.36 (KHTML, like Gecko) Chrome/81.0.4044.138 Safari/537.36"
::1 - - [09/May/2020:09:48:20 +0000] "GET /favicon.ico HTTP/1.1" 404 150 "http://localhost:8000/api/v1/books" "Mozilla/5.0 (Windows NT 10.0; Win64; x64) AppleWebKit/537.36 (KHTML, like Gecko) Chrome/81.0.4044.138 Safari/537.36"
::1 - - [09/May/2020:09:48:28 +0000] "GET /api/v1/books/5ea7f00145ff9336583d3c16 HTTP/1.1" 304 - "-" "Mozilla/5.0 (Windows NT 10.0; Win64; x64) AppleWebKit/537.36 (KHTML, like Gecko) Chrome/81.0.4044.138 Safari/537.36"
::1 - - [09/May/2020:09:49:52 +0000] "GET /api/v1/books?limit=50 HTTP/1.1" 304 - "http://localhost:3000/books" "Mozilla/5.0 (Windows NT 10.0; Win64; x64) AppleWebKit/537.36 (KHTML, like Gecko) Chrome/81.0.4044.138 Safari/537.36"
::1 - - [09/May/2020:09:50:51 +0000] "GET /api/v1/books/5ea7f00145ff9336583d3c16 HTTP/1.1" 304 - "http://localhost:3000/books/5ea7f00145ff9336583d3c16" "Mozilla/5.0 (Windows NT 10.0; Win64; x64) AppleWebKit/537.36 (KHTML, like Gecko) Chrome/81.0.4044.138 Safari/537.36"
::1 - - [09/May/2020:09:50:57 +0000] "GET /api/v1/books/undefined HTTP/1.1" 500 216 "http://localhost:3000/books/5ea7f00145ff9336583d3c16" "Mozilla/5.0 (Windows NT 10.0; Win64; x64) AppleWebKit/537.36 (KHTML, like Gecko) Chrome/81.0.4044.138 Safari/537.36"
::1 - - [09/May/2020:09:51:07 +0000] "GET /api/v1/books/5ea7f00145ff9336583d3c16 HTTP/1.1" 304 - "http://localhost:3000/books/5ea7f00145ff9336583d3c16" "Mozilla/5.0 (Windows NT 10.0; Win64; x64) AppleWebKit/537.36 (KHTML, like Gecko) Chrome/81.0.4044.138 Safari/537.36"
::1 - - [09/May/2020:09:51:30 +0000] "GET /api/v1/books/5ea7f00145ff9336583d3c16 HTTP/1.1" 304 - "http://localhost:3000/books/5ea7f00145ff9336583d3c16" "Mozilla/5.0 (Windows NT 10.0; Win64; x64) AppleWebKit/537.36 (KHTML, like Gecko) Chrome/81.0.4044.138 Safari/537.36"
::1 - - [09/May/2020:09:52:20 +0000] "GET /api/v1/books/5ea7f00145ff9336583d3c16 HTTP/1.1" 304 - "http://localhost:3000/books/5ea7f00145ff9336583d3c16" "Mozilla/5.0 (Linux; Android 6.0; Nexus 5 Build/MRA58N) AppleWebKit/537.36 (KHTML, like Gecko) Chrome/81.0.4044.138 Mobile Safari/537.36"
::1 - - [09/May/2020:09:53:12 +0000] "GET /api/v1/books/5ea7f00145ff9336583d3c16 HTTP/1.1" 304 - "http://localhost:3000/books/5ea7f00145ff9336583d3c16" "Mozilla/5.0 (Linux; Android 6.0; Nexus 5 Build/MRA58N) AppleWebKit/537.36 (KHTML, like Gecko) Chrome/81.0.4044.138 Mobile Safari/537.36"
::1 - - [09/May/2020:09:53:51 +0000] "GET /api/v1/books/5ea7f00145ff9336583d3c16 HTTP/1.1" 304 - "http://localhost:3000/books/5ea7f00145ff9336583d3c16" "Mozilla/5.0 (Linux; Android 6.0; Nexus 5 Build/MRA58N) AppleWebKit/537.36 (KHTML, like Gecko) Chrome/81.0.4044.138 Mobile Safari/537.36"
::1 - - [09/May/2020:09:53:57 +0000] "GET /api/v1/books/5ea7f00145ff9336583d3c16 HTTP/1.1" 304 - "http://localhost:3000/books/5ea7f00145ff9336583d3c16" "Mozilla/5.0 (Linux; Android 6.0; Nexus 5 Build/MRA58N) AppleWebKit/537.36 (KHTML, like Gecko) Chrome/81.0.4044.138 Mobile Safari/537.36"
::1 - - [09/May/2020:09:54:06 +0000] "GET /api/v1/books/5ea7f00145ff9336583d3c16 HTTP/1.1" 304 - "http://localhost:3000/books/5ea7f00145ff9336583d3c16" "Mozilla/5.0 (Linux; Android 6.0; Nexus 5 Build/MRA58N) AppleWebKit/537.36 (KHTML, like Gecko) Chrome/81.0.4044.138 Mobile Safari/537.36"
::1 - - [09/May/2020:09:54:20 +0000] "GET /api/v1/books/5ea7f00145ff9336583d3c16 HTTP/1.1" 304 - "http://localhost:3000/books/5ea7f00145ff9336583d3c16" "Mozilla/5.0 (Linux; Android 6.0; Nexus 5 Build/MRA58N) AppleWebKit/537.36 (KHTML, like Gecko) Chrome/81.0.4044.138 Mobile Safari/537.36"
::1 - - [09/May/2020:09:55:28 +0000] "GET /api/v1/books/5ea7f00145ff9336583d3c16 HTTP/1.1" 304 - "http://localhost:3000/books/5ea7f00145ff9336583d3c16" "Mozilla/5.0 (Linux; Android 6.0; Nexus 5 Build/MRA58N) AppleWebKit/537.36 (KHTML, like Gecko) Chrome/81.0.4044.138 Mobile Safari/537.36"
::1 - - [09/May/2020:09:55:37 +0000] "GET /api/v1/books/5ea7f00145ff9336583d3c16sdf HTTP/1.1" 500 270 "http://localhost:3000/books/5ea7f00145ff9336583d3c16sdf" "Mozilla/5.0 (Linux; Android 6.0; Nexus 5 Build/MRA58N) AppleWebKit/537.36 (KHTML, like Gecko) Chrome/81.0.4044.138 Mobile Safari/537.36"
::1 - - [09/May/2020:09:56:08 +0000] "GET /api/v1/books/5ea7f00145ff9336583d3c16sdf HTTP/1.1" 500 270 "http://localhost:3000/books/5ea7f00145ff9336583d3c16sdf" "Mozilla/5.0 (Linux; Android 6.0; Nexus 5 Build/MRA58N) AppleWebKit/537.36 (KHTML, like Gecko) Chrome/81.0.4044.138 Mobile Safari/537.36"
::1 - - [09/May/2020:09:56:31 +0000] "GET /api/v1/books/5ea7f00145ff9336583d3c16sdf HTTP/1.1" 500 270 "http://localhost:3000/books/5ea7f00145ff9336583d3c16sdf" "Mozilla/5.0 (Linux; Android 6.0; Nexus 5 Build/MRA58N) AppleWebKit/537.36 (KHTML, like Gecko) Chrome/81.0.4044.138 Mobile Safari/537.36"
::1 - - [09/May/2020:09:56:32 +0000] "GET /api/v1/books/5ea7f00145ff9336583d3c16sdf HTTP/1.1" 500 270 "http://localhost:3000/books/5ea7f00145ff9336583d3c16sdf" "Mozilla/5.0 (Linux; Android 6.0; Nexus 5 Build/MRA58N) AppleWebKit/537.36 (KHTML, like Gecko) Chrome/81.0.4044.138 Mobile Safari/537.36"
::1 - - [09/May/2020:09:57:06 +0000] "GET /api/v1/books/5ea7f00145ff9336583d3c16sdf HTTP/1.1" 500 270 "http://localhost:3000/books/5ea7f00145ff9336583d3c16sdf" "Mozilla/5.0 (Linux; Android 6.0; Nexus 5 Build/MRA58N) AppleWebKit/537.36 (KHTML, like Gecko) Chrome/81.0.4044.138 Mobile Safari/537.36"
::1 - - [09/May/2020:09:57:14 +0000] "GET /api/v1/books/5ea7f00145ff9336583d3c16sdfdssdaf HTTP/1.1" 500 288 "http://localhost:3000/books/5ea7f00145ff9336583d3c16sdfdssdaf" "Mozilla/5.0 (Windows NT 10.0; Win64; x64) AppleWebKit/537.36 (KHTML, like Gecko) Chrome/81.0.4044.138 Safari/537.36"
::1 - - [09/May/2020:09:57:53 +0000] "GET /api/v1/books/5ea7f00145ff9336583d3c16sdfdssdaf HTTP/1.1" 500 288 "http://localhost:3000/books/5ea7f00145ff9336583d3c16sdfdssdaf" "Mozilla/5.0 (Windows NT 10.0; Win64; x64) AppleWebKit/537.36 (KHTML, like Gecko) Chrome/81.0.4044.138 Safari/537.36"
::1 - - [09/May/2020:09:58:04 +0000] "GET /api/v1/books/5ea7f00145ff9336583d3c16 HTTP/1.1" 304 - "http://localhost:3000/books/5ea7f00145ff9336583d3c16" "Mozilla/5.0 (Windows NT 10.0; Win64; x64) AppleWebKit/537.36 (KHTML, like Gecko) Chrome/81.0.4044.138 Safari/537.36"
::1 - - [09/May/2020:09:58:21 +0000] "GET /api/v1/books/5ea7f00145ff9336583d3c16 HTTP/1.1" 304 - "http://localhost:3000/books/5ea7f00145ff9336583d3c16" "Mozilla/5.0 (Windows NT 10.0; Win64; x64) AppleWebKit/537.36 (KHTML, like Gecko) Chrome/81.0.4044.138 Safari/537.36"
::1 - - [09/May/2020:09:58:24 +0000] "GET /api/v1/books/5ea7f00145ff9336583d3c16 HTTP/1.1" 304 - "http://localhost:3000/books/5ea7f00145ff9336583d3c16" "Mozilla/5.0 (Windows NT 10.0; Win64; x64) AppleWebKit/537.36 (KHTML, like Gecko) Chrome/81.0.4044.138 Safari/537.36"
::1 - - [09/May/2020:09:58:30 +0000] "GET /api/v1/books?limit=50 HTTP/1.1" 304 - "http://localhost:3000/books" "Mozilla/5.0 (Windows NT 10.0; Win64; x64) AppleWebKit/537.36 (KHTML, like Gecko) Chrome/81.0.4044.138 Safari/537.36"
::1 - - [09/May/2020:09:58:34 +0000] "GET /api/v1/books/5ea7f00145ff9336583d3c19 HTTP/1.1" 304 - "http://localhost:3000/books/5ea7f00145ff9336583d3c19" "Mozilla/5.0 (Windows NT 10.0; Win64; x64) AppleWebKit/537.36 (KHTML, like Gecko) Chrome/81.0.4044.138 Safari/537.36"
::1 - - [09/May/2020:09:58:36 +0000] "GET /api/v1/books?limit=50 HTTP/1.1" 304 - "http://localhost:3000/books" "Mozilla/5.0 (Windows NT 10.0; Win64; x64) AppleWebKit/537.36 (KHTML, like Gecko) Chrome/81.0.4044.138 Safari/537.36"
::1 - - [09/May/2020:09:58:37 +0000] "GET /api/v1/books/5ea7f00145ff9336583d3c17 HTTP/1.1" 304 - "http://localhost:3000/books/5ea7f00145ff9336583d3c17" "Mozilla/5.0 (Windows NT 10.0; Win64; x64) AppleWebKit/537.36 (KHTML, like Gecko) Chrome/81.0.4044.138 Safari/537.36"
::1 - - [09/May/2020:09:58:41 +0000] "GET /api/v1/books?limit=50 HTTP/1.1" 304 - "http://localhost:3000/books" "Mozilla/5.0 (Windows NT 10.0; Win64; x64) AppleWebKit/537.36 (KHTML, like Gecko) Chrome/81.0.4044.138 Safari/537.36"
::1 - - [09/May/2020:09:58:44 +0000] "GET /api/v1/books/5ea7f00145ff9336583d3c1d HTTP/1.1" 304 - "http://localhost:3000/books/5ea7f00145ff9336583d3c1d" "Mozilla/5.0 (Windows NT 10.0; Win64; x64) AppleWebKit/537.36 (KHTML, like Gecko) Chrome/81.0.4044.138 Safari/537.36"
::1 - - [09/May/2020:10:12:27 +0000] "POST /api/v1/users/login HTTP/1.1" 200 444 "http://localhost:3000/" "Mozilla/5.0 (Windows NT 10.0; Win64; x64) AppleWebKit/537.36 (KHTML, like Gecko) Chrome/81.0.4044.138 Safari/537.36"
::1 - - [09/May/2020:10:12:28 +0000] "GET /api/v1/books?limit=50 HTTP/1.1" 304 - "http://localhost:3000/books" "Mozilla/5.0 (Windows NT 10.0; Win64; x64) AppleWebKit/537.36 (KHTML, like Gecko) Chrome/81.0.4044.138 Safari/537.36"
::1 - - [09/May/2020:10:15:04 +0000] "GET /api/v1/books?limit=50 HTTP/1.1" 304 - "http://localhost:3000/books" "Mozilla/5.0 (Windows NT 10.0; Win64; x64) AppleWebKit/537.36 (KHTML, like Gecko) Chrome/81.0.4044.138 Safari/537.36"
::1 - - [09/May/2020:10:15:05 +0000] "GET /api/v1/books/5ea7f00145ff9336583d3c16 HTTP/1.1" 304 - "http://localhost:3000/books/5ea7f00145ff9336583d3c16" "Mozilla/5.0 (Windows NT 10.0; Win64; x64) AppleWebKit/537.36 (KHTML, like Gecko) Chrome/81.0.4044.138 Safari/537.36"
::1 - - [09/May/2020:10:15:09 +0000] "GET /api/v1/books?limit=50 HTTP/1.1" 304 - "http://localhost:3000/books" "Mozilla/5.0 (Windows NT 10.0; Win64; x64) AppleWebKit/537.36 (KHTML, like Gecko) Chrome/81.0.4044.138 Safari/537.36"
::1 - - [09/May/2020:10:15:10 +0000] "GET /api/v1/books/5ea7f00145ff9336583d3c19 HTTP/1.1" 304 - "http://localhost:3000/books/5ea7f00145ff9336583d3c19" "Mozilla/5.0 (Windows NT 10.0; Win64; x64) AppleWebKit/537.36 (KHTML, like Gecko) Chrome/81.0.4044.138 Safari/537.36"
::1 - - [09/May/2020:10:18:39 +0000] "GET /api/v1/books/5ea7f00145ff9336583d3c19 HTTP/1.1" 304 - "http://localhost:3000/books/5ea7f00145ff9336583d3c19" "Mozilla/5.0 (Windows NT 10.0; Win64; x64) AppleWebKit/537.36 (KHTML, like Gecko) Chrome/81.0.4044.138 Safari/537.36"
::1 - - [09/May/2020:10:18:50 +0000] "GET /api/v1/books/5ea7f00145ff9336583d3c19 HTTP/1.1" 304 - "http://localhost:3000/books/5ea7f00145ff9336583d3c19" "Mozilla/5.0 (Windows NT 10.0; Win64; x64) AppleWebKit/537.36 (KHTML, like Gecko) Chrome/81.0.4044.138 Safari/537.36"
::1 - - [09/May/2020:10:18:59 +0000] "GET /api/v1/books/5ea7f00145ff9336583d3c19 HTTP/1.1" 304 - "http://localhost:3000/books/5ea7f00145ff9336583d3c19" "Mozilla/5.0 (Windows NT 10.0; Win64; x64) AppleWebKit/537.36 (KHTML, like Gecko) Chrome/81.0.4044.138 Safari/537.36"
::1 - - [09/May/2020:10:19:50 +0000] "GET /api/v1/books/5ea7f00145ff9336583d3c19 HTTP/1.1" 304 - "http://localhost:3000/books/5ea7f00145ff9336583d3c19" "Mozilla/5.0 (Windows NT 10.0; Win64; x64) AppleWebKit/537.36 (KHTML, like Gecko) Chrome/81.0.4044.138 Safari/537.36"
::1 - - [09/May/2020:10:20:52 +0000] "GET /api/v1/books/5ea7f00145ff9336583d3c19 HTTP/1.1" 304 - "http://localhost:3000/books/5ea7f00145ff9336583d3c19" "Mozilla/5.0 (Windows NT 10.0; Win64; x64) AppleWebKit/537.36 (KHTML, like Gecko) Chrome/81.0.4044.138 Safari/537.36"
::1 - - [09/May/2020:10:21:25 +0000] "GET /api/v1/books/5ea7f00145ff9336583d3c19 HTTP/1.1" 304 - "http://localhost:3000/books/5ea7f00145ff9336583d3c19" "Mozilla/5.0 (Windows NT 10.0; Win64; x64) AppleWebKit/537.36 (KHTML, like Gecko) Chrome/81.0.4044.138 Safari/537.36"
::1 - - [09/May/2020:10:21:48 +0000] "GET /api/v1/books/5ea7f00145ff9336583d3c19 HTTP/1.1" 304 - "http://localhost:3000/books/5ea7f00145ff9336583d3c19" "Mozilla/5.0 (Windows NT 10.0; Win64; x64) AppleWebKit/537.36 (KHTML, like Gecko) Chrome/81.0.4044.138 Safari/537.36"
::1 - - [09/May/2020:10:22:03 +0000] "GET /api/v1/books/5ea7f00145ff9336583d3c19 HTTP/1.1" 304 - "http://localhost:3000/books/5ea7f00145ff9336583d3c19" "Mozilla/5.0 (Windows NT 10.0; Win64; x64) AppleWebKit/537.36 (KHTML, like Gecko) Chrome/81.0.4044.138 Safari/537.36"
::1 - - [09/May/2020:10:23:23 +0000] "GET /api/v1/books/5ea7f00145ff9336583d3c19 HTTP/1.1" 304 - "http://localhost:3000/books/5ea7f00145ff9336583d3c19" "Mozilla/5.0 (Windows NT 10.0; Win64; x64) AppleWebKit/537.36 (KHTML, like Gecko) Chrome/81.0.4044.138 Safari/537.36"
::1 - - [09/May/2020:10:23:32 +0000] "GET /api/v1/books/5ea7f00145ff9336583d3c19 HTTP/1.1" 304 - "http://localhost:3000/books/5ea7f00145ff9336583d3c19" "Mozilla/5.0 (Windows NT 10.0; Win64; x64) AppleWebKit/537.36 (KHTML, like Gecko) Chrome/81.0.4044.138 Safari/537.36"
::1 - - [09/May/2020:10:23:46 +0000] "GET /api/v1/books/5ea7f00145ff9336583d3c19 HTTP/1.1" 304 - "http://localhost:3000/books/5ea7f00145ff9336583d3c19" "Mozilla/5.0 (Windows NT 10.0; Win64; x64) AppleWebKit/537.36 (KHTML, like Gecko) Chrome/81.0.4044.138 Safari/537.36"
::1 - - [09/May/2020:10:23:49 +0000] "GET /api/v1/books/5ea7f00145ff9336583d3c19 HTTP/1.1" 304 - "http://localhost:3000/books/5ea7f00145ff9336583d3c19" "Mozilla/5.0 (Windows NT 10.0; Win64; x64) AppleWebKit/537.36 (KHTML, like Gecko) Chrome/81.0.4044.138 Safari/537.36"
::1 - - [09/May/2020:10:24:25 +0000] "GET /api/v1/books/5ea7f00145ff9336583d3c19 HTTP/1.1" 304 - "http://localhost:3000/books/5ea7f00145ff9336583d3c19" "Mozilla/5.0 (Windows NT 10.0; Win64; x64) AppleWebKit/537.36 (KHTML, like Gecko) Chrome/81.0.4044.138 Safari/537.36"
::1 - - [09/May/2020:10:24:47 +0000] "GET /api/v1/books/5ea7f00145ff9336583d3c19 HTTP/1.1" 304 - "http://localhost:3000/books/5ea7f00145ff9336583d3c19" "Mozilla/5.0 (Windows NT 10.0; Win64; x64) AppleWebKit/537.36 (KHTML, like Gecko) Chrome/81.0.4044.138 Safari/537.36"
::1 - - [09/May/2020:10:24:51 +0000] "GET /api/v1/books/5ea7f00145ff9336583d3c19 HTTP/1.1" 304 - "http://localhost:3000/books/5ea7f00145ff9336583d3c19" "Mozilla/5.0 (Windows NT 10.0; Win64; x64) AppleWebKit/537.36 (KHTML, like Gecko) Chrome/81.0.4044.138 Safari/537.36"
::1 - - [09/May/2020:10:26:12 +0000] "GET /api/v1/books/5ea7f00145ff9336583d3c19 HTTP/1.1" 304 - "http://localhost:3000/books/5ea7f00145ff9336583d3c19" "Mozilla/5.0 (Windows NT 10.0; Win64; x64) AppleWebKit/537.36 (KHTML, like Gecko) Chrome/81.0.4044.138 Safari/537.36"
::1 - - [09/May/2020:10:26:23 +0000] "GET /api/v1/books/5ea7f00145ff9336583d3c19 HTTP/1.1" 304 - "http://localhost:3000/books/5ea7f00145ff9336583d3c19" "Mozilla/5.0 (Windows NT 10.0; Win64; x64) AppleWebKit/537.36 (KHTML, like Gecko) Chrome/81.0.4044.138 Safari/537.36"
::1 - - [09/May/2020:10:28:10 +0000] "POST /api/v1/users/login HTTP/1.1" 200 444 "http://localhost:3001/" "Mozilla/5.0 (Windows NT 10.0; Win64; x64) AppleWebKit/537.36 (KHTML, like Gecko) Chrome/81.0.4044.138 Safari/537.36"
::1 - - [09/May/2020:10:28:11 +0000] "GET /api/v1/books?limit=100 HTTP/1.1" 304 - "http://localhost:3001/books" "Mozilla/5.0 (Windows NT 10.0; Win64; x64) AppleWebKit/537.36 (KHTML, like Gecko) Chrome/81.0.4044.138 Safari/537.36"
::1 - - [09/May/2020:10:28:12 +0000] "GET /api/v1/books/5ea7f00145ff9336583d3c16 HTTP/1.1" 304 - "http://localhost:3001/books/5ea7f00145ff9336583d3c16" "Mozilla/5.0 (Windows NT 10.0; Win64; x64) AppleWebKit/537.36 (KHTML, like Gecko) Chrome/81.0.4044.138 Safari/537.36"
::1 - - [09/May/2020:10:29:48 +0000] "GET /api/v1/books/5ea7f00145ff9336583d3c19 HTTP/1.1" 304 - "http://localhost:3000/books/5ea7f00145ff9336583d3c19" "Mozilla/5.0 (Windows NT 10.0; Win64; x64) AppleWebKit/537.36 (KHTML, like Gecko) Chrome/81.0.4044.138 Safari/537.36"
::1 - - [09/May/2020:10:29:52 +0000] "GET /api/v1/books/5ea7f00145ff9336583d3c19 HTTP/1.1" 304 - "http://localhost:3000/books/5ea7f00145ff9336583d3c19" "Mozilla/5.0 (Windows NT 10.0; Win64; x64) AppleWebKit/537.36 (KHTML, like Gecko) Chrome/81.0.4044.138 Safari/537.36"
::1 - - [09/May/2020:10:30:29 +0000] "GET /api/v1/books/5ea7f00145ff9336583d3c19 HTTP/1.1" 304 - "http://localhost:3000/books/5ea7f00145ff9336583d3c19" "Mozilla/5.0 (Windows NT 10.0; Win64; x64) AppleWebKit/537.36 (KHTML, like Gecko) Chrome/81.0.4044.138 Safari/537.36"
::1 - - [09/May/2020:10:31:11 +0000] "GET /api/v1/books/5ea7f00145ff9336583d3c19 HTTP/1.1" 304 - "http://localhost:3000/books/5ea7f00145ff9336583d3c19" "Mozilla/5.0 (Windows NT 10.0; Win64; x64) AppleWebKit/537.36 (KHTML, like Gecko) Chrome/81.0.4044.138 Safari/537.36"
::1 - - [09/May/2020:10:31:19 +0000] "GET /api/v1/books/5ea7f00145ff9336583d3c19 HTTP/1.1" 304 - "http://localhost:3000/books/5ea7f00145ff9336583d3c19" "Mozilla/5.0 (Windows NT 10.0; Win64; x64) AppleWebKit/537.36 (KHTML, like Gecko) Chrome/81.0.4044.138 Safari/537.36"
::1 - - [09/May/2020:10:31:31 +0000] "GET /api/v1/books/5ea7f00145ff9336583d3c19 HTTP/1.1" 304 - "http://localhost:3000/books/5ea7f00145ff9336583d3c19" "Mozilla/5.0 (Windows NT 10.0; Win64; x64) AppleWebKit/537.36 (KHTML, like Gecko) Chrome/81.0.4044.138 Safari/537.36"
::1 - - [09/May/2020:10:32:07 +0000] "GET /api/v1/books/5ea7f00145ff9336583d3c19 HTTP/1.1" 304 - "http://localhost:3000/books/5ea7f00145ff9336583d3c19" "Mozilla/5.0 (Windows NT 10.0; Win64; x64) AppleWebKit/537.36 (KHTML, like Gecko) Chrome/81.0.4044.138 Safari/537.36"
::1 - - [09/May/2020:10:32:28 +0000] "GET /api/v1/books?limit=50 HTTP/1.1" 304 - "http://localhost:3000/books" "Mozilla/5.0 (Windows NT 10.0; Win64; x64) AppleWebKit/537.36 (KHTML, like Gecko) Chrome/81.0.4044.138 Safari/537.36"
::1 - - [09/May/2020:10:32:46 +0000] "GET /api/v1/books?limit=50 HTTP/1.1" 304 - "http://localhost:3000/books" "Mozilla/5.0 (Windows NT 10.0; Win64; x64) AppleWebKit/537.36 (KHTML, like Gecko) Chrome/81.0.4044.138 Safari/537.36"
::1 - - [09/May/2020:10:32:47 +0000] "GET /api/v1/books/5ea7f00145ff9336583d3c16 HTTP/1.1" 304 - "http://localhost:3000/books/5ea7f00145ff9336583d3c16" "Mozilla/5.0 (Windows NT 10.0; Win64; x64) AppleWebKit/537.36 (KHTML, like Gecko) Chrome/81.0.4044.138 Safari/537.36"
::1 - - [09/May/2020:10:32:48 +0000] "GET /api/v1/books?limit=50 HTTP/1.1" 304 - "http://localhost:3000/books" "Mozilla/5.0 (Windows NT 10.0; Win64; x64) AppleWebKit/537.36 (KHTML, like Gecko) Chrome/81.0.4044.138 Safari/537.36"
::1 - - [09/May/2020:10:32:50 +0000] "GET /api/v1/books/5ea7f00145ff9336583d3c19 HTTP/1.1" 304 - "http://localhost:3000/books/5ea7f00145ff9336583d3c19" "Mozilla/5.0 (Windows NT 10.0; Win64; x64) AppleWebKit/537.36 (KHTML, like Gecko) Chrome/81.0.4044.138 Safari/537.36"
::1 - - [09/May/2020:10:32:51 +0000] "GET /api/v1/books?limit=50 HTTP/1.1" 304 - "http://localhost:3000/books" "Mozilla/5.0 (Windows NT 10.0; Win64; x64) AppleWebKit/537.36 (KHTML, like Gecko) Chrome/81.0.4044.138 Safari/537.36"
::1 - - [09/May/2020:10:32:54 +0000] "GET /api/v1/books/5ea7f00145ff9336583d3c1c HTTP/1.1" 200 1325 "http://localhost:3000/books/5ea7f00145ff9336583d3c1c" "Mozilla/5.0 (Windows NT 10.0; Win64; x64) AppleWebKit/537.36 (KHTML, like Gecko) Chrome/81.0.4044.138 Safari/537.36"
