::1 - - [07/May/2020:04:56:26 +0000] "POST /api/v1/comments HTTP/1.1" 500 898 "-" "PostmanRuntime/7.24.1"
::1 - - [07/May/2020:04:56:38 +0000] "POST /api/v1/comments HTTP/1.1" 200 159 "-" "PostmanRuntime/7.24.1"
::1 - - [07/May/2020:05:09:12 +0000] "POST /api/v1/comments HTTP/1.1" 500 950 "-" "PostmanRuntime/7.24.1"
::1 - - [07/May/2020:05:09:32 +0000] "POST /api/v1/comments HTTP/1.1" 200 162 "-" "PostmanRuntime/7.24.1"
::1 - - [07/May/2020:05:13:39 +0000] "POST /api/v1/comments HTTP/1.1" 200 162 "-" "PostmanRuntime/7.24.1"
::1 - - [07/May/2020:05:13:53 +0000] "POST /api/v1/comments HTTP/1.1" 200 162 "-" "PostmanRuntime/7.24.1"
::1 - - [07/May/2020:05:14:57 +0000] "POST /api/v1/comments HTTP/1.1" 200 162 "-" "PostmanRuntime/7.24.1"
::1 - - [07/May/2020:05:15:31 +0000] "POST /api/v1/comments HTTP/1.1" 200 162 "-" "PostmanRuntime/7.24.1"
::1 - - [07/May/2020:05:15:46 +0000] "POST /api/v1/comments HTTP/1.1" 200 162 "-" "PostmanRuntime/7.24.1"
::1 - - [07/May/2020:05:15:53 +0000] "POST /api/v1/comments HTTP/1.1" 200 162 "-" "PostmanRuntime/7.24.1"
::1 - - [07/May/2020:05:16:29 +0000] "POST /api/v1/comments HTTP/1.1" 200 162 "-" "PostmanRuntime/7.24.1"
::1 - - [07/May/2020:05:17:19 +0000] "POST /api/v1/comments HTTP/1.1" 500 71 "-" "PostmanRuntime/7.24.1"
::1 - - [07/May/2020:05:17:30 +0000] "POST /api/v1/comments HTTP/1.1" 500 71 "-" "PostmanRuntime/7.24.1"
::1 - - [07/May/2020:05:17:48 +0000] "POST /api/v1/comments HTTP/1.1" 500 71 "-" "PostmanRuntime/7.24.1"
::1 - - [07/May/2020:05:17:57 +0000] "POST /api/v1/comments HTTP/1.1" 500 1314 "-" "PostmanRuntime/7.24.1"
::1 - - [07/May/2020:05:18:04 +0000] "POST /api/v1/comments HTTP/1.1" 500 536 "-" "PostmanRuntime/7.24.1"
::1 - - [07/May/2020:05:18:20 +0000] "POST /api/v1/comments HTTP/1.1" 200 150 "-" "PostmanRuntime/7.24.1"
::1 - - [07/May/2020:05:18:40 +0000] "POST /api/v1/comments HTTP/1.1" 200 162 "-" "PostmanRuntime/7.24.1"
::1 - - [07/May/2020:05:23:40 +0000] "POST /api/v1/comments HTTP/1.1" 500 556 "-" "PostmanRuntime/7.24.1"
::1 - - [07/May/2020:05:23:51 +0000] "POST /api/v1/comments HTTP/1.1" 200 150 "-" "PostmanRuntime/7.24.1"
::1 - - [07/May/2020:05:25:10 +0000] "POST /api/v1/comments HTTP/1.1" 200 160 "-" "PostmanRuntime/7.24.1"
::1 - - [07/May/2020:05:25:29 +0000] "POST /api/v1/comments HTTP/1.1" 500 578 "-" "PostmanRuntime/7.24.1"
::1 - - [07/May/2020:05:26:10 +0000] "POST /api/v1/comments HTTP/1.1" 200 160 "-" "PostmanRuntime/7.24.1"
::1 - - [07/May/2020:05:30:31 +0000] "POST /api/v1/comments HTTP/1.1" 200 162 "-" "PostmanRuntime/7.24.1"
::1 - - [07/May/2020:05:37:48 +0000] "POST /api/v1/comments HTTP/1.1" 500 538 "-" "PostmanRuntime/7.24.1"
::1 - - [07/May/2020:05:38:57 +0000] "POST /api/v1/comments HTTP/1.1" 200 178 "-" "PostmanRuntime/7.24.1"
::1 - - [07/May/2020:05:39:12 +0000] "POST /api/v1/comments HTTP/1.1" 500 646 "-" "PostmanRuntime/7.24.1"
::1 - - [08/May/2020:00:51:29 +0000] "GET /api/v1/books HTTP/1.1" 200 10470 "-" "PostmanRuntime/7.24.1"
::1 - - [08/May/2020:01:35:15 +0000] "OPTIONS /api/v1/users/login HTTP/1.1" 401 252 "http://localhost:3000/login" "Mozilla/5.0 (Windows NT 10.0; Win64; x64) AppleWebKit/537.36 (KHTML, like Gecko) Chrome/81.0.4044.129 Safari/537.36"
::1 - - [08/May/2020:01:35:16 +0000] "OPTIONS /api/v1/users/login HTTP/1.1" 401 252 "http://localhost:3000/login" "Mozilla/5.0 (Windows NT 10.0; Win64; x64) AppleWebKit/537.36 (KHTML, like Gecko) Chrome/81.0.4044.129 Safari/537.36"
::1 - - [08/May/2020:01:35:42 +0000] "OPTIONS /api/v1/users/login HTTP/1.1" 401 252 "http://localhost:3000/login" "Mozilla/5.0 (Windows NT 10.0; Win64; x64) AppleWebKit/537.36 (KHTML, like Gecko) Chrome/81.0.4044.129 Safari/537.36"
::1 - - [08/May/2020:01:36:50 +0000] "OPTIONS /api/v1/users/login HTTP/1.1" 401 252 "http://localhost:3000/login" "Mozilla/5.0 (Windows NT 10.0; Win64; x64) AppleWebKit/537.36 (KHTML, like Gecko) Chrome/81.0.4044.129 Safari/537.36"
::1 - - [08/May/2020:01:37:18 +0000] "OPTIONS /api/v1/users/login HTTP/1.1" 401 252 "http://localhost:3000/login" "Mozilla/5.0 (Windows NT 10.0; Win64; x64) AppleWebKit/537.36 (KHTML, like Gecko) Chrome/81.0.4044.129 Safari/537.36"
::1 - - [08/May/2020:01:37:19 +0000] "OPTIONS /api/v1/users/login HTTP/1.1" 401 252 "http://localhost:3000/login" "Mozilla/5.0 (Windows NT 10.0; Win64; x64) AppleWebKit/537.36 (KHTML, like Gecko) Chrome/81.0.4044.129 Safari/537.36"
::1 - - [08/May/2020:01:37:20 +0000] "OPTIONS /api/v1/users/login HTTP/1.1" 401 252 "http://localhost:3000/login" "Mozilla/5.0 (Windows NT 10.0; Win64; x64) AppleWebKit/537.36 (KHTML, like Gecko) Chrome/81.0.4044.129 Safari/537.36"
::1 - - [08/May/2020:08:35:34 +0000] "GET /api/v1/comments?select=userId%20bookId%20comment&sort=-userId&limit=5&page=2 HTTP/1.1" 500 364 "-" "PostmanRuntime/7.24.1"
::1 - - [08/May/2020:08:35:57 +0000] "GET /api/v1/comments?select=userId%20bookId%20comment&sort=-userId&limit=5&page=2 HTTP/1.1" 200 440 "-" "PostmanRuntime/7.24.1"
::1 - - [08/May/2020:08:40:43 +0000] "POST /api/v1/users/login HTTP/1.1" 401 123 "http://localhost:3000/login" "Mozilla/5.0 (Windows NT 10.0; Win64; x64) AppleWebKit/537.36 (KHTML, like Gecko) Chrome/81.0.4044.138 Safari/537.36"
::1 - - [08/May/2020:08:40:44 +0000] "POST /api/v1/users/login HTTP/1.1" 401 123 "http://localhost:3000/login" "Mozilla/5.0 (Windows NT 10.0; Win64; x64) AppleWebKit/537.36 (KHTML, like Gecko) Chrome/81.0.4044.138 Safari/537.36"
::1 - - [08/May/2020:08:41:11 +0000] "POST /api/v1/users/login HTTP/1.1" 401 123 "http://localhost:3000/login" "Mozilla/5.0 (Windows NT 10.0; Win64; x64) AppleWebKit/537.36 (KHTML, like Gecko) Chrome/81.0.4044.138 Safari/537.36"
::1 - - [08/May/2020:08:42:46 +0000] "POST /api/v1/users/login HTTP/1.1" 401 123 "http://localhost:3000/login" "Mozilla/5.0 (Windows NT 10.0; Win64; x64) AppleWebKit/537.36 (KHTML, like Gecko) Chrome/81.0.4044.138 Safari/537.36"
::1 - - [08/May/2020:08:43:29 +0000] "POST /api/v1/users/login HTTP/1.1" 200 444 "-" "PostmanRuntime/7.24.1"
::1 - - [08/May/2020:08:43:55 +0000] "POST /api/v1/users/login HTTP/1.1" 401 123 "http://localhost:3000/login" "Mozilla/5.0 (Windows NT 10.0; Win64; x64) AppleWebKit/537.36 (KHTML, like Gecko) Chrome/81.0.4044.138 Safari/537.36"
::1 - - [08/May/2020:08:46:02 +0000] "GET //api/v1/users HTTP/1.1" 404 152 "-" "Mozilla/5.0 (Windows NT 10.0; Win64; x64) AppleWebKit/537.36 (KHTML, like Gecko) Chrome/81.0.4044.138 Safari/537.36"
::1 - - [08/May/2020:08:46:57 +0000] "GET /api/v1/books HTTP/1.1" 200 10470 "-" "PostmanRuntime/7.24.1"
::1 - - [08/May/2020:08:48:19 +0000] "GET /api/v1/books HTTP/1.1" 200 10470 "-" "Mozilla/5.0 (Windows NT 10.0; Win64; x64) AppleWebKit/537.36 (KHTML, like Gecko) Chrome/81.0.4044.138 Safari/537.36"
::1 - - [08/May/2020:08:48:19 +0000] "GET /favicon.ico HTTP/1.1" 404 150 "http://localhost:8000/api/v1/books" "Mozilla/5.0 (Windows NT 10.0; Win64; x64) AppleWebKit/537.36 (KHTML, like Gecko) Chrome/81.0.4044.138 Safari/537.36"
::1 - - [08/May/2020:08:48:24 +0000] "GET /api/v1/books HTTP/1.1" 200 10470 "-" "PostmanRuntime/7.24.1"
::1 - - [08/May/2020:08:48:40 +0000] "GET /api/v1/categories/5e90478549941f52dcb01b34/books HTTP/1.1" 200 2792 "-" "PostmanRuntime/7.24.1"
::1 - - [08/May/2020:08:48:45 +0000] "GET /api/v1/books/5e9d481d01d2c0386862d04b HTTP/1.1" 404 125 "-" "PostmanRuntime/7.24.1"
::1 - - [08/May/2020:08:50:08 +0000] "GET /api/v1/books?select=name%20price&sort=-price&price[$gt]=20000 HTTP/1.1" 200 1547 "-" "PostmanRuntime/7.24.1"
::1 - - [08/May/2020:08:50:25 +0000] "GET /api/v1/books?select=name%20price&sort=-price&price[$gt]=20000 HTTP/1.1" 200 1547 "-" "PostmanRuntime/7.24.1"
::1 - - [08/May/2020:08:50:29 +0000] "GET /api/v1/categories/5e90478549941f52dcb01b34/books HTTP/1.1" 200 2792 "-" "PostmanRuntime/7.24.1"
::1 - - [08/May/2020:08:50:34 +0000] "GET /api/v1/books HTTP/1.1" 200 10470 "-" "PostmanRuntime/7.24.1"
::1 - - [08/May/2020:09:04:40 +0000] "GET /api/v1/books HTTP/1.1" 200 10470 "-" "PostmanRuntime/7.24.1"
::1 - - [08/May/2020:09:04:46 +0000] "GET /api/v1/books?select=name%20price&sort=-price&price[$gt]=20000 HTTP/1.1" 200 1547 "-" "PostmanRuntime/7.24.1"
::1 - - [08/May/2020:09:04:47 +0000] "GET /api/v1/books?select=name%20price&sort=-price&price[$gt]=20000 HTTP/1.1" 200 1547 "-" "PostmanRuntime/7.24.1"
::1 - - [08/May/2020:09:04:50 +0000] "GET /api/v1/books HTTP/1.1" 200 10470 "-" "PostmanRuntime/7.24.1"
::1 - - [08/May/2020:09:05:03 +0000] "GET /api/v1/books HTTP/1.1" 304 - "-" "Mozilla/5.0 (Windows NT 10.0; Win64; x64) AppleWebKit/537.36 (KHTML, like Gecko) Chrome/81.0.4044.138 Safari/537.36"
::1 - - [08/May/2020:09:05:11 +0000] "GET /api/v1/books?page=2 HTTP/1.1" 200 9347 "-" "Mozilla/5.0 (Windows NT 10.0; Win64; x64) AppleWebKit/537.36 (KHTML, like Gecko) Chrome/81.0.4044.138 Safari/537.36"
::1 - - [08/May/2020:09:05:16 +0000] "GET /api/v1/books?page=3 HTTP/1.1" 200 8162 "-" "Mozilla/5.0 (Windows NT 10.0; Win64; x64) AppleWebKit/537.36 (KHTML, like Gecko) Chrome/81.0.4044.138 Safari/537.36"
::1 - - [08/May/2020:09:05:28 +0000] "OPTIONS /api/v1/users/login HTTP/1.1" 401 252 "http://localhost:3000/login" "Mozilla/5.0 (Windows NT 10.0; Win64; x64) AppleWebKit/537.36 (KHTML, like Gecko) Chrome/81.0.4044.138 Safari/537.36"
::1 - - [08/May/2020:09:05:53 +0000] "OPTIONS /api/v1/users/login HTTP/1.1" 401 252 "http://localhost:3000/login" "Mozilla/5.0 (Windows NT 10.0; Win64; x64) AppleWebKit/537.36 (KHTML, like Gecko) Chrome/81.0.4044.138 Safari/537.36"
::1 - - [08/May/2020:09:06:02 +0000] "POST /api/v1/users/login HTTP/1.1" 200 444 "-" "PostmanRuntime/7.24.1"
::1 - - [08/May/2020:09:06:45 +0000] "OPTIONS /api/v1/users/login HTTP/1.1" 401 252 "http://localhost:3000/login" "Mozilla/5.0 (Windows NT 10.0; Win64; x64) AppleWebKit/537.36 (KHTML, like Gecko) Chrome/81.0.4044.138 Safari/537.36"
::1 - - [08/May/2020:09:08:24 +0000] "GET /api/v1/categories?averagePrice[$lt]=40000&select=name%20slug%20description HTTP/1.1" 200 743 "-" "Mozilla/5.0 (Windows NT 10.0; Win64; x64) AppleWebKit/537.36 (KHTML, like Gecko) Chrome/81.0.4044.138 Safari/537.36"
::1 - - [08/May/2020:09:12:19 +0000] "GET /api/v1/categories?averagePrice[$lt]=40000&select=name%20slug%20description HTTP/1.1" 304 - "-" "Mozilla/5.0 (Windows NT 10.0; Win64; x64) AppleWebKit/537.36 (KHTML, like Gecko) Chrome/81.0.4044.138 Safari/537.36"
::1 - - [08/May/2020:09:12:26 +0000] "GET /api/v1/categories?averagePrice[$lt]=40000 HTTP/1.1" 200 1058 "-" "Mozilla/5.0 (Windows NT 10.0; Win64; x64) AppleWebKit/537.36 (KHTML, like Gecko) Chrome/81.0.4044.138 Safari/537.36"
::1 - - [08/May/2020:09:13:28 +0000] "GET /api/v1/categories?averagePrice[$lt]=40000 HTTP/1.1" 304 - "http://localhost:3000/login" "Mozilla/5.0 (Windows NT 10.0; Win64; x64) AppleWebKit/537.36 (KHTML, like Gecko) Chrome/81.0.4044.138 Safari/537.36"
::1 - - [08/May/2020:09:13:47 +0000] "GET /api/v1/categories?averagePrice[$lt]=40000 HTTP/1.1" 304 - "-" "Mozilla/5.0 (Windows NT 10.0; Win64; x64) AppleWebKit/537.36 (KHTML, like Gecko) Chrome/81.0.4044.138 Safari/537.36"
::1 - - [08/May/2020:09:14:18 +0000] "GET /api/v1/categories?averagePrice[$lt]=40000 HTTP/1.1" 304 - "http://localhost:3000/login" "Mozilla/5.0 (Windows NT 10.0; Win64; x64) AppleWebKit/537.36 (KHTML, like Gecko) Chrome/81.0.4044.138 Safari/537.36"
::1 - - [08/May/2020:09:14:39 +0000] "GET /api/v1/categories?averagePrice[$lt]=40000 HTTP/1.1" 304 - "http://localhost:3000/login" "Mozilla/5.0 (Windows NT 10.0; Win64; x64) AppleWebKit/537.36 (KHTML, like Gecko) Chrome/81.0.4044.138 Safari/537.36"
::1 - - [08/May/2020:09:16:11 +0000] "POST /api/v1/users/login HTTP/1.1" 401 123 "http://localhost:3000/login" "Mozilla/5.0 (Windows NT 10.0; Win64; x64) AppleWebKit/537.36 (KHTML, like Gecko) Chrome/81.0.4044.138 Safari/537.36"
::1 - - [08/May/2020:09:18:37 +0000] "POST /api/v1/users/login HTTP/1.1" 200 444 "http://localhost:3000/login" "Mozilla/5.0 (Windows NT 10.0; Win64; x64) AppleWebKit/537.36 (KHTML, like Gecko) Chrome/81.0.4044.138 Safari/537.36"
::1 - - [08/May/2020:09:20:14 +0000] "POST /api/v1/users/login HTTP/1.1" 200 444 "http://localhost:3000/login" "Mozilla/5.0 (Windows NT 10.0; Win64; x64) AppleWebKit/537.36 (KHTML, like Gecko) Chrome/81.0.4044.138 Safari/537.36"
::1 - - [08/May/2020:09:20:49 +0000] "POST /api/v1/users/login HTTP/1.1" 200 444 "http://localhost:3000/login" "Mozilla/5.0 (Windows NT 10.0; Win64; x64) AppleWebKit/537.36 (KHTML, like Gecko) Chrome/81.0.4044.138 Safari/537.36"
::1 - - [08/May/2020:09:21:20 +0000] "POST /api/v1/users/login HTTP/1.1" 401 123 "http://localhost:3000/login" "Mozilla/5.0 (Windows NT 10.0; Win64; x64) AppleWebKit/537.36 (KHTML, like Gecko) Chrome/81.0.4044.138 Safari/537.36"
::1 - - [08/May/2020:09:21:37 +0000] "POST /api/v1/users/login HTTP/1.1" 401 123 "http://localhost:3000/login" "Mozilla/5.0 (Windows NT 10.0; Win64; x64) AppleWebKit/537.36 (KHTML, like Gecko) Chrome/81.0.4044.138 Safari/537.36"
::1 - - [08/May/2020:09:25:32 +0000] "POST /api/v1/users/login HTTP/1.1" 200 444 "http://localhost:3000/login" "Mozilla/5.0 (Windows NT 10.0; Win64; x64) AppleWebKit/537.36 (KHTML, like Gecko) Chrome/81.0.4044.138 Safari/537.36"
::1 - - [08/May/2020:09:26:22 +0000] "POST /api/v1/users/login HTTP/1.1" 200 444 "http://localhost:3000/login" "Mozilla/5.0 (Windows NT 10.0; Win64; x64) AppleWebKit/537.36 (KHTML, like Gecko) Chrome/81.0.4044.138 Safari/537.36"
::1 - - [08/May/2020:09:26:51 +0000] "POST /api/v1/users/login HTTP/1.1" 200 444 "http://localhost:3000/login" "Mozilla/5.0 (Windows NT 10.0; Win64; x64) AppleWebKit/537.36 (KHTML, like Gecko) Chrome/81.0.4044.138 Safari/537.36"
::1 - - [08/May/2020:09:27:48 +0000] "POST /api/v1/users/login HTTP/1.1" 200 444 "http://localhost:3000/login" "Mozilla/5.0 (Windows NT 10.0; Win64; x64) AppleWebKit/537.36 (KHTML, like Gecko) Chrome/81.0.4044.138 Safari/537.36"
::1 - - [08/May/2020:09:31:06 +0000] "POST /api/v1/users/login HTTP/1.1" 200 444 "http://localhost:3000/login" "Mozilla/5.0 (Windows NT 10.0; Win64; x64) AppleWebKit/537.36 (KHTML, like Gecko) Chrome/81.0.4044.138 Safari/537.36"
::1 - - [08/May/2020:09:31:49 +0000] "POST /api/v1/users/login HTTP/1.1" 200 444 "http://localhost:3000/login" "Mozilla/5.0 (Windows NT 10.0; Win64; x64) AppleWebKit/537.36 (KHTML, like Gecko) Chrome/81.0.4044.138 Safari/537.36"
::1 - - [08/May/2020:09:32:25 +0000] "POST /api/v1/users/login HTTP/1.1" 200 444 "http://localhost:3000/login" "Mozilla/5.0 (Windows NT 10.0; Win64; x64) AppleWebKit/537.36 (KHTML, like Gecko) Chrome/81.0.4044.138 Safari/537.36"
::1 - - [08/May/2020:13:28:12 +0000] "POST /api/v1/users/login HTTP/1.1" 200 444 "http://localhost:3000/login" "Mozilla/5.0 (Windows NT 10.0; Win64; x64) AppleWebKit/537.36 (KHTML, like Gecko) Chrome/81.0.4044.138 Safari/537.36"
::1 - - [08/May/2020:13:30:09 +0000] "POST /api/v1/users/login HTTP/1.1" 200 444 "http://localhost:3000/login" "Mozilla/5.0 (Windows NT 10.0; Win64; x64) AppleWebKit/537.36 (KHTML, like Gecko) Chrome/81.0.4044.138 Safari/537.36"
::1 - - [08/May/2020:13:32:52 +0000] "POST /api/v1/users/login HTTP/1.1" 200 444 "http://localhost:3000/login" "Mozilla/5.0 (Windows NT 10.0; Win64; x64) AppleWebKit/537.36 (KHTML, like Gecko) Chrome/81.0.4044.138 Safari/537.36"
::1 - - [08/May/2020:13:48:27 +0000] "GET /api/v1/books HTTP/1.1" 304 - "-" "Mozilla/5.0 (Windows NT 10.0; Win64; x64) AppleWebKit/537.36 (KHTML, like Gecko) Chrome/81.0.4044.138 Safari/537.36"
::1 - - [08/May/2020:13:49:44 +0000] "GET /api/v1/books HTTP/1.1" 304 - "-" "Mozilla/5.0 (Windows NT 10.0; Win64; x64) AppleWebKit/537.36 (KHTML, like Gecko) Chrome/81.0.4044.138 Safari/537.36"
::1 - - [08/May/2020:14:00:32 +0000] "GET /api/v1/books HTTP/1.1" 304 - "http://localhost:3000/books" "Mozilla/5.0 (Windows NT 10.0; Win64; x64) AppleWebKit/537.36 (KHTML, like Gecko) Chrome/81.0.4044.138 Safari/537.36"
::1 - - [08/May/2020:14:01:07 +0000] "GET /api/v1/books HTTP/1.1" 304 - "http://localhost:3000/books" "Mozilla/5.0 (Windows NT 10.0; Win64; x64) AppleWebKit/537.36 (KHTML, like Gecko) Chrome/81.0.4044.138 Safari/537.36"
::1 - - [08/May/2020:14:01:54 +0000] "GET /api/v1/books HTTP/1.1" 304 - "http://localhost:3000/books" "Mozilla/5.0 (Windows NT 10.0; Win64; x64) AppleWebKit/537.36 (KHTML, like Gecko) Chrome/81.0.4044.138 Safari/537.36"
::1 - - [08/May/2020:14:01:58 +0000] "GET /api/v1/books HTTP/1.1" 304 - "http://localhost:3000/books" "Mozilla/5.0 (Windows NT 10.0; Win64; x64) AppleWebKit/537.36 (KHTML, like Gecko) Chrome/81.0.4044.138 Safari/537.36"
::1 - - [08/May/2020:14:02:00 +0000] "GET /api/v1/books HTTP/1.1" 304 - "http://localhost:3000/books" "Mozilla/5.0 (Windows NT 10.0; Win64; x64) AppleWebKit/537.36 (KHTML, like Gecko) Chrome/81.0.4044.138 Safari/537.36"
::1 - - [08/May/2020:14:03:40 +0000] "POST /api/v1/users/login HTTP/1.1" 200 444 "http://localhost:3000/" "Mozilla/5.0 (Windows NT 10.0; Win64; x64) AppleWebKit/537.36 (KHTML, like Gecko) Chrome/81.0.4044.138 Safari/537.36"
::1 - - [08/May/2020:14:04:08 +0000] "GET /api/v1/books HTTP/1.1" 304 - "http://localhost:3000/" "Mozilla/5.0 (Windows NT 10.0; Win64; x64) AppleWebKit/537.36 (KHTML, like Gecko) Chrome/81.0.4044.138 Safari/537.36"
::1 - - [08/May/2020:14:04:41 +0000] "GET /api/v1/books HTTP/1.1" 304 - "http://localhost:3000/" "Mozilla/5.0 (Windows NT 10.0; Win64; x64) AppleWebKit/537.36 (KHTML, like Gecko) Chrome/81.0.4044.138 Safari/537.36"
::1 - - [08/May/2020:14:04:45 +0000] "GET /api/v1/books HTTP/1.1" 304 - "http://localhost:3000/" "Mozilla/5.0 (Windows NT 10.0; Win64; x64) AppleWebKit/537.36 (KHTML, like Gecko) Chrome/81.0.4044.138 Safari/537.36"
::1 - - [08/May/2020:14:04:56 +0000] "GET /api/v1/books?limit=100 HTTP/1.1" 200 33100 "http://localhost:3000/" "Mozilla/5.0 (Windows NT 10.0; Win64; x64) AppleWebKit/537.36 (KHTML, like Gecko) Chrome/81.0.4044.138 Safari/537.36"
::1 - - [08/May/2020:14:05:12 +0000] "GET /api/v1/books?limit=100 HTTP/1.1" 304 - "http://localhost:3000/" "Mozilla/5.0 (Windows NT 10.0; Win64; x64) AppleWebKit/537.36 (KHTML, like Gecko) Chrome/81.0.4044.138 Safari/537.36"
::1 - - [08/May/2020:14:08:21 +0000] "GET /api/v1/books?limit=100 HTTP/1.1" 304 - "http://localhost:3000/" "Mozilla/5.0 (Windows NT 10.0; Win64; x64) AppleWebKit/537.36 (KHTML, like Gecko) Chrome/81.0.4044.138 Safari/537.36"
::1 - - [08/May/2020:14:09:07 +0000] "GET /api/v1/books?limit=100 HTTP/1.1" 304 - "http://localhost:3000/" "Mozilla/5.0 (Windows NT 10.0; Win64; x64) AppleWebKit/537.36 (KHTML, like Gecko) Chrome/81.0.4044.138 Safari/537.36"
::1 - - [08/May/2020:14:10:06 +0000] "GET /api/v1/books?limit=100 HTTP/1.1" 304 - "http://localhost:3000/books/5ea7f00145ff9336583d3c18" "Mozilla/5.0 (Windows NT 10.0; Win64; x64) AppleWebKit/537.36 (KHTML, like Gecko) Chrome/81.0.4044.138 Safari/537.36"
::1 - - [08/May/2020:14:11:34 +0000] "GET /api/v1/books?limit=100 HTTP/1.1" 304 - "http://localhost:3000/books/5ea7f00145ff9336583d3c18" "Mozilla/5.0 (Windows NT 10.0; Win64; x64) AppleWebKit/537.36 (KHTML, like Gecko) Chrome/81.0.4044.138 Safari/537.36"
::1 - - [08/May/2020:14:12:56 +0000] "GET /api/v1/books/5ea7f00145ff9336583d3c16 HTTP/1.1" 200 1781 "-" "Mozilla/5.0 (Windows NT 10.0; Win64; x64) AppleWebKit/537.36 (KHTML, like Gecko) Chrome/81.0.4044.138 Safari/537.36"
::1 - - [08/May/2020:14:17:11 +0000] "GET /api/v1/books?limit=100 HTTP/1.1" 304 - "http://localhost:3000/books/5ea7f00145ff9336583d3c18" "Mozilla/5.0 (Windows NT 10.0; Win64; x64) AppleWebKit/537.36 (KHTML, like Gecko) Chrome/81.0.4044.138 Safari/537.36"
::1 - - [08/May/2020:14:17:55 +0000] "GET /api/v1/books/5ea7f00145ff9336583d3c18 HTTP/1.1" 200 1956 "http://localhost:3000/books/5ea7f00145ff9336583d3c18" "Mozilla/5.0 (Windows NT 10.0; Win64; x64) AppleWebKit/537.36 (KHTML, like Gecko) Chrome/81.0.4044.138 Safari/537.36"
::1 - - [08/May/2020:14:18:14 +0000] "GET /api/v1/books/5ea7f00145ff9336583d3c18 HTTP/1.1" 304 - "http://localhost:3000/books/5ea7f00145ff9336583d3c18" "Mozilla/5.0 (Windows NT 10.0; Win64; x64) AppleWebKit/537.36 (KHTML, like Gecko) Chrome/81.0.4044.138 Safari/537.36"
::1 - - [08/May/2020:14:18:32 +0000] "GET /api/v1/books/5ea7f00145ff9336583d3c18 HTTP/1.1" 304 - "http://localhost:3000/books/5ea7f00145ff9336583d3c18" "Mozilla/5.0 (Windows NT 10.0; Win64; x64) AppleWebKit/537.36 (KHTML, like Gecko) Chrome/81.0.4044.138 Safari/537.36"
::1 - - [08/May/2020:14:18:34 +0000] "GET /api/v1/books/5ea7f00145ff9336583d3c18 HTTP/1.1" 304 - "-" "Mozilla/5.0 (Windows NT 10.0; Win64; x64) AppleWebKit/537.36 (KHTML, like Gecko) Chrome/81.0.4044.138 Safari/537.36"
::1 - - [08/May/2020:14:18:51 +0000] "GET /api/v1/books/5ea7f00145ff9336583d3c18 HTTP/1.1" 304 - "http://localhost:3000/books/5ea7f00145ff9336583d3c18" "Mozilla/5.0 (Windows NT 10.0; Win64; x64) AppleWebKit/537.36 (KHTML, like Gecko) Chrome/81.0.4044.138 Safari/537.36"
::1 - - [08/May/2020:14:18:56 +0000] "GET /api/v1/books/5ea7f00145ff9336583d3c18 HTTP/1.1" 304 - "http://localhost:3000/books/5ea7f00145ff9336583d3c18" "Mozilla/5.0 (Windows NT 10.0; Win64; x64) AppleWebKit/537.36 (KHTML, like Gecko) Chrome/81.0.4044.138 Safari/537.36"
::1 - - [08/May/2020:14:19:21 +0000] "GET /api/v1/books/5ea7f00145ff9336583d3c18 HTTP/1.1" 304 - "http://localhost:3000/books/5ea7f00145ff9336583d3c18" "Mozilla/5.0 (Windows NT 10.0; Win64; x64) AppleWebKit/537.36 (KHTML, like Gecko) Chrome/81.0.4044.138 Safari/537.36"
::1 - - [08/May/2020:14:19:24 +0000] "GET /api/v1/books/5ea7f00145ff9336583d3c18 HTTP/1.1" 304 - "http://localhost:3000/books/5ea7f00145ff9336583d3c18" "Mozilla/5.0 (Windows NT 10.0; Win64; x64) AppleWebKit/537.36 (KHTML, like Gecko) Chrome/81.0.4044.138 Safari/537.36"
::1 - - [08/May/2020:14:20:11 +0000] "GET /api/v1/books/5ea7f00145ff9336583d3c18 HTTP/1.1" 304 - "http://localhost:3000/books/5ea7f00145ff9336583d3c18" "Mozilla/5.0 (Windows NT 10.0; Win64; x64) AppleWebKit/537.36 (KHTML, like Gecko) Chrome/81.0.4044.138 Safari/537.36"
::1 - - [08/May/2020:14:21:54 +0000] "GET /api/v1/books/5ea7f00145ff9336583d3c18 HTTP/1.1" 304 - "http://localhost:3000/books/5ea7f00145ff9336583d3c18" "Mozilla/5.0 (Windows NT 10.0; Win64; x64) AppleWebKit/537.36 (KHTML, like Gecko) Chrome/81.0.4044.138 Safari/537.36"
::1 - - [08/May/2020:14:22:59 +0000] "GET /api/v1/books/5ea7f00145ff9336583d3c18 HTTP/1.1" 304 - "http://localhost:3000/books/5ea7f00145ff9336583d3c18" "Mozilla/5.0 (Windows NT 10.0; Win64; x64) AppleWebKit/537.36 (KHTML, like Gecko) Chrome/81.0.4044.138 Safari/537.36"
::1 - - [08/May/2020:14:23:04 +0000] "GET /api/v1/books/5ea7f00145ff9336583d3c18 HTTP/1.1" 304 - "http://localhost:3000/books/5ea7f00145ff9336583d3c18" "Mozilla/5.0 (Windows NT 10.0; Win64; x64) AppleWebKit/537.36 (KHTML, like Gecko) Chrome/81.0.4044.138 Safari/537.36"
::1 - - [08/May/2020:14:25:10 +0000] "GET /api/v1/books/5ea7f00145ff9336583d3c18 HTTP/1.1" 304 - "http://localhost:3000/books/5ea7f00145ff9336583d3c18" "Mozilla/5.0 (Windows NT 10.0; Win64; x64) AppleWebKit/537.36 (KHTML, like Gecko) Chrome/81.0.4044.138 Safari/537.36"
::1 - - [08/May/2020:14:25:19 +0000] "GET /api/v1/books/5ea7f00145ff9336583d3c18 HTTP/1.1" 304 - "http://localhost:3000/books/5ea7f00145ff9336583d3c18" "Mozilla/5.0 (Windows NT 10.0; Win64; x64) AppleWebKit/537.36 (KHTML, like Gecko) Chrome/81.0.4044.138 Safari/537.36"
::1 - - [08/May/2020:14:25:48 +0000] "GET /api/v1/books/5ea7f00145ff9336583d3c18 HTTP/1.1" 304 - "http://localhost:3000/books/5ea7f00145ff9336583d3c18" "Mozilla/5.0 (Windows NT 10.0; Win64; x64) AppleWebKit/537.36 (KHTML, like Gecko) Chrome/81.0.4044.138 Safari/537.36"
::1 - - [08/May/2020:14:25:52 +0000] "GET /api/v1/books/5ea7f00145ff9336583d3c18 HTTP/1.1" 304 - "http://localhost:3000/books/5ea7f00145ff9336583d3c18" "Mozilla/5.0 (Windows NT 10.0; Win64; x64) AppleWebKit/537.36 (KHTML, like Gecko) Chrome/81.0.4044.138 Safari/537.36"
::1 - - [08/May/2020:14:26:09 +0000] "GET /api/v1/books/5ea7f00145ff9336583d3c18 HTTP/1.1" 304 - "http://localhost:3000/books/5ea7f00145ff9336583d3c18" "Mozilla/5.0 (Windows NT 10.0; Win64; x64) AppleWebKit/537.36 (KHTML, like Gecko) Chrome/81.0.4044.138 Safari/537.36"
::1 - - [08/May/2020:14:26:22 +0000] "GET /api/v1/books/5ea7f00145ff9336583d3c18 HTTP/1.1" 304 - "http://localhost:3000/books/5ea7f00145ff9336583d3c18" "Mozilla/5.0 (Windows NT 10.0; Win64; x64) AppleWebKit/537.36 (KHTML, like Gecko) Chrome/81.0.4044.138 Safari/537.36"
::1 - - [08/May/2020:14:26:38 +0000] "POST /api/v1/users/login HTTP/1.1" 200 444 "http://localhost:3000/" "Mozilla/5.0 (Windows NT 10.0; Win64; x64) AppleWebKit/537.36 (KHTML, like Gecko) Chrome/81.0.4044.138 Safari/537.36"
::1 - - [08/May/2020:14:26:40 +0000] "POST /api/v1/users/login HTTP/1.1" 200 444 "http://localhost:3000/" "Mozilla/5.0 (Windows NT 10.0; Win64; x64) AppleWebKit/537.36 (KHTML, like Gecko) Chrome/81.0.4044.138 Safari/537.36"
::1 - - [08/May/2020:14:26:44 +0000] "POST /api/v1/users/login HTTP/1.1" 200 444 "http://localhost:3000/" "Mozilla/5.0 (Windows NT 10.0; Win64; x64) AppleWebKit/537.36 (KHTML, like Gecko) Chrome/81.0.4044.138 Safari/537.36"
::1 - - [08/May/2020:14:27:46 +0000] "GET /api/v1/books?limit=100 HTTP/1.1" 304 - "http://localhost:3000/books" "Mozilla/5.0 (Windows NT 10.0; Win64; x64) AppleWebKit/537.36 (KHTML, like Gecko) Chrome/81.0.4044.138 Safari/537.36"
::1 - - [08/May/2020:14:28:00 +0000] "GET /api/v1/books/5ea7f00145ff9336583d3c17 HTTP/1.1" 200 1939 "http://localhost:3000/books/5ea7f00145ff9336583d3c17" "Mozilla/5.0 (Windows NT 10.0; Win64; x64) AppleWebKit/537.36 (KHTML, like Gecko) Chrome/81.0.4044.138 Safari/537.36"
::1 - - [08/May/2020:14:28:06 +0000] "GET /api/v1/books?limit=100 HTTP/1.1" 304 - "http://localhost:3000/books" "Mozilla/5.0 (Windows NT 10.0; Win64; x64) AppleWebKit/537.36 (KHTML, like Gecko) Chrome/81.0.4044.138 Safari/537.36"
::1 - - [08/May/2020:14:28:19 +0000] "GET /api/v1/books?limit=100 HTTP/1.1" 304 - "http://localhost:3000/books" "Mozilla/5.0 (Windows NT 10.0; Win64; x64) AppleWebKit/537.36 (KHTML, like Gecko) Chrome/81.0.4044.138 Safari/537.36"
::1 - - [08/May/2020:14:29:26 +0000] "GET /api/v1/books?limit=100 HTTP/1.1" 304 - "http://localhost:3000/books" "Mozilla/5.0 (Windows NT 10.0; Win64; x64) AppleWebKit/537.36 (KHTML, like Gecko) Chrome/81.0.4044.138 Safari/537.36"
::1 - - [08/May/2020:14:32:26 +0000] "GET /api/v1/books?limit=100 HTTP/1.1" 304 - "http://localhost:3000/books" "Mozilla/5.0 (Windows NT 10.0; Win64; x64) AppleWebKit/537.36 (KHTML, like Gecko) Chrome/81.0.4044.138 Safari/537.36"
::1 - - [08/May/2020:14:32:29 +0000] "GET /api/v1/books/5ea7f00145ff9336583d3c19 HTTP/1.1" 200 2029 "http://localhost:3000/books/5ea7f00145ff9336583d3c19" "Mozilla/5.0 (Windows NT 10.0; Win64; x64) AppleWebKit/537.36 (KHTML, like Gecko) Chrome/81.0.4044.138 Safari/537.36"
::1 - - [08/May/2020:14:32:44 +0000] "GET /api/v1/books/5ea7f00145ff9336583d3c19 HTTP/1.1" 304 - "http://localhost:3000/books/5ea7f00145ff9336583d3c19" "Mozilla/5.0 (Windows NT 10.0; Win64; x64) AppleWebKit/537.36 (KHTML, like Gecko) Chrome/81.0.4044.138 Safari/537.36"
::1 - - [08/May/2020:14:32:48 +0000] "GET /api/v1/books/5ea7f00145ff9336583d3c19 HTTP/1.1" 304 - "http://localhost:3000/books/5ea7f00145ff9336583d3c19" "Mozilla/5.0 (Windows NT 10.0; Win64; x64) AppleWebKit/537.36 (KHTML, like Gecko) Chrome/81.0.4044.138 Safari/537.36"
::1 - - [08/May/2020:14:33:13 +0000] "GET /api/v1/books/5ea7f00145ff9336583d3c19 HTTP/1.1" 304 - "http://localhost:3000/books/5ea7f00145ff9336583d3c19" "Mozilla/5.0 (Windows NT 10.0; Win64; x64) AppleWebKit/537.36 (KHTML, like Gecko) Chrome/81.0.4044.138 Safari/537.36"
::1 - - [08/May/2020:14:33:17 +0000] "GET /api/v1/books/5ea7f00145ff9336583d3c19 HTTP/1.1" 304 - "http://localhost:3000/books/5ea7f00145ff9336583d3c19" "Mozilla/5.0 (Windows NT 10.0; Win64; x64) AppleWebKit/537.36 (KHTML, like Gecko) Chrome/81.0.4044.138 Safari/537.36"
::1 - - [08/May/2020:14:33:21 +0000] "GET /api/v1/books/5ea7f00145ff9336583d3c19 HTTP/1.1" 304 - "http://localhost:3000/books/5ea7f00145ff9336583d3c19" "Mozilla/5.0 (Windows NT 10.0; Win64; x64) AppleWebKit/537.36 (KHTML, like Gecko) Chrome/81.0.4044.138 Safari/537.36"
::1 - - [08/May/2020:14:34:04 +0000] "GET /api/v1/books/5ea7f00145ff9336583d3c19 HTTP/1.1" 304 - "http://localhost:3000/books/5ea7f00145ff9336583d3c19" "Mozilla/5.0 (Windows NT 10.0; Win64; x64) AppleWebKit/537.36 (KHTML, like Gecko) Chrome/81.0.4044.138 Safari/537.36"
::1 - - [08/May/2020:14:34:45 +0000] "GET /api/v1/books/5ea7f00145ff9336583d3c19 HTTP/1.1" 304 - "http://localhost:3000/books/5ea7f00145ff9336583d3c19" "Mozilla/5.0 (Windows NT 10.0; Win64; x64) AppleWebKit/537.36 (KHTML, like Gecko) Chrome/81.0.4044.138 Safari/537.36"
::1 - - [08/May/2020:14:37:39 +0000] "GET /api/v1/books/5ea7f00145ff9336583d3c19 HTTP/1.1" 304 - "http://localhost:3000/books/5ea7f00145ff9336583d3c19" "Mozilla/5.0 (Windows NT 10.0; Win64; x64) AppleWebKit/537.36 (KHTML, like Gecko) Chrome/81.0.4044.138 Safari/537.36"
::1 - - [08/May/2020:14:37:45 +0000] "GET /api/v1/books/5ea7f00145ff9336583d3c19 HTTP/1.1" 304 - "http://localhost:3000/books/5ea7f00145ff9336583d3c19" "Mozilla/5.0 (Windows NT 10.0; Win64; x64) AppleWebKit/537.36 (KHTML, like Gecko) Chrome/81.0.4044.138 Safari/537.36"
::1 - - [08/May/2020:14:38:03 +0000] "GET /api/v1/books/5ea7f00145ff9336583d3c19 HTTP/1.1" 304 - "http://localhost:3000/books/5ea7f00145ff9336583d3c19" "Mozilla/5.0 (Windows NT 10.0; Win64; x64) AppleWebKit/537.36 (KHTML, like Gecko) Chrome/81.0.4044.138 Safari/537.36"
::1 - - [08/May/2020:14:38:07 +0000] "GET /api/v1/books/5ea7f00145ff9336583d3c19 HTTP/1.1" 304 - "http://localhost:3000/books/5ea7f00145ff9336583d3c19" "Mozilla/5.0 (Windows NT 10.0; Win64; x64) AppleWebKit/537.36 (KHTML, like Gecko) Chrome/81.0.4044.138 Safari/537.36"
::1 - - [08/May/2020:14:38:24 +0000] "GET /api/v1/books/5ea7f00145ff9336583d3c19 HTTP/1.1" 304 - "http://localhost:3000/books/5ea7f00145ff9336583d3c19" "Mozilla/5.0 (Windows NT 10.0; Win64; x64) AppleWebKit/537.36 (KHTML, like Gecko) Chrome/81.0.4044.138 Safari/537.36"
::1 - - [08/May/2020:14:39:50 +0000] "GET /api/v1/books/5ea7f00145ff9336583d3c19 HTTP/1.1" 304 - "http://localhost:3000/books/5ea7f00145ff9336583d3c19" "Mozilla/5.0 (Windows NT 10.0; Win64; x64) AppleWebKit/537.36 (KHTML, like Gecko) Chrome/81.0.4044.138 Safari/537.36"
::1 - - [08/May/2020:14:42:10 +0000] "GET /api/v1/books/5ea7f00145ff9336583d3c19 HTTP/1.1" 304 - "http://localhost:3000/books/5ea7f00145ff9336583d3c19" "Mozilla/5.0 (Windows NT 10.0; Win64; x64) AppleWebKit/537.36 (KHTML, like Gecko) Chrome/81.0.4044.138 Safari/537.36"
::1 - - [08/May/2020:14:42:12 +0000] "GET /api/v1/books?limit=100 HTTP/1.1" 304 - "http://localhost:3000/books" "Mozilla/5.0 (Windows NT 10.0; Win64; x64) AppleWebKit/537.36 (KHTML, like Gecko) Chrome/81.0.4044.138 Safari/537.36"
::1 - - [08/May/2020:14:42:42 +0000] "GET /api/v1/books?limit=100 HTTP/1.1" 304 - "http://localhost:3000/books" "Mozilla/5.0 (Windows NT 10.0; Win64; x64) AppleWebKit/537.36 (KHTML, like Gecko) Chrome/81.0.4044.138 Safari/537.36"
::1 - - [08/May/2020:14:44:01 +0000] "GET /api/v1/books?limit=100 HTTP/1.1" 304 - "http://localhost:3000/books" "Mozilla/5.0 (Windows NT 10.0; Win64; x64) AppleWebKit/537.36 (KHTML, like Gecko) Chrome/81.0.4044.138 Safari/537.36"
::1 - - [08/May/2020:14:44:04 +0000] "GET /api/v1/books/5ea7f00145ff9336583d3c16 HTTP/1.1" 304 - "http://localhost:3000/books/5ea7f00145ff9336583d3c16" "Mozilla/5.0 (Windows NT 10.0; Win64; x64) AppleWebKit/537.36 (KHTML, like Gecko) Chrome/81.0.4044.138 Safari/537.36"
::1 - - [08/May/2020:14:44:44 +0000] "GET /api/v1/books/5ea7f00145ff9336583d3c16 HTTP/1.1" 304 - "http://localhost:3000/books/5ea7f00145ff9336583d3c16" "Mozilla/5.0 (Windows NT 10.0; Win64; x64) AppleWebKit/537.36 (KHTML, like Gecko) Chrome/81.0.4044.138 Safari/537.36"
::1 - - [08/May/2020:14:44:46 +0000] "GET /api/v1/books/5ea7f00145ff9336583d3c16 HTTP/1.1" 304 - "http://localhost:3000/books/5ea7f00145ff9336583d3c16" "Mozilla/5.0 (Windows NT 10.0; Win64; x64) AppleWebKit/537.36 (KHTML, like Gecko) Chrome/81.0.4044.138 Safari/537.36"
::1 - - [08/May/2020:14:44:51 +0000] "GET /api/v1/books/5ea7f00145ff9336583d3c16 HTTP/1.1" 304 - "http://localhost:3000/books/5ea7f00145ff9336583d3c16" "Mozilla/5.0 (Windows NT 10.0; Win64; x64) AppleWebKit/537.36 (KHTML, like Gecko) Chrome/81.0.4044.138 Safari/537.36"
::1 - - [08/May/2020:14:45:03 +0000] "GET /api/v1/books?limit=100 HTTP/1.1" 304 - "http://localhost:3000/books" "Mozilla/5.0 (Windows NT 10.0; Win64; x64) AppleWebKit/537.36 (KHTML, like Gecko) Chrome/81.0.4044.138 Safari/537.36"
::1 - - [08/May/2020:14:45:58 +0000] "GET /api/v1/books?limit=100 HTTP/1.1" 304 - "http://localhost:3000/books" "Mozilla/5.0 (Windows NT 10.0; Win64; x64) AppleWebKit/537.36 (KHTML, like Gecko) Chrome/81.0.4044.138 Safari/537.36"
::1 - - [08/May/2020:14:47:13 +0000] "POST /api/v1/users/login HTTP/1.1" 200 444 "http://localhost:3000/" "Mozilla/5.0 (Windows NT 10.0; Win64; x64) AppleWebKit/537.36 (KHTML, like Gecko) Chrome/81.0.4044.138 Safari/537.36"
::1 - - [08/May/2020:14:47:13 +0000] "GET /api/v1/books?limit=100 HTTP/1.1" 304 - "http://localhost:3000/books" "Mozilla/5.0 (Windows NT 10.0; Win64; x64) AppleWebKit/537.36 (KHTML, like Gecko) Chrome/81.0.4044.138 Safari/537.36"
::1 - - [08/May/2020:14:47:40 +0000] "GET /api/v1/books?limit=100 HTTP/1.1" 304 - "http://localhost:3000/books" "Mozilla/5.0 (Windows NT 10.0; Win64; x64) AppleWebKit/537.36 (KHTML, like Gecko) Chrome/81.0.4044.138 Safari/537.36"
::1 - - [08/May/2020:14:47:45 +0000] "POST /api/v1/users/login HTTP/1.1" 200 444 "http://localhost:3000/" "Mozilla/5.0 (Windows NT 10.0; Win64; x64) AppleWebKit/537.36 (KHTML, like Gecko) Chrome/81.0.4044.138 Safari/537.36"
::1 - - [08/May/2020:14:47:45 +0000] "GET /api/v1/books?limit=100 HTTP/1.1" 304 - "http://localhost:3000/books" "Mozilla/5.0 (Windows NT 10.0; Win64; x64) AppleWebKit/537.36 (KHTML, like Gecko) Chrome/81.0.4044.138 Safari/537.36"
::1 - - [08/May/2020:14:48:21 +0000] "GET /api/v1/books?limit=100 HTTP/1.1" 304 - "http://localhost:3000/books" "Mozilla/5.0 (Windows NT 10.0; Win64; x64) AppleWebKit/537.36 (KHTML, like Gecko) Chrome/81.0.4044.138 Safari/537.36"
::1 - - [08/May/2020:14:48:23 +0000] "GET /api/v1/books?limit=100 HTTP/1.1" 304 - "http://localhost:3000/books" "Mozilla/5.0 (Windows NT 10.0; Win64; x64) AppleWebKit/537.36 (KHTML, like Gecko) Chrome/81.0.4044.138 Safari/537.36"
::1 - - [08/May/2020:14:48:32 +0000] "GET /api/v1/books?limit=100 HTTP/1.1" 304 - "http://localhost:3000/books" "Mozilla/5.0 (Windows NT 10.0; Win64; x64) AppleWebKit/537.36 (KHTML, like Gecko) Chrome/81.0.4044.138 Safari/537.36"
::1 - - [08/May/2020:14:48:34 +0000] "POST /api/v1/users/login HTTP/1.1" 200 444 "http://localhost:3000/" "Mozilla/5.0 (Windows NT 10.0; Win64; x64) AppleWebKit/537.36 (KHTML, like Gecko) Chrome/81.0.4044.138 Safari/537.36"
::1 - - [08/May/2020:14:48:34 +0000] "GET /api/v1/books?limit=100 HTTP/1.1" 304 - "http://localhost:3000/books" "Mozilla/5.0 (Windows NT 10.0; Win64; x64) AppleWebKit/537.36 (KHTML, like Gecko) Chrome/81.0.4044.138 Safari/537.36"
::1 - - [08/May/2020:14:50:23 +0000] "GET /api/v1/books?limit=100 HTTP/1.1" 304 - "http://localhost:3000/books" "Mozilla/5.0 (Windows NT 10.0; Win64; x64) AppleWebKit/537.36 (KHTML, like Gecko) Chrome/81.0.4044.138 Safari/537.36"
::1 - - [08/May/2020:14:50:25 +0000] "GET /api/v1/books?limit=100 HTTP/1.1" 304 - "http://localhost:3000/books" "Mozilla/5.0 (Windows NT 10.0; Win64; x64) AppleWebKit/537.36 (KHTML, like Gecko) Chrome/81.0.4044.138 Safari/537.36"
::1 - - [08/May/2020:14:50:51 +0000] "GET /api/v1/books?limit=100 HTTP/1.1" 304 - "http://localhost:3000/books" "Mozilla/5.0 (Windows NT 10.0; Win64; x64) AppleWebKit/537.36 (KHTML, like Gecko) Chrome/81.0.4044.138 Safari/537.36"
::1 - - [08/May/2020:14:51:23 +0000] "GET /api/v1/books?limit=100 HTTP/1.1" 304 - "http://localhost:3000/books" "Mozilla/5.0 (Windows NT 10.0; Win64; x64) AppleWebKit/537.36 (KHTML, like Gecko) Chrome/81.0.4044.138 Safari/537.36"
::1 - - [08/May/2020:14:51:34 +0000] "GET /api/v1/books?limit=100 HTTP/1.1" 304 - "http://localhost:3000/books" "Mozilla/5.0 (Windows NT 10.0; Win64; x64) AppleWebKit/537.36 (KHTML, like Gecko) Chrome/81.0.4044.138 Safari/537.36"
::1 - - [08/May/2020:14:51:38 +0000] "GET /api/v1/books?limit=100 HTTP/1.1" 304 - "http://localhost:3000/books" "Mozilla/5.0 (Windows NT 10.0; Win64; x64) AppleWebKit/537.36 (KHTML, like Gecko) Chrome/81.0.4044.138 Safari/537.36"
::1 - - [08/May/2020:14:52:04 +0000] "GET /api/v1/books?limit=100 HTTP/1.1" 304 - "http://localhost:3000/books" "Mozilla/5.0 (Windows NT 10.0; Win64; x64) AppleWebKit/537.36 (KHTML, like Gecko) Chrome/81.0.4044.138 Safari/537.36"
::1 - - [08/May/2020:14:54:17 +0000] "GET /api/v1/books?limit=100 HTTP/1.1" 304 - "http://localhost:3000/books" "Mozilla/5.0 (Windows NT 10.0; Win64; x64) AppleWebKit/537.36 (KHTML, like Gecko) Chrome/81.0.4044.138 Safari/537.36"
::1 - - [08/May/2020:14:54:33 +0000] "GET /api/v1/books?limit=100 HTTP/1.1" 304 - "http://localhost:3000/books" "Mozilla/5.0 (Windows NT 10.0; Win64; x64) AppleWebKit/537.36 (KHTML, like Gecko) Chrome/81.0.4044.138 Safari/537.36"
::1 - - [08/May/2020:14:54:56 +0000] "GET /api/v1/books?limit=100 HTTP/1.1" 304 - "http://localhost:3000/books" "Mozilla/5.0 (Windows NT 10.0; Win64; x64) AppleWebKit/537.36 (KHTML, like Gecko) Chrome/81.0.4044.138 Safari/537.36"
::1 - - [08/May/2020:14:54:58 +0000] "GET /api/v1/books?limit=100 HTTP/1.1" 304 - "http://localhost:3000/books" "Mozilla/5.0 (Windows NT 10.0; Win64; x64) AppleWebKit/537.36 (KHTML, like Gecko) Chrome/81.0.4044.138 Safari/537.36"
::1 - - [08/May/2020:14:56:02 +0000] "GET /api/v1/books?limit=100 HTTP/1.1" 304 - "http://localhost:3000/books" "Mozilla/5.0 (Windows NT 10.0; Win64; x64) AppleWebKit/537.36 (KHTML, like Gecko) Chrome/81.0.4044.138 Safari/537.36"
::1 - - [08/May/2020:14:56:04 +0000] "GET /api/v1/books?limit=100 HTTP/1.1" 304 - "http://localhost:3000/books" "Mozilla/5.0 (Windows NT 10.0; Win64; x64) AppleWebKit/537.36 (KHTML, like Gecko) Chrome/81.0.4044.138 Safari/537.36"
::1 - - [08/May/2020:14:56:26 +0000] "GET /api/v1/books?limit=100 HTTP/1.1" 304 - "http://localhost:3000/books" "Mozilla/5.0 (Windows NT 10.0; Win64; x64) AppleWebKit/537.36 (KHTML, like Gecko) Chrome/81.0.4044.138 Safari/537.36"
::1 - - [08/May/2020:14:57:45 +0000] "GET /api/v1/books/5ea7f00145ff9336583d3c19 HTTP/1.1" 304 - "http://localhost:3000/books/5ea7f00145ff9336583d3c19" "Mozilla/5.0 (Windows NT 10.0; Win64; x64) AppleWebKit/537.36 (KHTML, like Gecko) Chrome/81.0.4044.138 Safari/537.36"
::1 - - [08/May/2020:14:59:43 +0000] "GET /api/v1/books/5ea7f00145ff9336583d3c19 HTTP/1.1" 304 - "http://localhost:3000/books/5ea7f00145ff9336583d3c19" "Mozilla/5.0 (Windows NT 10.0; Win64; x64) AppleWebKit/537.36 (KHTML, like Gecko) Chrome/81.0.4044.138 Safari/537.36"
::1 - - [08/May/2020:15:00:07 +0000] "GET /api/v1/books/5ea7f00145ff9336583d3c19 HTTP/1.1" 304 - "http://localhost:3000/books/5ea7f00145ff9336583d3c19" "Mozilla/5.0 (Windows NT 10.0; Win64; x64) AppleWebKit/537.36 (KHTML, like Gecko) Chrome/81.0.4044.138 Safari/537.36"
::1 - - [08/May/2020:15:01:14 +0000] "GET /api/v1/books/5ea7f00145ff9336583d3c19 HTTP/1.1" 304 - "http://localhost:3000/books/5ea7f00145ff9336583d3c19" "Mozilla/5.0 (Windows NT 10.0; Win64; x64) AppleWebKit/537.36 (KHTML, like Gecko) Chrome/81.0.4044.138 Safari/537.36"
::1 - - [08/May/2020:15:01:19 +0000] "GET /api/v1/books/5ea7f00145ff9336583d3c19 HTTP/1.1" 304 - "http://localhost:3000/books/5ea7f00145ff9336583d3c19" "Mozilla/5.0 (Windows NT 10.0; Win64; x64) AppleWebKit/537.36 (KHTML, like Gecko) Chrome/81.0.4044.138 Safari/537.36"
::1 - - [08/May/2020:15:01:57 +0000] "GET /api/v1/books/5ea7f00145ff9336583d3c19 HTTP/1.1" 304 - "http://localhost:3000/books/5ea7f00145ff9336583d3c19" "Mozilla/5.0 (Windows NT 10.0; Win64; x64) AppleWebKit/537.36 (KHTML, like Gecko) Chrome/81.0.4044.138 Safari/537.36"
::1 - - [08/May/2020:15:02:51 +0000] "GET /api/v1/books?limit=100 HTTP/1.1" 304 - "http://localhost:3000/books" "Mozilla/5.0 (Windows NT 10.0; Win64; x64) AppleWebKit/537.36 (KHTML, like Gecko) Chrome/81.0.4044.138 Safari/537.36"
::1 - - [08/May/2020:15:02:56 +0000] "GET /api/v1/books/5ea7f00145ff9336583d3c23 HTTP/1.1" 200 1691 "http://localhost:3000/books/5ea7f00145ff9336583d3c23" "Mozilla/5.0 (Windows NT 10.0; Win64; x64) AppleWebKit/537.36 (KHTML, like Gecko) Chrome/81.0.4044.138 Safari/537.36"
::1 - - [08/May/2020:15:03:03 +0000] "GET /api/v1/books?limit=100 HTTP/1.1" 304 - "http://localhost:3000/books" "Mozilla/5.0 (Windows NT 10.0; Win64; x64) AppleWebKit/537.36 (KHTML, like Gecko) Chrome/81.0.4044.138 Safari/537.36"
::1 - - [08/May/2020:15:03:24 +0000] "GET /api/v1/books/5ea7f00145ff9336583d3c16 HTTP/1.1" 304 - "http://localhost:3000/books/5ea7f00145ff9336583d3c16" "Mozilla/5.0 (Windows NT 10.0; Win64; x64) AppleWebKit/537.36 (KHTML, like Gecko) Chrome/81.0.4044.138 Safari/537.36"
::1 - - [08/May/2020:15:04:26 +0000] "GET /api/v1/books/5ea7f00145ff9336583d3c16 HTTP/1.1" 304 - "http://localhost:3000/books/5ea7f00145ff9336583d3c16" "Mozilla/5.0 (Windows NT 10.0; Win64; x64) AppleWebKit/537.36 (KHTML, like Gecko) Chrome/81.0.4044.138 Safari/537.36"
::1 - - [08/May/2020:15:04:34 +0000] "GET /api/v1/books/5ea7f00145ff9336583d3c16 HTTP/1.1" 304 - "http://localhost:3000/books/5ea7f00145ff9336583d3c16" "Mozilla/5.0 (Windows NT 10.0; Win64; x64) AppleWebKit/537.36 (KHTML, like Gecko) Chrome/81.0.4044.138 Safari/537.36"
::1 - - [08/May/2020:15:04:53 +0000] "GET /api/v1/books/5ea7f00145ff9336583d3c16 HTTP/1.1" 304 - "http://localhost:3000/books/5ea7f00145ff9336583d3c16" "Mozilla/5.0 (Windows NT 10.0; Win64; x64) AppleWebKit/537.36 (KHTML, like Gecko) Chrome/81.0.4044.138 Safari/537.36"
::1 - - [08/May/2020:15:04:59 +0000] "GET /api/v1/books/5ea7f00145ff9336583d3c16 HTTP/1.1" 304 - "http://localhost:3000/books/5ea7f00145ff9336583d3c16" "Mozilla/5.0 (Windows NT 10.0; Win64; x64) AppleWebKit/537.36 (KHTML, like Gecko) Chrome/81.0.4044.138 Safari/537.36"
::1 - - [08/May/2020:15:05:00 +0000] "GET /api/v1/books/5ea7f00145ff9336583d3c16 HTTP/1.1" 304 - "http://localhost:3000/books/5ea7f00145ff9336583d3c16" "Mozilla/5.0 (Windows NT 10.0; Win64; x64) AppleWebKit/537.36 (KHTML, like Gecko) Chrome/81.0.4044.138 Safari/537.36"
::1 - - [08/May/2020:15:05:20 +0000] "GET /api/v1/books/5ea7f00145ff9336583d3c16 HTTP/1.1" 304 - "http://localhost:3000/books/5ea7f00145ff9336583d3c16" "Mozilla/5.0 (Windows NT 10.0; Win64; x64) AppleWebKit/537.36 (KHTML, like Gecko) Chrome/81.0.4044.138 Safari/537.36"
::1 - - [08/May/2020:15:06:27 +0000] "GET /api/v1/books/5ea7f00145ff9336583d3c16 HTTP/1.1" 304 - "http://localhost:3000/books/5ea7f00145ff9336583d3c16" "Mozilla/5.0 (Windows NT 10.0; Win64; x64) AppleWebKit/537.36 (KHTML, like Gecko) Chrome/81.0.4044.138 Safari/537.36"
::1 - - [08/May/2020:15:06:32 +0000] "GET /api/v1/books/5ea7f00145ff9336583d3c16 HTTP/1.1" 304 - "http://localhost:3000/books/5ea7f00145ff9336583d3c16" "Mozilla/5.0 (Windows NT 10.0; Win64; x64) AppleWebKit/537.36 (KHTML, like Gecko) Chrome/81.0.4044.138 Safari/537.36"
::1 - - [08/May/2020:15:06:57 +0000] "GET /api/v1/books/5ea7f00145ff9336583d3c16 HTTP/1.1" 304 - "http://localhost:3000/books/5ea7f00145ff9336583d3c16" "Mozilla/5.0 (Windows NT 10.0; Win64; x64) AppleWebKit/537.36 (KHTML, like Gecko) Chrome/81.0.4044.138 Safari/537.36"
::1 - - [08/May/2020:15:07:27 +0000] "GET /api/v1/books/5ea7f00145ff9336583d3c16 HTTP/1.1" 304 - "http://localhost:3000/books/5ea7f00145ff9336583d3c16" "Mozilla/5.0 (Windows NT 10.0; Win64; x64) AppleWebKit/537.36 (KHTML, like Gecko) Chrome/81.0.4044.138 Safari/537.36"
::1 - - [08/May/2020:15:07:34 +0000] "GET /api/v1/books/5ea7f00145ff9336583d3c16 HTTP/1.1" 304 - "http://localhost:3000/books/5ea7f00145ff9336583d3c16" "Mozilla/5.0 (Windows NT 10.0; Win64; x64) AppleWebKit/537.36 (KHTML, like Gecko) Chrome/81.0.4044.138 Safari/537.36"
::1 - - [08/May/2020:15:07:45 +0000] "GET /api/v1/books?limit=100 HTTP/1.1" 304 - "http://localhost:3000/books" "Mozilla/5.0 (Windows NT 10.0; Win64; x64) AppleWebKit/537.36 (KHTML, like Gecko) Chrome/81.0.4044.138 Safari/537.36"
::1 - - [08/May/2020:15:07:46 +0000] "GET /api/v1/books/5ea7f00145ff9336583d3c19 HTTP/1.1" 304 - "http://localhost:3000/books/5ea7f00145ff9336583d3c19" "Mozilla/5.0 (Windows NT 10.0; Win64; x64) AppleWebKit/537.36 (KHTML, like Gecko) Chrome/81.0.4044.138 Safari/537.36"
::1 - - [08/May/2020:15:08:46 +0000] "GET /api/v1/books?limit=100 HTTP/1.1" 304 - "http://localhost:3000/books" "Mozilla/5.0 (Windows NT 10.0; Win64; x64) AppleWebKit/537.36 (KHTML, like Gecko) Chrome/81.0.4044.138 Safari/537.36"
::1 - - [08/May/2020:15:08:48 +0000] "GET /api/v1/books/5ea7f00145ff9336583d3c18 HTTP/1.1" 304 - "http://localhost:3000/books/5ea7f00145ff9336583d3c18" "Mozilla/5.0 (Windows NT 10.0; Win64; x64) AppleWebKit/537.36 (KHTML, like Gecko) Chrome/81.0.4044.138 Safari/537.36"
::1 - - [08/May/2020:15:08:49 +0000] "GET /api/v1/books?limit=100 HTTP/1.1" 304 - "http://localhost:3000/books" "Mozilla/5.0 (Windows NT 10.0; Win64; x64) AppleWebKit/537.36 (KHTML, like Gecko) Chrome/81.0.4044.138 Safari/537.36"
::1 - - [08/May/2020:15:08:51 +0000] "GET /api/v1/books/5ea7f00145ff9336583d3c21 HTTP/1.1" 200 1897 "http://localhost:3000/books/5ea7f00145ff9336583d3c21" "Mozilla/5.0 (Windows NT 10.0; Win64; x64) AppleWebKit/537.36 (KHTML, like Gecko) Chrome/81.0.4044.138 Safari/537.36"
::1 - - [08/May/2020:15:09:08 +0000] "GET /api/v1/books?limit=100 HTTP/1.1" 304 - "http://localhost:3000/books" "Mozilla/5.0 (Windows NT 10.0; Win64; x64) AppleWebKit/537.36 (KHTML, like Gecko) Chrome/81.0.4044.138 Safari/537.36"
::1 - - [08/May/2020:15:09:18 +0000] "GET /api/v1/books?limit=100 HTTP/1.1" 304 - "http://localhost:3000/books" "Mozilla/5.0 (Windows NT 10.0; Win64; x64) AppleWebKit/537.36 (KHTML, like Gecko) Chrome/81.0.4044.138 Safari/537.36"
::1 - - [08/May/2020:15:09:58 +0000] "GET /api/v1/books?limit=100 HTTP/1.1" 304 - "http://localhost:3000/books" "Mozilla/5.0 (Windows NT 10.0; Win64; x64) AppleWebKit/537.36 (KHTML, like Gecko) Chrome/81.0.4044.138 Safari/537.36"
::1 - - [08/May/2020:15:10:02 +0000] "GET /api/v1/books/5ea7f00145ff9336583d3c21 HTTP/1.1" 304 - "http://localhost:3000/books/5ea7f00145ff9336583d3c21" "Mozilla/5.0 (Windows NT 10.0; Win64; x64) AppleWebKit/537.36 (KHTML, like Gecko) Chrome/81.0.4044.138 Safari/537.36"
::1 - - [08/May/2020:15:10:04 +0000] "GET /api/v1/books/5ea7f00145ff9336583d3c21 HTTP/1.1" 304 - "http://localhost:3000/books/5ea7f00145ff9336583d3c21" "Mozilla/5.0 (Windows NT 10.0; Win64; x64) AppleWebKit/537.36 (KHTML, like Gecko) Chrome/81.0.4044.138 Safari/537.36"
::1 - - [08/May/2020:15:10:13 +0000] "GET /api/v1/books/5ea7f00145ff9336583d3c21 HTTP/1.1" 304 - "http://localhost:3000/books/5ea7f00145ff9336583d3c21" "Mozilla/5.0 (Windows NT 10.0; Win64; x64) AppleWebKit/537.36 (KHTML, like Gecko) Chrome/81.0.4044.138 Safari/537.36"
::1 - - [08/May/2020:15:10:16 +0000] "GET /api/v1/books/5ea7f00145ff9336583d3c21 HTTP/1.1" 304 - "http://localhost:3000/books/5ea7f00145ff9336583d3c21" "Mozilla/5.0 (Windows NT 10.0; Win64; x64) AppleWebKit/537.36 (KHTML, like Gecko) Chrome/81.0.4044.138 Safari/537.36"
::1 - - [08/May/2020:15:10:54 +0000] "GET /api/v1/books/5ea7f00145ff9336583d3c21 HTTP/1.1" 304 - "http://localhost:3000/books/5ea7f00145ff9336583d3c21" "Mozilla/5.0 (Windows NT 10.0; Win64; x64) AppleWebKit/537.36 (KHTML, like Gecko) Chrome/81.0.4044.138 Safari/537.36"
::1 - - [08/May/2020:15:12:45 +0000] "GET /api/v1/books?limit=100 HTTP/1.1" 304 - "http://localhost:3000/books" "Mozilla/5.0 (Windows NT 10.0; Win64; x64) AppleWebKit/537.36 (KHTML, like Gecko) Chrome/81.0.4044.138 Safari/537.36"
::1 - - [08/May/2020:15:13:02 +0000] "GET /api/v1/books/5ea7f00145ff9336583d3c17 HTTP/1.1" 304 - "http://localhost:3000/books/5ea7f00145ff9336583d3c17" "Mozilla/5.0 (Windows NT 10.0; Win64; x64) AppleWebKit/537.36 (KHTML, like Gecko) Chrome/81.0.4044.138 Safari/537.36"
::1 - - [08/May/2020:15:13:04 +0000] "GET /api/v1/books?limit=100 HTTP/1.1" 304 - "http://localhost:3000/books" "Mozilla/5.0 (Windows NT 10.0; Win64; x64) AppleWebKit/537.36 (KHTML, like Gecko) Chrome/81.0.4044.138 Safari/537.36"
::1 - - [08/May/2020:15:13:05 +0000] "GET /api/v1/books/5ea7f00145ff9336583d3c16 HTTP/1.1" 304 - "http://localhost:3000/books/5ea7f00145ff9336583d3c16" "Mozilla/5.0 (Windows NT 10.0; Win64; x64) AppleWebKit/537.36 (KHTML, like Gecko) Chrome/81.0.4044.138 Safari/537.36"
::1 - - [08/May/2020:15:13:07 +0000] "GET /api/v1/books?limit=100 HTTP/1.1" 304 - "http://localhost:3000/books" "Mozilla/5.0 (Windows NT 10.0; Win64; x64) AppleWebKit/537.36 (KHTML, like Gecko) Chrome/81.0.4044.138 Safari/537.36"
::1 - - [08/May/2020:15:13:07 +0000] "GET /api/v1/books/5ea7f00145ff9336583d3c1a HTTP/1.1" 200 2285 "http://localhost:3000/books/5ea7f00145ff9336583d3c1a" "Mozilla/5.0 (Windows NT 10.0; Win64; x64) AppleWebKit/537.36 (KHTML, like Gecko) Chrome/81.0.4044.138 Safari/537.36"
::1 - - [08/May/2020:15:13:10 +0000] "GET /api/v1/books?limit=100 HTTP/1.1" 304 - "http://localhost:3000/books" "Mozilla/5.0 (Windows NT 10.0; Win64; x64) AppleWebKit/537.36 (KHTML, like Gecko) Chrome/81.0.4044.138 Safari/537.36"
::1 - - [08/May/2020:15:13:58 +0000] "POST /api/v1/users/login HTTP/1.1" 200 444 "http://localhost:3000/" "Mozilla/5.0 (Windows NT 10.0; Win64; x64) AppleWebKit/537.36 (KHTML, like Gecko) Chrome/81.0.4044.138 Safari/537.36"
::1 - - [08/May/2020:15:13:59 +0000] "GET /api/v1/books?limit=100 HTTP/1.1" 304 - "http://localhost:3000/books" "Mozilla/5.0 (Windows NT 10.0; Win64; x64) AppleWebKit/537.36 (KHTML, like Gecko) Chrome/81.0.4044.138 Safari/537.36"
::1 - - [08/May/2020:15:14:30 +0000] "POST /api/v1/users/login HTTP/1.1" 200 444 "http://localhost:3000/" "Mozilla/5.0 (Windows NT 10.0; Win64; x64) AppleWebKit/537.36 (KHTML, like Gecko) Chrome/81.0.4044.138 Safari/537.36"
::1 - - [08/May/2020:15:14:30 +0000] "GET /api/v1/books?limit=100 HTTP/1.1" 304 - "http://localhost:3000/books" "Mozilla/5.0 (Windows NT 10.0; Win64; x64) AppleWebKit/537.36 (KHTML, like Gecko) Chrome/81.0.4044.138 Safari/537.36"
::1 - - [08/May/2020:15:17:37 +0000] "POST /api/v1/users/login HTTP/1.1" 200 444 "http://localhost:3000/" "Mozilla/5.0 (Windows NT 10.0; Win64; x64) AppleWebKit/537.36 (KHTML, like Gecko) Chrome/81.0.4044.138 Safari/537.36"
::1 - - [08/May/2020:15:17:38 +0000] "GET /api/v1/books?limit=100 HTTP/1.1" 304 - "http://localhost:3000/books" "Mozilla/5.0 (Windows NT 10.0; Win64; x64) AppleWebKit/537.36 (KHTML, like Gecko) Chrome/81.0.4044.138 Safari/537.36"
::1 - - [08/May/2020:15:17:58 +0000] "GET /api/v1/books?limit=100 HTTP/1.1" 304 - "http://localhost:3000/books" "Mozilla/5.0 (Windows NT 10.0; Win64; x64) AppleWebKit/537.36 (KHTML, like Gecko) Chrome/81.0.4044.138 Safari/537.36"
::1 - - [08/May/2020:15:18:05 +0000] "GET /api/v1/books/5ea7f00145ff9336583d3c16 HTTP/1.1" 304 - "http://localhost:3000/books/5ea7f00145ff9336583d3c16" "Mozilla/5.0 (Windows NT 10.0; Win64; x64) AppleWebKit/537.36 (KHTML, like Gecko) Chrome/81.0.4044.138 Safari/537.36"
::1 - - [08/May/2020:15:18:07 +0000] "GET /api/v1/books?limit=100 HTTP/1.1" 304 - "http://localhost:3000/books" "Mozilla/5.0 (Windows NT 10.0; Win64; x64) AppleWebKit/537.36 (KHTML, like Gecko) Chrome/81.0.4044.138 Safari/537.36"
::1 - - [08/May/2020:15:18:56 +0000] "GET /api/v1/books?limit=100 HTTP/1.1" 304 - "http://localhost:3000/books" "Mozilla/5.0 (Windows NT 10.0; Win64; x64) AppleWebKit/537.36 (KHTML, like Gecko) Chrome/81.0.4044.138 Safari/537.36"
::1 - - [08/May/2020:15:18:58 +0000] "GET /api/v1/books?limit=100 HTTP/1.1" 304 - "http://localhost:3000/books" "Mozilla/5.0 (Windows NT 10.0; Win64; x64) AppleWebKit/537.36 (KHTML, like Gecko) Chrome/81.0.4044.138 Safari/537.36"
::1 - - [08/May/2020:15:18:59 +0000] "GET /api/v1/books?limit=100 HTTP/1.1" 304 - "http://localhost:3000/books" "Mozilla/5.0 (Windows NT 10.0; Win64; x64) AppleWebKit/537.36 (KHTML, like Gecko) Chrome/81.0.4044.138 Safari/537.36"
::1 - - [08/May/2020:15:19:02 +0000] "GET /api/v1/books?limit=100 HTTP/1.1" 304 - "http://localhost:3000/books" "Mozilla/5.0 (Windows NT 10.0; Win64; x64) AppleWebKit/537.36 (KHTML, like Gecko) Chrome/81.0.4044.138 Safari/537.36"
::1 - - [08/May/2020:15:19:17 +0000] "GET /api/v1/books?limit=100 HTTP/1.1" 304 - "http://localhost:3000/books" "Mozilla/5.0 (Windows NT 10.0; Win64; x64) AppleWebKit/537.36 (KHTML, like Gecko) Chrome/81.0.4044.138 Safari/537.36"
::1 - - [08/May/2020:15:19:45 +0000] "GET /api/v1/books?limit=100 HTTP/1.1" 304 - "http://localhost:3000/books" "Mozilla/5.0 (Windows NT 10.0; Win64; x64) AppleWebKit/537.36 (KHTML, like Gecko) Chrome/81.0.4044.138 Safari/537.36"
::1 - - [08/May/2020:15:19:48 +0000] "GET /api/v1/books?limit=100 HTTP/1.1" 304 - "http://localhost:3000/books" "Mozilla/5.0 (Windows NT 10.0; Win64; x64) AppleWebKit/537.36 (KHTML, like Gecko) Chrome/81.0.4044.138 Safari/537.36"
::1 - - [08/May/2020:15:19:50 +0000] "GET /api/v1/books?limit=100 HTTP/1.1" 304 - "http://localhost:3000/books" "Mozilla/5.0 (Windows NT 10.0; Win64; x64) AppleWebKit/537.36 (KHTML, like Gecko) Chrome/81.0.4044.138 Safari/537.36"
::1 - - [08/May/2020:15:19:50 +0000] "GET /api/v1/books?limit=100 HTTP/1.1" 304 - "http://localhost:3000/books" "Mozilla/5.0 (Windows NT 10.0; Win64; x64) AppleWebKit/537.36 (KHTML, like Gecko) Chrome/81.0.4044.138 Safari/537.36"
::1 - - [08/May/2020:15:20:08 +0000] "GET /api/v1/books?limit=100 HTTP/1.1" 304 - "http://localhost:3000/books" "Mozilla/5.0 (Windows NT 10.0; Win64; x64) AppleWebKit/537.36 (KHTML, like Gecko) Chrome/81.0.4044.138 Safari/537.36"
::1 - - [08/May/2020:15:20:39 +0000] "GET /api/v1/books?limit=100 HTTP/1.1" 304 - "http://localhost:3000/books" "Mozilla/5.0 (Windows NT 10.0; Win64; x64) AppleWebKit/537.36 (KHTML, like Gecko) Chrome/81.0.4044.138 Safari/537.36"
::1 - - [08/May/2020:15:20:45 +0000] "GET /api/v1/books?limit=100 HTTP/1.1" 304 - "http://localhost:3000/books" "Mozilla/5.0 (Windows NT 10.0; Win64; x64) AppleWebKit/537.36 (KHTML, like Gecko) Chrome/81.0.4044.138 Safari/537.36"
::1 - - [08/May/2020:15:20:53 +0000] "GET /api/v1/books?limit=100 HTTP/1.1" 304 - "http://localhost:3000/books" "Mozilla/5.0 (Windows NT 10.0; Win64; x64) AppleWebKit/537.36 (KHTML, like Gecko) Chrome/81.0.4044.138 Safari/537.36"
::1 - - [08/May/2020:15:21:13 +0000] "GET /api/v1/books?limit=100 HTTP/1.1" 304 - "http://localhost:3000/books" "Mozilla/5.0 (Windows NT 10.0; Win64; x64) AppleWebKit/537.36 (KHTML, like Gecko) Chrome/81.0.4044.138 Safari/537.36"
::1 - - [08/May/2020:15:21:15 +0000] "GET /api/v1/books?limit=100 HTTP/1.1" 304 - "http://localhost:3000/books" "Mozilla/5.0 (Windows NT 10.0; Win64; x64) AppleWebKit/537.36 (KHTML, like Gecko) Chrome/81.0.4044.138 Safari/537.36"
::1 - - [08/May/2020:15:21:17 +0000] "GET /api/v1/books?limit=100 HTTP/1.1" 304 - "http://localhost:3000/books" "Mozilla/5.0 (Windows NT 10.0; Win64; x64) AppleWebKit/537.36 (KHTML, like Gecko) Chrome/81.0.4044.138 Safari/537.36"
::1 - - [08/May/2020:15:21:19 +0000] "GET /api/v1/books?limit=100 HTTP/1.1" 304 - "http://localhost:3000/books" "Mozilla/5.0 (Windows NT 10.0; Win64; x64) AppleWebKit/537.36 (KHTML, like Gecko) Chrome/81.0.4044.138 Safari/537.36"
::1 - - [08/May/2020:15:21:21 +0000] "GET /api/v1/books?limit=100 HTTP/1.1" 304 - "http://localhost:3000/books" "Mozilla/5.0 (Windows NT 10.0; Win64; x64) AppleWebKit/537.36 (KHTML, like Gecko) Chrome/81.0.4044.138 Safari/537.36"
::1 - - [08/May/2020:15:22:00 +0000] "GET /api/v1/books?limit=100 HTTP/1.1" 304 - "http://localhost:3000/books" "Mozilla/5.0 (Windows NT 10.0; Win64; x64) AppleWebKit/537.36 (KHTML, like Gecko) Chrome/81.0.4044.138 Safari/537.36"
::1 - - [08/May/2020:15:22:35 +0000] "GET /api/v1/books?limit=100 HTTP/1.1" 304 - "http://localhost:3000/books" "Mozilla/5.0 (Windows NT 10.0; Win64; x64) AppleWebKit/537.36 (KHTML, like Gecko) Chrome/81.0.4044.138 Safari/537.36"
::1 - - [08/May/2020:15:22:44 +0000] "GET /api/v1/books?limit=100 HTTP/1.1" 304 - "http://localhost:3000/books" "Mozilla/5.0 (Windows NT 10.0; Win64; x64) AppleWebKit/537.36 (KHTML, like Gecko) Chrome/81.0.4044.138 Safari/537.36"
::1 - - [08/May/2020:15:22:54 +0000] "GET /api/v1/books?limit=100 HTTP/1.1" 304 - "http://localhost:3000/books" "Mozilla/5.0 (Windows NT 10.0; Win64; x64) AppleWebKit/537.36 (KHTML, like Gecko) Chrome/81.0.4044.138 Safari/537.36"
::1 - - [08/May/2020:15:22:59 +0000] "GET /api/v1/books?limit=100 HTTP/1.1" 304 - "http://localhost:3000/books" "Mozilla/5.0 (Windows NT 10.0; Win64; x64) AppleWebKit/537.36 (KHTML, like Gecko) Chrome/81.0.4044.138 Safari/537.36"
::1 - - [08/May/2020:15:23:14 +0000] "GET /api/v1/books?limit=100 HTTP/1.1" 304 - "http://localhost:3000/books" "Mozilla/5.0 (Windows NT 10.0; Win64; x64) AppleWebKit/537.36 (KHTML, like Gecko) Chrome/81.0.4044.138 Safari/537.36"
::1 - - [08/May/2020:15:23:19 +0000] "GET /api/v1/books?limit=100 HTTP/1.1" 304 - "http://localhost:3000/books" "Mozilla/5.0 (Windows NT 10.0; Win64; x64) AppleWebKit/537.36 (KHTML, like Gecko) Chrome/81.0.4044.138 Safari/537.36"
::1 - - [08/May/2020:15:23:30 +0000] "GET /api/v1/books?limit=100 HTTP/1.1" 304 - "http://localhost:3000/books" "Mozilla/5.0 (Windows NT 10.0; Win64; x64) AppleWebKit/537.36 (KHTML, like Gecko) Chrome/81.0.4044.138 Safari/537.36"
::1 - - [08/May/2020:15:23:51 +0000] "GET /api/v1/books?limit=100 HTTP/1.1" 304 - "http://localhost:3000/books" "Mozilla/5.0 (Windows NT 10.0; Win64; x64) AppleWebKit/537.36 (KHTML, like Gecko) Chrome/81.0.4044.138 Safari/537.36"
::1 - - [08/May/2020:15:24:01 +0000] "GET /api/v1/books?limit=100 HTTP/1.1" 304 - "http://localhost:3000/books" "Mozilla/5.0 (Windows NT 10.0; Win64; x64) AppleWebKit/537.36 (KHTML, like Gecko) Chrome/81.0.4044.138 Safari/537.36"
::1 - - [08/May/2020:15:24:38 +0000] "GET /api/v1/books?limit=100 HTTP/1.1" 304 - "http://localhost:3000/books" "Mozilla/5.0 (Windows NT 10.0; Win64; x64) AppleWebKit/537.36 (KHTML, like Gecko) Chrome/81.0.4044.138 Safari/537.36"
::1 - - [08/May/2020:15:24:41 +0000] "GET /api/v1/books?limit=100 HTTP/1.1" 304 - "http://localhost:3000/books" "Mozilla/5.0 (Windows NT 10.0; Win64; x64) AppleWebKit/537.36 (KHTML, like Gecko) Chrome/81.0.4044.138 Safari/537.36"
::1 - - [08/May/2020:15:24:46 +0000] "GET /api/v1/books?limit=100 HTTP/1.1" 304 - "http://localhost:3000/books" "Mozilla/5.0 (Windows NT 10.0; Win64; x64) AppleWebKit/537.36 (KHTML, like Gecko) Chrome/81.0.4044.138 Safari/537.36"
::1 - - [08/May/2020:15:24:56 +0000] "GET /api/v1/books?limit=100 HTTP/1.1" 304 - "http://localhost:3000/books" "Mozilla/5.0 (Windows NT 10.0; Win64; x64) AppleWebKit/537.36 (KHTML, like Gecko) Chrome/81.0.4044.138 Safari/537.36"
::1 - - [08/May/2020:15:25:07 +0000] "GET /api/v1/books?limit=100 HTTP/1.1" 304 - "http://localhost:3000/books" "Mozilla/5.0 (Windows NT 10.0; Win64; x64) AppleWebKit/537.36 (KHTML, like Gecko) Chrome/81.0.4044.138 Safari/537.36"
::1 - - [08/May/2020:15:25:11 +0000] "GET /api/v1/books?limit=100 HTTP/1.1" 304 - "http://localhost:3000/books" "Mozilla/5.0 (Windows NT 10.0; Win64; x64) AppleWebKit/537.36 (KHTML, like Gecko) Chrome/81.0.4044.138 Safari/537.36"
::1 - - [08/May/2020:15:25:50 +0000] "GET /api/v1/books?limit=100 HTTP/1.1" 304 - "http://localhost:3000/books" "Mozilla/5.0 (Windows NT 10.0; Win64; x64) AppleWebKit/537.36 (KHTML, like Gecko) Chrome/81.0.4044.138 Safari/537.36"
::1 - - [08/May/2020:15:25:52 +0000] "GET /api/v1/books?limit=100 HTTP/1.1" 304 - "http://localhost:3000/books" "Mozilla/5.0 (Windows NT 10.0; Win64; x64) AppleWebKit/537.36 (KHTML, like Gecko) Chrome/81.0.4044.138 Safari/537.36"
::1 - - [08/May/2020:15:26:09 +0000] "POST /api/v1/users/login HTTP/1.1" 200 444 "http://localhost:3000/" "Mozilla/5.0 (Windows NT 10.0; Win64; x64) AppleWebKit/537.36 (KHTML, like Gecko) Chrome/81.0.4044.138 Safari/537.36"
::1 - - [08/May/2020:15:26:09 +0000] "GET /api/v1/books?limit=100 HTTP/1.1" 304 - "http://localhost:3000/books" "Mozilla/5.0 (Windows NT 10.0; Win64; x64) AppleWebKit/537.36 (KHTML, like Gecko) Chrome/81.0.4044.138 Safari/537.36"
::1 - - [08/May/2020:15:26:16 +0000] "GET /api/v1/books/5ea7f00145ff9336583d3c19 HTTP/1.1" 304 - "http://localhost:3000/books/5ea7f00145ff9336583d3c19" "Mozilla/5.0 (Windows NT 10.0; Win64; x64) AppleWebKit/537.36 (KHTML, like Gecko) Chrome/81.0.4044.138 Safari/537.36"
::1 - - [08/May/2020:15:26:24 +0000] "GET /api/v1/books?limit=100 HTTP/1.1" 304 - "http://localhost:3000/books" "Mozilla/5.0 (Windows NT 10.0; Win64; x64) AppleWebKit/537.36 (KHTML, like Gecko) Chrome/81.0.4044.138 Safari/537.36"
::1 - - [08/May/2020:15:26:26 +0000] "GET /api/v1/books/5ea7f00145ff9336583d3c16 HTTP/1.1" 304 - "http://localhost:3000/books/5ea7f00145ff9336583d3c16" "Mozilla/5.0 (Windows NT 10.0; Win64; x64) AppleWebKit/537.36 (KHTML, like Gecko) Chrome/81.0.4044.138 Safari/537.36"
::1 - - [08/May/2020:15:26:28 +0000] "GET /api/v1/books?limit=100 HTTP/1.1" 304 - "http://localhost:3000/books" "Mozilla/5.0 (Windows NT 10.0; Win64; x64) AppleWebKit/537.36 (KHTML, like Gecko) Chrome/81.0.4044.138 Safari/537.36"
::1 - - [08/May/2020:15:26:42 +0000] "GET /api/v1/books?limit=100 HTTP/1.1" 304 - "http://localhost:3000/books" "Mozilla/5.0 (Windows NT 10.0; Win64; x64) AppleWebKit/537.36 (KHTML, like Gecko) Chrome/81.0.4044.138 Safari/537.36"
::1 - - [08/May/2020:15:26:43 +0000] "GET /api/v1/books?limit=100 HTTP/1.1" 304 - "http://localhost:3000/books" "Mozilla/5.0 (Windows NT 10.0; Win64; x64) AppleWebKit/537.36 (KHTML, like Gecko) Chrome/81.0.4044.138 Safari/537.36"
::1 - - [08/May/2020:15:27:27 +0000] "POST /api/v1/users/login HTTP/1.1" 200 444 "http://localhost:3000/" "Mozilla/5.0 (Windows NT 10.0; Win64; x64) AppleWebKit/537.36 (KHTML, like Gecko) Chrome/81.0.4044.138 Safari/537.36"
::1 - - [08/May/2020:15:27:27 +0000] "GET /api/v1/books?limit=100 HTTP/1.1" 304 - "http://localhost:3000/books" "Mozilla/5.0 (Windows NT 10.0; Win64; x64) AppleWebKit/537.36 (KHTML, like Gecko) Chrome/81.0.4044.138 Safari/537.36"
::1 - - [08/May/2020:15:27:32 +0000] "POST /api/v1/users/login HTTP/1.1" 401 123 "http://localhost:3000/" "Mozilla/5.0 (Windows NT 10.0; Win64; x64) AppleWebKit/537.36 (KHTML, like Gecko) Chrome/81.0.4044.138 Safari/537.36"
::1 - - [08/May/2020:15:27:35 +0000] "POST /api/v1/users/login HTTP/1.1" 200 444 "http://localhost:3000/" "Mozilla/5.0 (Windows NT 10.0; Win64; x64) AppleWebKit/537.36 (KHTML, like Gecko) Chrome/81.0.4044.138 Safari/537.36"
::1 - - [08/May/2020:15:27:35 +0000] "GET /api/v1/books?limit=100 HTTP/1.1" 304 - "http://localhost:3000/books" "Mozilla/5.0 (Windows NT 10.0; Win64; x64) AppleWebKit/537.36 (KHTML, like Gecko) Chrome/81.0.4044.138 Safari/537.36"
