::1 - - [28/Apr/2020:02:29:38 +0000] "PUT /api/v1/books/5e9d481d01d2c0386862d04e HTTP/1.1" 500 74 "-" "PostmanRuntime/7.24.1"
::1 - - [28/Apr/2020:02:30:14 +0000] "PUT /api/v1/books/5e9d481d01d2c0386862d04e HTTP/1.1" 200 1957 "-" "PostmanRuntime/7.24.1"
::1 - - [28/Apr/2020:02:30:41 +0000] "PUT /api/v1/books/5e9d481d01d2c0386862d04e HTTP/1.1" 200 1957 "-" "PostmanRuntime/7.24.1"
::1 - - [28/Apr/2020:02:31:48 +0000] "PUT /api/v1/books/5e9d481d01d2c0386862d04e HTTP/1.1" 200 1957 "-" "PostmanRuntime/7.24.1"
::1 - - [28/Apr/2020:02:32:01 +0000] "GET /api/v1/books/5e9d481d01d2c0386862d04e HTTP/1.1" 200 1957 "-" "PostmanRuntime/7.24.1"
::1 - - [28/Apr/2020:07:36:27 +0000] "POST /api/v1/users/register HTTP/1.1" 500 201 "-" "PostmanRuntime/7.24.1"
::1 - - [28/Apr/2020:07:40:58 +0000] "POST /api/v1/users/register HTTP/1.1" 500 201 "-" "PostmanRuntime/7.24.1"
::1 - - [28/Apr/2020:07:41:25 +0000] "POST /api/v1/users/register HTTP/1.1" 500 201 "-" "PostmanRuntime/7.24.1"
::1 - - [28/Apr/2020:07:41:46 +0000] "POST /api/v1/users/register HTTP/1.1" 500 201 "-" "PostmanRuntime/7.24.1"
::1 - - [28/Apr/2020:07:42:07 +0000] "POST /api/v1/users/register HTTP/1.1" 500 201 "-" "PostmanRuntime/7.24.1"
::1 - - [28/Apr/2020:07:43:04 +0000] "POST /api/v1/users/register HTTP/1.1" 500 213 "-" "PostmanRuntime/7.24.1"
::1 - - [28/Apr/2020:07:43:48 +0000] "POST /api/v1/users/register HTTP/1.1" 500 201 "-" "PostmanRuntime/7.24.1"
::1 - - [28/Apr/2020:07:44:04 +0000] "POST /api/v1/users/register HTTP/1.1" 500 201 "-" "PostmanRuntime/7.24.1"
::1 - - [28/Apr/2020:07:46:31 +0000] "POST /api/v1/users/register HTTP/1.1" 500 201 "-" "PostmanRuntime/7.24.1"
::1 - - [28/Apr/2020:07:46:36 +0000] "POST /api/v1/users/registerd HTTP/1.1" 500 203 "-" "PostmanRuntime/7.24.1"
::1 - - [28/Apr/2020:07:46:40 +0000] "POST /api/v1/users/sdf HTTP/1.1" 500 191 "-" "PostmanRuntime/7.24.1"
::1 - - [28/Apr/2020:07:46:53 +0000] "POST /api/v1/users/register HTTP/1.1" 500 201 "-" "PostmanRuntime/7.24.1"
::1 - - [28/Apr/2020:07:51:33 +0000] "POST /api/v1/users/register HTTP/1.1" 500 213 "-" "PostmanRuntime/7.24.1"
::1 - - [28/Apr/2020:07:53:26 +0000] "POST /api/v1/users/register HTTP/1.1" 200 29 "-" "PostmanRuntime/7.24.1"
::1 - - [28/Apr/2020:07:54:40 +0000] "POST /api/v1/users/register HTTP/1.1" 200 439 "-" "PostmanRuntime/7.24.1"
::1 - - [28/Apr/2020:07:57:56 +0000] "GET /api/v1/users HTTP/1.1" 200 1075 "-" "PostmanRuntime/7.24.1"
::1 - - [28/Apr/2020:07:58:54 +0000] "GET /api/v1/users?select=name HTTP/1.1" 200 450 "-" "PostmanRuntime/7.24.1"
::1 - - [28/Apr/2020:07:59:18 +0000] "GET /api/v1/users HTTP/1.1" 200 1075 "-" "PostmanRuntime/7.24.1"
::1 - - [28/Apr/2020:07:59:30 +0000] "GET /api/v1/users/5ea5723aab227a55b42f6e75 HTTP/1.1" 200 162 "-" "PostmanRuntime/7.24.1"
::1 - - [28/Apr/2020:08:00:32 +0000] "PUT /api/v1/users/5ea5723aab227a55b42f6e75 HTTP/1.1" 404 176 "-" "PostmanRuntime/7.24.1"
::1 - - [28/Apr/2020:08:01:21 +0000] "PUT /api/v1/users/5ea5723aab227a55b42f6e75 HTTP/1.1" 200 30 "-" "PostmanRuntime/7.24.1"
::1 - - [28/Apr/2020:08:01:49 +0000] "PUT /api/v1/users/5ea5723aab227a55b42f6e75 HTTP/1.1" 200 168 "-" "PostmanRuntime/7.24.1"
::1 - - [28/Apr/2020:08:02:37 +0000] "DELETE /api/v1/users/5ea5723aab227a55b42f6e75 HTTP/1.1" 200 168 "-" "PostmanRuntime/7.24.1"
::1 - - [28/Apr/2020:08:02:52 +0000] "GET /api/v1/users/5ea5723aab227a55b42f6e75 HTTP/1.1" 400 126 "-" "PostmanRuntime/7.24.1"
::1 - - [28/Apr/2020:08:03:49 +0000] "POST /api/v1/users HTTP/1.1" 500 384 "-" "PostmanRuntime/7.24.1"
::1 - - [28/Apr/2020:08:03:59 +0000] "POST /api/v1/users HTTP/1.1" 500 384 "-" "PostmanRuntime/7.24.1"
::1 - - [28/Apr/2020:08:04:05 +0000] "POST /api/v1/users HTTP/1.1" 200 241 "-" "PostmanRuntime/7.24.1"
::1 - - [28/Apr/2020:08:07:33 +0000] "GET /api/v1/users?select=name HTTP/1.1" 200 454 "-" "PostmanRuntime/7.24.1"
::1 - - [28/Apr/2020:08:07:39 +0000] "GET /api/v1/users HTTP/1.1" 200 1080 "-" "PostmanRuntime/7.24.1"
::1 - - [28/Apr/2020:08:09:42 +0000] "GET /api/v1/books HTTP/1.1" 200 9571 "-" "PostmanRuntime/7.24.1"
::1 - - [28/Apr/2020:08:10:07 +0000] "GET /api/v1/books?page=3 HTTP/1.1" 200 1905 "-" "PostmanRuntime/7.24.1"
::1 - - [28/Apr/2020:08:24:47 +0000] "GET /api/v1/users HTTP/1.1" 200 1080 "-" "PostmanRuntime/7.24.1"
::1 - - [28/Apr/2020:08:24:57 +0000] "GET /api/v1/books?page=3 HTTP/1.1" 200 117 "-" "PostmanRuntime/7.24.1"
::1 - - [28/Apr/2020:08:25:06 +0000] "GET /api/v1/users HTTP/1.1" 200 1080 "-" "PostmanRuntime/7.24.1"
::1 - - [28/Apr/2020:08:32:57 +0000] "GET /api/v1/users HTTP/1.1" 200 1080 "-" "PostmanRuntime/7.24.1"
::1 - - [28/Apr/2020:08:33:01 +0000] "GET /api/v1/users/5ea5723aab227a55b42f6e75 HTTP/1.1" 400 126 "-" "PostmanRuntime/7.24.1"
::1 - - [28/Apr/2020:08:33:09 +0000] "GET /api/v1/users/5ea015a84448022f50c58be5 HTTP/1.1" 200 160 "-" "PostmanRuntime/7.24.1"
::1 - - [28/Apr/2020:08:36:36 +0000] "GET /api/v1/books?page=3 HTTP/1.1" 200 8162 "-" "PostmanRuntime/7.24.1"
::1 - - [28/Apr/2020:08:37:12 +0000] "GET /api/v1/books?page=4 HTTP/1.1" 200 5509 "-" "PostmanRuntime/7.24.1"
::1 - - [28/Apr/2020:08:37:40 +0000] "GET /api/v1/users HTTP/1.1" 200 1080 "-" "PostmanRuntime/7.24.1"
::1 - - [28/Apr/2020:08:38:54 +0000] "GET /api/v1/users HTTP/1.1" 200 1080 "-" "PostmanRuntime/7.24.1"
::1 - - [28/Apr/2020:08:38:59 +0000] "GET /api/v1/books?page=4 HTTP/1.1" 200 117 "-" "PostmanRuntime/7.24.1"
::1 - - [28/Apr/2020:08:39:05 +0000] "GET /api/v1/categories HTTP/1.1" 200 94 "-" "PostmanRuntime/7.24.1"
::1 - - [28/Apr/2020:08:39:12 +0000] "GET /api/v1/users HTTP/1.1" 200 1080 "-" "PostmanRuntime/7.24.1"
::1 - - [28/Apr/2020:08:39:38 +0000] "GET /api/v1/users HTTP/1.1" 200 1080 "-" "PostmanRuntime/7.24.1"
::1 - - [28/Apr/2020:08:48:51 +0000] "GET /api/v1/users HTTP/1.1" 200 1080 "-" "PostmanRuntime/7.24.1"
::1 - - [28/Apr/2020:08:48:57 +0000] "GET /api/v1/books HTTP/1.1" 200 103 "-" "PostmanRuntime/7.24.1"
::1 - - [28/Apr/2020:08:50:32 +0000] "GET /api/v1/users HTTP/1.1" 200 1080 "-" "PostmanRuntime/7.24.1"
::1 - - [28/Apr/2020:08:56:04 +0000] "GET /api/v1/books HTTP/1.1" 200 103 "-" "PostmanRuntime/7.24.1"
::1 - - [28/Apr/2020:08:56:11 +0000] "GET /api/v1/users HTTP/1.1" 200 1080 "-" "PostmanRuntime/7.24.1"
::1 - - [28/Apr/2020:08:56:41 +0000] "GET /api/v1/users HTTP/1.1" 200 94 "-" "PostmanRuntime/7.24.1"
::1 - - [28/Apr/2020:08:57:59 +0000] "GET /api/v1/users HTTP/1.1" 200 524 "-" "PostmanRuntime/7.24.1"
::1 - - [28/Apr/2020:08:58:28 +0000] "GET /api/v1/books HTTP/1.1" 200 10533 "-" "PostmanRuntime/7.24.1"
::1 - - [28/Apr/2020:09:11:02 +0000] "GET /api/v1/users/5ea5723aab227a55b42f6e75 HTTP/1.1" 400 126 "-" "PostmanRuntime/7.24.1"
::1 - - [28/Apr/2020:09:11:07 +0000] "GET /api/v1/users HTTP/1.1" 200 524 "-" "PostmanRuntime/7.24.1"
::1 - - [28/Apr/2020:09:11:18 +0000] "GET /api/v1/users/5ea015a84448022f50c58be5 HTTP/1.1" 200 168 "-" "PostmanRuntime/7.24.1"
::1 - - [28/Apr/2020:09:11:27 +0000] "GET /api/v1/users/5ea015a84448022f50c58be5/books HTTP/1.1" 500 263 "-" "PostmanRuntime/7.24.1"
::1 - - [28/Apr/2020:09:12:55 +0000] "GET /api/v1/users/5ea015a84448022f50c58be5 HTTP/1.1" 200 168 "-" "PostmanRuntime/7.24.1"
::1 - - [28/Apr/2020:09:13:40 +0000] "POST /api/v1/users/login HTTP/1.1" 200 444 "-" "PostmanRuntime/7.24.1"
::1 - - [28/Apr/2020:09:13:55 +0000] "GET /api/v1/users/5ea015a84448022f50c58be5/books HTTP/1.1" 500 263 "-" "PostmanRuntime/7.24.1"
::1 - - [28/Apr/2020:09:14:40 +0000] "GET /api/v1/users/5ea015a84448022f50c58be5/books HTTP/1.1" 500 263 "-" "PostmanRuntime/7.24.1"
::1 - - [28/Apr/2020:09:15:12 +0000] "POST /api/v1/users/login HTTP/1.1" 200 444 "-" "PostmanRuntime/7.24.1"
::1 - - [28/Apr/2020:09:16:52 +0000] "POST /api/v1/users/login HTTP/1.1" 200 444 "-" "PostmanRuntime/7.24.1"
::1 - - [28/Apr/2020:09:17:02 +0000] "GET /api/v1/users/5ea015a84448022f50c58be5/books HTTP/1.1" 500 263 "-" "PostmanRuntime/7.24.1"
::1 - - [28/Apr/2020:09:17:48 +0000] "POST /api/v1/users/login HTTP/1.1" 200 444 "-" "PostmanRuntime/7.24.1"
::1 - - [28/Apr/2020:09:19:52 +0000] "GET /api/v1/users/5ea015a84448022f50c58be5/books HTTP/1.1" 500 263 "-" "PostmanRuntime/7.24.1"
::1 - - [28/Apr/2020:09:22:49 +0000] "GET /api/v1/users/5ea015a84448022f50c58be5/books HTTP/1.1" 200 117 "-" "PostmanRuntime/7.24.1"
::1 - - [28/Apr/2020:09:24:59 +0000] "GET /api/v1/users/5ea015a84448022f50c58be5/books HTTP/1.1" 401 183 "-" "PostmanRuntime/7.24.1"
::1 - - [28/Apr/2020:09:25:26 +0000] "POST /api/v1/users/login HTTP/1.1" 200 444 "-" "PostmanRuntime/7.24.1"
::1 - - [28/Apr/2020:09:25:32 +0000] "GET /api/v1/users/5ea015a84448022f50c58be5/books HTTP/1.1" 401 183 "-" "PostmanRuntime/7.24.1"
::1 - - [28/Apr/2020:09:26:58 +0000] "POST /api/v1/users/login HTTP/1.1" 200 444 "-" "PostmanRuntime/7.24.1"
::1 - - [28/Apr/2020:09:27:01 +0000] "GET /api/v1/users/5ea015a84448022f50c58be5/books HTTP/1.1" 401 183 "-" "PostmanRuntime/7.24.1"
::1 - - [28/Apr/2020:09:27:10 +0000] "POST /api/v1/users/login HTTP/1.1" 200 444 "-" "PostmanRuntime/7.24.1"
::1 - - [28/Apr/2020:09:27:18 +0000] "GET /api/v1/users/5ea015a84448022f50c58be5/books HTTP/1.1" 401 183 "-" "PostmanRuntime/7.24.1"
::1 - - [28/Apr/2020:09:30:03 +0000] "GET /api/v1/users/5ea015a84448022f50c58be5/books HTTP/1.1" 401 252 "-" "PostmanRuntime/7.24.1"
::1 - - [28/Apr/2020:09:30:12 +0000] "POST /api/v1/users/login HTTP/1.1" 200 444 "-" "PostmanRuntime/7.24.1"
::1 - - [28/Apr/2020:09:30:19 +0000] "GET /api/v1/users/5ea015a84448022f50c58be5/books HTTP/1.1" 200 10178 "-" "PostmanRuntime/7.24.1"
::1 - - [28/Apr/2020:09:30:43 +0000] "POST /api/v1/users/login HTTP/1.1" 200 440 "-" "PostmanRuntime/7.24.1"
::1 - - [28/Apr/2020:09:30:57 +0000] "GET /api/v1/users/5ea3e83bf932ea3944956bf9/books HTTP/1.1" 200 5691 "-" "PostmanRuntime/7.24.1"
::1 - - [28/Apr/2020:09:34:06 +0000] "GET /api/v1/users/5ea3e83bf932ea3944956bf9/books HTTP/1.1" 401 252 "-" "PostmanRuntime/7.24.1"
::1 - - [28/Apr/2020:09:34:11 +0000] "POST /api/v1/users/login HTTP/1.1" 200 440 "-" "PostmanRuntime/7.24.1"
::1 - - [28/Apr/2020:09:34:14 +0000] "GET /api/v1/users/5ea3e83bf932ea3944956bf9/books HTTP/1.1" 200 5691 "-" "PostmanRuntime/7.24.1"
::1 - - [28/Apr/2020:09:34:31 +0000] "GET /api/v1/users/5ea3e83bf932ea3944956bf9/books HTTP/1.1" 401 252 "-" "PostmanRuntime/7.24.1"
::1 - - [28/Apr/2020:09:34:37 +0000] "POST /api/v1/users/login HTTP/1.1" 200 440 "-" "PostmanRuntime/7.24.1"
::1 - - [28/Apr/2020:09:34:40 +0000] "GET /api/v1/users/5ea3e83bf932ea3944956bf9/books HTTP/1.1" 200 5691 "-" "PostmanRuntime/7.24.1"
::1 - - [28/Apr/2020:09:35:51 +0000] "POST /api/v1/users/login HTTP/1.1" 200 440 "-" "PostmanRuntime/7.24.1"
::1 - - [28/Apr/2020:09:35:56 +0000] "GET /api/v1/users HTTP/1.1" 401 252 "-" "PostmanRuntime/7.24.1"
::1 - - [28/Apr/2020:09:36:09 +0000] "POST /api/v1/users/login HTTP/1.1" 200 444 "-" "PostmanRuntime/7.24.1"
::1 - - [28/Apr/2020:09:36:16 +0000] "GET /api/v1/users HTTP/1.1" 401 252 "-" "PostmanRuntime/7.24.1"
::1 - - [28/Apr/2020:09:38:27 +0000] "POST /api/v1/users/login HTTP/1.1" 200 444 "-" "PostmanRuntime/7.24.1"
::1 - - [28/Apr/2020:09:38:33 +0000] "GET /api/v1/users HTTP/1.1" 200 524 "-" "PostmanRuntime/7.24.1"
::1 - - [28/Apr/2020:09:41:41 +0000] "POST /api/v1/users/login HTTP/1.1" 200 444 "-" "PostmanRuntime/7.24.1"
::1 - - [28/Apr/2020:09:41:46 +0000] "GET /api/v1/users/5ea015a84448022f50c58be5/books HTTP/1.1" 200 10178 "-" "PostmanRuntime/7.24.1"
::1 - - [28/Apr/2020:10:13:47 +0000] "POST /api/v1/users/login HTTP/1.1" 200 444 "-" "PostmanRuntime/7.24.1"
::1 - - [28/Apr/2020:10:13:55 +0000] "PUT /api/v1/books/5e9d481d01d2c0386862d059 HTTP/1.1" 400 122 "-" "PostmanRuntime/7.24.1"
::1 - - [28/Apr/2020:10:14:01 +0000] "GET /api/v1/books HTTP/1.1" 200 10533 "-" "PostmanRuntime/7.24.1"
::1 - - [28/Apr/2020:10:14:07 +0000] "PUT /api/v1/books/5ea7f00145ff9336583d3c16 HTTP/1.1" 200 1856 "-" "PostmanRuntime/7.24.1"
::1 - - [28/Apr/2020:10:16:00 +0000] "PUT /api/v1/books/5ea7f00145ff9336583d3c16 HTTP/1.1" 200 1784 "-" "PostmanRuntime/7.24.1"
::1 - - [28/Apr/2020:10:16:11 +0000] "PUT /api/v1/books/5ea7f00145ff9336583d3c16 HTTP/1.1" 200 1781 "-" "PostmanRuntime/7.24.1"
::1 - - [28/Apr/2020:10:16:22 +0000] "GET /api/v1/books/5ea7f00145ff9336583d3c16 HTTP/1.1" 200 1781 "-" "PostmanRuntime/7.24.1"
::1 - - [28/Apr/2020:10:16:47 +0000] "POST /api/v1/users/login HTTP/1.1" 200 440 "-" "PostmanRuntime/7.24.1"
::1 - - [28/Apr/2020:10:17:09 +0000] "PUT /api/v1/books/5ea7f00145ff9336583d3c16 HTTP/1.1" 403 150 "-" "PostmanRuntime/7.24.1"
::1 - - [28/Apr/2020:10:17:43 +0000] "POST /api/v1/users/login HTTP/1.1" 200 446 "-" "PostmanRuntime/7.24.1"
::1 - - [28/Apr/2020:10:17:51 +0000] "PUT /api/v1/books/5ea7f00145ff9336583d3c16 HTTP/1.1" 403 139 "-" "PostmanRuntime/7.24.1"
::1 - - [28/Apr/2020:10:20:23 +0000] "DELETE /api/v1/books/5ea7f00145ff9336583d3c16 HTTP/1.1" 403 154 "-" "PostmanRuntime/7.24.1"
::1 - - [28/Apr/2020:10:20:45 +0000] "DELETE /api/v1/books/5ea7f00145ff9336583d3c16 HTTP/1.1" 403 139 "-" "PostmanRuntime/7.24.1"
::1 - - [28/Apr/2020:10:21:01 +0000] "POST /api/v1/books/ HTTP/1.1" 200 836 "-" "PostmanRuntime/7.24.1"
::1 - - [28/Apr/2020:10:21:17 +0000] "PUT /api/v1/books/5ea8038d31ec5d30bc65edb2 HTTP/1.1" 200 841 "-" "PostmanRuntime/7.24.1"
::1 - - [28/Apr/2020:10:21:32 +0000] "DELETE /api/v1/books/5ea8038d31ec5d30bc65edb2 HTTP/1.1" 200 867 "-" "PostmanRuntime/7.24.1"
::1 - - [28/Apr/2020:10:21:43 +0000] "GET /api/v1/books/5ea8038d31ec5d30bc65edb2 HTTP/1.1" 404 125 "-" "PostmanRuntime/7.24.1"
::1 - - [29/Apr/2020:07:10:39 +0000] "POST /api/v1/users/forgot-password HTTP/1.1" 400 128 "-" "PostmanRuntime/7.24.1"
::1 - - [29/Apr/2020:07:10:47 +0000] "POST /api/v1/users/forgot-password HTTP/1.1" 200 26 "-" "PostmanRuntime/7.24.1"
::1 - - [29/Apr/2020:07:11:42 +0000] "POST /api/v1/users/forgot-password HTTP/1.1" 200 26 "-" "PostmanRuntime/7.24.1"
::1 - - [29/Apr/2020:07:12:35 +0000] "POST /api/v1/users/forgot-password HTTP/1.1" 200 66 "-" "PostmanRuntime/7.24.1"
::1 - - [29/Apr/2020:07:12:50 +0000] "POST /api/v1/users/forgot-password HTTP/1.1" 200 26 "-" "PostmanRuntime/7.24.1"
::1 - - [29/Apr/2020:07:13:12 +0000] "POST /api/v1/users/forgot-password HTTP/1.1" 400 128 "-" "PostmanRuntime/7.24.1"
::1 - - [29/Apr/2020:07:13:15 +0000] "POST /api/v1/users/forgot-password HTTP/1.1" 200 26 "-" "PostmanRuntime/7.24.1"
::1 - - [29/Apr/2020:07:14:17 +0000] "POST /api/v1/users/forgot-password HTTP/1.1" 200 26 "-" "PostmanRuntime/7.24.1"
::1 - - [29/Apr/2020:07:15:16 +0000] "POST /api/v1/users/forgot-password HTTP/1.1" 200 66 "-" "PostmanRuntime/7.24.1"
::1 - - [29/Apr/2020:07:17:28 +0000] "POST /api/v1/users/forgot-password HTTP/1.1" 500 73 "-" "PostmanRuntime/7.24.1"
::1 - - [29/Apr/2020:07:17:38 +0000] "POST /api/v1/users/forgot-password HTTP/1.1" 200 66 "-" "PostmanRuntime/7.24.1"
::1 - - [29/Apr/2020:07:18:18 +0000] "GET /api/v1/users HTTP/1.1" 401 252 "-" "PostmanRuntime/7.24.1"
::1 - - [29/Apr/2020:07:24:42 +0000] "POST /api/v1/users/forgot-password HTTP/1.1" 200 66 "-" "PostmanRuntime/7.24.1"
::1 - - [29/Apr/2020:07:28:45 +0000] "POST /api/v1/users/forgot-password HTTP/1.1" 200 66 "-" "PostmanRuntime/7.24.1"
::1 - - [29/Apr/2020:07:29:25 +0000] "POST /api/v1/users/forgot-password HTTP/1.1" 200 66 "-" "PostmanRuntime/7.24.1"
::1 - - [29/Apr/2020:07:29:49 +0000] "POST /api/v1/users/forgot-password HTTP/1.1" 200 66 "-" "PostmanRuntime/7.24.1"
::1 - - [29/Apr/2020:07:42:08 +0000] "POST /api/v1/users/forgot-password HTTP/1.1" 200 66 "-" "PostmanRuntime/7.24.1"
::1 - - [29/Apr/2020:07:47:01 +0000] "POST /api/v1/users/forgot-password HTTP/1.1" 200 66 "-" "PostmanRuntime/7.24.1"
::1 - - [29/Apr/2020:07:49:40 +0000] "POST /api/v1/users/forgot-password HTTP/1.1" 200 66 "-" "PostmanRuntime/7.24.1"
::1 - - [29/Apr/2020:07:50:09 +0000] "POST /api/v1/users/forgot-password HTTP/1.1" 200 66 "-" "PostmanRuntime/7.24.1"
::1 - - [29/Apr/2020:07:51:53 +0000] "POST /api/v1/users/forgot-password HTTP/1.1" 200 66 "-" "PostmanRuntime/7.24.1"
::1 - - [29/Apr/2020:07:52:05 +0000] "POST /api/v1/users/forgot-password HTTP/1.1" 500 1433 "-" "PostmanRuntime/7.24.1"
::1 - - [29/Apr/2020:07:52:59 +0000] "POST /api/v1/users/forgot-password HTTP/1.1" 200 41 "-" "PostmanRuntime/7.24.1"
::1 - - [29/Apr/2020:07:53:34 +0000] "POST /api/v1/users/forgot-password HTTP/1.1" 200 90 "-" "PostmanRuntime/7.24.1"
::1 - - [29/Apr/2020:07:53:55 +0000] "POST /api/v1/users/forgot-password HTTP/1.1" 200 90 "-" "PostmanRuntime/7.24.1"
::1 - - [29/Apr/2020:08:02:45 +0000] "POST /api/v1/users/forgot-password HTTP/1.1" 500 96 "-" "PostmanRuntime/7.24.1"
::1 - - [29/Apr/2020:08:03:20 +0000] "POST /api/v1/users/forgot-password HTTP/1.1" 200 90 "-" "PostmanRuntime/7.24.1"
::1 - - [29/Apr/2020:08:04:02 +0000] "POST /api/v1/users/forgot-password HTTP/1.1" 200 90 "-" "PostmanRuntime/7.24.1"
::1 - - [29/Apr/2020:08:04:25 +0000] "POST /api/v1/users/forgot-password HTTP/1.1" 200 90 "-" "PostmanRuntime/7.24.1"
::1 - - [29/Apr/2020:08:04:40 +0000] "POST /api/v1/users/forgot-password HTTP/1.1" 500 1428 "-" "PostmanRuntime/7.24.1"
::1 - - [29/Apr/2020:08:04:51 +0000] "POST /api/v1/users/forgot-password HTTP/1.1" 200 41 "-" "PostmanRuntime/7.24.1"
::1 - - [29/Apr/2020:08:05:17 +0000] "POST /api/v1/users/forgot-password HTTP/1.1" 200 41 "-" "PostmanRuntime/7.24.1"
::1 - - [29/Apr/2020:08:05:26 +0000] "POST /api/v1/users/forgot-password HTTP/1.1" 200 41 "-" "PostmanRuntime/7.24.1"
::1 - - [29/Apr/2020:08:06:53 +0000] "POST /api/v1/users/forgot-password HTTP/1.1" 200 66 "-" "PostmanRuntime/7.24.1"
::1 - - [29/Apr/2020:08:14:35 +0000] "POST /api/v1/users/forgot-password HTTP/1.1" 200 72 "-" "PostmanRuntime/7.24.1"
::1 - - [29/Apr/2020:08:16:10 +0000] "POST /api/v1/users/forgot-password HTTP/1.1" 200 72 "-" "PostmanRuntime/7.24.1"
::1 - - [29/Apr/2020:08:59:58 +0000] "POST /api/v1/users/forgot-password HTTP/1.1" 200 72 "-" "PostmanRuntime/7.24.1"
::1 - - [29/Apr/2020:09:25:09 +0000] "POST /api/v1/users/forgot-password HTTP/1.1" 200 404 "-" "PostmanRuntime/7.24.1"
::1 - - [29/Apr/2020:09:26:24 +0000] "POST /api/v1/users/forgot-password HTTP/1.1" 200 494 "-" "PostmanRuntime/7.24.1"
::1 - - [29/Apr/2020:10:21:07 +0000] "POST /api/v1/users/forgot-password HTTP/1.1" 200 72 "-" "PostmanRuntime/7.24.1"
::1 - - [29/Apr/2020:10:31:58 +0000] "POST /api/v1/users/reset-password HTTP/1.1" 500 99 "-" "PostmanRuntime/7.24.1"
::1 - - [29/Apr/2020:10:33:15 +0000] "POST /api/v1/users/reset-password HTTP/1.1" 400 96 "-" "PostmanRuntime/7.24.1"
::1 - - [29/Apr/2020:10:33:46 +0000] "POST /api/v1/users/forgot-password HTTP/1.1" 200 72 "-" "PostmanRuntime/7.24.1"
::1 - - [29/Apr/2020:10:33:54 +0000] "POST /api/v1/users/reset-password HTTP/1.1" 200 440 "-" "PostmanRuntime/7.24.1"
::1 - - [29/Apr/2020:10:34:21 +0000] "POST /api/v1/users/login HTTP/1.1" 401 123 "-" "PostmanRuntime/7.24.1"
::1 - - [29/Apr/2020:10:34:29 +0000] "POST /api/v1/users/login HTTP/1.1" 200 440 "-" "PostmanRuntime/7.24.1"
::1 - - [30/Apr/2020:05:17:06 +0000] "GET /api/v1/categories/5e90434cd433fa11b078ed8a HTTP/1.1" 200 8898 "-" "PostmanRuntime/7.24.1"
::1 - - [02/May/2020:12:26:02 +0000] "GET /api/v1/categories/5e90434cd433fa11b078ed8a HTTP/1.1" 200 8898 "-" "PostmanRuntime/7.24.1"
::1 - - [02/May/2020:12:26:12 +0000] "GET /api/v1/users HTTP/1.1" 403 150 "-" "PostmanRuntime/7.24.1"
::1 - - [02/May/2020:12:26:21 +0000] "GET /api/v1/categories HTTP/1.1" 200 1422 "-" "PostmanRuntime/7.24.1"
::1 - - [02/May/2020:12:57:57 +0000] "GET /api/v1/categories/5e90434cd433fa11b078ed8a HTTP/1.1" 500 72 "-" "PostmanRuntime/7.24.1"
::1 - - [02/May/2020:13:00:36 +0000] "GET /api/v1/categories/5e90434cd433fa11b078ed8a HTTP/1.1" 500 82 "-" "PostmanRuntime/7.24.1"
::1 - - [02/May/2020:13:09:22 +0000] "GET /api/v1/categories/5e90434cd433fa11b078ed8a HTTP/1.1" 500 57 "-" "PostmanRuntime/7.24.1"
::1 - - [02/May/2020:13:11:44 +0000] "GET /api/v1/categories/5e90434cd433fa11b078ed8a HTTP/1.1" 200 8898 "-" "PostmanRuntime/7.24.1"
::1 - - [02/May/2020:13:17:02 +0000] "GET /api/v1/categories/5e90434cd433fa11b078ed8a HTTP/1.1" 500 57 "-" "PostmanRuntime/7.24.1"
::1 - - [02/May/2020:13:17:37 +0000] "GET /api/v1/categories/5e90434cd433fa11b078ed8a HTTP/1.1" 200 8898 "-" "PostmanRuntime/7.24.1"
::1 - - [02/May/2020:13:18:09 +0000] "GET /api/v1/categories/5e90434cd433fa11b078ed8a HTTP/1.1" 200 8898 "-" "PostmanRuntime/7.24.1"
::1 - - [02/May/2020:13:18:25 +0000] "GET /api/v1/categories/5e90434cd433fa11b078ed8a HTTP/1.1" 200 8898 "-" "PostmanRuntime/7.24.1"
::1 - - [02/May/2020:13:18:47 +0000] "GET /api/v1/categories/5e90434cd433fa11b078ed8a HTTP/1.1" 200 8898 "-" "PostmanRuntime/7.24.1"
::1 - - [02/May/2020:13:21:54 +0000] "GET /api/v1/categories/5e90434cd433fa11b078ed8a HTTP/1.1" 200 8898 "-" "PostmanRuntime/7.24.1"
::1 - - [02/May/2020:13:38:27 +0000] "GET /api/v1/categories/5e90434cd433fa11b078ed8a HTTP/1.1" 200 8898 "-" "PostmanRuntime/7.24.1"
::1 - - [02/May/2020:13:45:07 +0000] "GET /api/v1/categories/5e90434cd433fa11b078ed8a HTTP/1.1" 200 8898 "-" "PostmanRuntime/7.24.1"
::1 - - [02/May/2020:13:45:31 +0000] "GET /api/v1/categories/5e90434cd433fa11b078ed8a HTTP/1.1" 200 8898 "-" "PostmanRuntime/7.24.1"
::1 - - [02/May/2020:13:47:16 +0000] "GET /api/v1/categories/5e90434cd433fa11b078ed8a HTTP/1.1" 200 8898 "-" "PostmanRuntime/7.24.1"
::1 - - [02/May/2020:13:53:49 +0000] "GET /api/v1/categories/5e90434cd433fa11b078ed8a HTTP/1.1" 200 8898 "-" "PostmanRuntime/7.24.1"
::1 - - [02/May/2020:13:54:53 +0000] "GET /api/v1/categories/5e90434cd433fa11b078ed8a HTTP/1.1" 200 8898 "-" "PostmanRuntime/7.24.1"
::1 - - [03/May/2020:07:22:10 +0000] "GET /api/v1/categories/5e90434cd433fa11b078ed8a HTTP/1.1" 200 8898 "-" "PostmanRuntime/7.24.1"
::1 - - [03/May/2020:07:23:25 +0000] "GET /api/v1/categories/5e90434cd433fa11b078ed8a HTTP/1.1" 500 69 "-" "PostmanRuntime/7.24.1"
::1 - - [03/May/2020:07:25:02 +0000] "GET /api/v1/categories/5e90434cd433fa11b078ed8a HTTP/1.1" 200 8898 "-" "PostmanRuntime/7.24.1"
::1 - - [04/May/2020:05:53:34 +0000] "POST /api/v1/users/login HTTP/1.1" 200 444 "-" "PostmanRuntime/7.24.1"
::1 - - [04/May/2020:05:53:50 +0000] "GET /api/v1/books HTTP/1.1" 200 10470 "-" "PostmanRuntime/7.24.1"
::1 - - [04/May/2020:05:59:22 +0000] "POST /api/v1/comments HTTP/1.1" 500 1809 "-" "PostmanRuntime/7.24.1"
::1 - - [04/May/2020:06:05:58 +0000] "POST /api/v1/comments HTTP/1.1" 200 194 "-" "PostmanRuntime/7.24.1"
::1 - - [04/May/2020:06:07:19 +0000] "POST /api/v1/comments HTTP/1.1" 500 1723 "-" "PostmanRuntime/7.24.1"
::1 - - [04/May/2020:06:13:24 +0000] "POST /api/v1/comments HTTP/1.1" 200 194 "-" "PostmanRuntime/7.24.1"
::1 - - [04/May/2020:06:26:12 +0000] "GET /api/v1/books HTTP/1.1" 200 10470 "-" "PostmanRuntime/7.24.1"
::1 - - [04/May/2020:06:26:57 +0000] "GET /api/v1/categories/5e90478549941f52dcb01b34/books HTTP/1.1" 200 2792 "-" "PostmanRuntime/7.24.1"
::1 - - [04/May/2020:06:27:09 +0000] "GET /api/v1/books?page=2 HTTP/1.1" 200 9347 "-" "PostmanRuntime/7.24.1"
::1 - - [04/May/2020:06:42:41 +0000] "POST /api/v1/comments HTTP/1.1" 500 77 "-" "PostmanRuntime/7.24.1"
::1 - - [04/May/2020:06:43:21 +0000] "POST /api/v1/comments HTTP/1.1" 200 151 "-" "PostmanRuntime/7.24.1"
::1 - - [04/May/2020:06:52:37 +0000] "PUT /api/v1/comments/2 HTTP/1.1" 200 158 "-" "PostmanRuntime/7.24.1"
::1 - - [04/May/2020:06:54:42 +0000] "POST /api/v1/comments HTTP/1.1" 200 180 "-" "PostmanRuntime/7.24.1"
::1 - - [04/May/2020:06:55:04 +0000] "DELETE /api/v1/comments/5 HTTP/1.1" 200 176 "-" "PostmanRuntime/7.24.1"
::1 - - [04/May/2020:06:57:38 +0000] "GET /api/v1/comments/2 HTTP/1.1" 200 158 "-" "PostmanRuntime/7.24.1"
::1 - - [04/May/2020:06:57:44 +0000] "GET /api/v1/comments/4 HTTP/1.1" 200 190 "-" "PostmanRuntime/7.24.1"
::1 - - [04/May/2020:06:57:47 +0000] "GET /api/v1/comments/40 HTTP/1.1" 400 104 "-" "PostmanRuntime/7.24.1"
::1 - - [04/May/2020:06:58:34 +0000] "DELETE /api/v1/comments/2 HTTP/1.1" 200 158 "-" "PostmanRuntime/7.24.1"
::1 - - [04/May/2020:07:19:48 +0000] "POST /api/v1/comments HTTP/1.1" 200 176 "-" "PostmanRuntime/7.24.1"
::1 - - [04/May/2020:07:19:56 +0000] "POST /api/v1/comments HTTP/1.1" 200 178 "-" "PostmanRuntime/7.24.1"
::1 - - [04/May/2020:07:20:27 +0000] "POST /api/v1/comments HTTP/1.1" 200 167 "-" "PostmanRuntime/7.24.1"
::1 - - [04/May/2020:07:20:37 +0000] "POST /api/v1/comments HTTP/1.1" 200 178 "-" "PostmanRuntime/7.24.1"
::1 - - [04/May/2020:07:20:51 +0000] "POST /api/v1/comments HTTP/1.1" 200 176 "-" "PostmanRuntime/7.24.1"
::1 - - [04/May/2020:07:21:17 +0000] "POST /api/v1/comments HTTP/1.1" 200 195 "-" "PostmanRuntime/7.24.1"
::1 - - [04/May/2020:07:21:28 +0000] "POST /api/v1/comments HTTP/1.1" 200 198 "-" "PostmanRuntime/7.24.1"
::1 - - [04/May/2020:07:21:46 +0000] "POST /api/v1/comments HTTP/1.1" 200 206 "-" "PostmanRuntime/7.24.1"
::1 - - [04/May/2020:07:22:11 +0000] "POST /api/v1/comments HTTP/1.1" 200 196 "-" "PostmanRuntime/7.24.1"
::1 - - [04/May/2020:07:22:38 +0000] "POST /api/v1/comments HTTP/1.1" 200 179 "-" "PostmanRuntime/7.24.1"
::1 - - [04/May/2020:07:22:54 +0000] "POST /api/v1/comments HTTP/1.1" 200 205 "-" "PostmanRuntime/7.24.1"
::1 - - [04/May/2020:07:23:20 +0000] "POST /api/v1/comments HTTP/1.1" 500 1643 "-" "PostmanRuntime/7.24.1"
::1 - - [04/May/2020:07:23:24 +0000] "POST /api/v1/comments HTTP/1.1" 200 196 "-" "PostmanRuntime/7.24.1"
::1 - - [04/May/2020:07:29:58 +0000] "GET /api/v1/categories/5e90434cd433fa11b078ed8a/books?select=name%20price&sort=-price&price[$lt]=30000&page=1 HTTP/1.1" 200 438 "-" "PostmanRuntime/7.24.1"
::1 - - [04/May/2020:07:30:21 +0000] "GET /api/v1/categories/5e90434cd433fa11b078ed8a/books?select=name%20price&sort=-price&price[$lt]=30000&page=2 HTTP/1.1" 200 432 "-" "PostmanRuntime/7.24.1"
::1 - - [04/May/2020:07:31:06 +0000] "GET /api/v1/categories/5e90434cd433fa11b078ed8a/books?select=name%20price&sort=-price&price[$lt]=30000&page=3 HTTP/1.1" 200 380 "-" "PostmanRuntime/7.24.1"
::1 - - [04/May/2020:07:43:53 +0000] "GET /api/v1/comments?select=name%20price&sort=-price&price[$lt]=30000&page=3 HTTP/1.1" 200 111 "-" "PostmanRuntime/7.24.1"
::1 - - [04/May/2020:07:45:08 +0000] "GET /api/v1/comments?select=name%20price&sort=-price&price[$lt]=30000&page=3 HTTP/1.1" 200 2213 "-" "PostmanRuntime/7.24.1"
::1 - - [04/May/2020:07:46:52 +0000] "GET /api/v1/comments?select=name%20price&sort=-price&price[$lt]=30000&page=3 HTTP/1.1" 200 144 "-" "PostmanRuntime/7.24.1"
::1 - - [04/May/2020:07:48:23 +0000] "GET /api/v1/comments?select=name%20price&sort=-price&price=30000&page=3 HTTP/1.1" 200 136 "-" "PostmanRuntime/7.24.1"
::1 - - [04/May/2020:07:48:53 +0000] "GET /api/v1/comments?select=name%20price&sort=-price&userId=1&page=3 HTTP/1.1" 200 133 "-" "PostmanRuntime/7.24.1"
::1 - - [04/May/2020:07:50:08 +0000] "GET /api/v1/comments?select=name%20price&sort=-price&userId=1&page=3 HTTP/1.1" 200 133 "-" "PostmanRuntime/7.24.1"
::1 - - [04/May/2020:07:50:29 +0000] "GET /api/v1/comments?select=name%20price&sort=-price&userId=1&page=3 HTTP/1.1" 200 1281 "-" "PostmanRuntime/7.24.1"
::1 - - [04/May/2020:07:50:44 +0000] "GET /api/v1/comments?select=name%20price&sort=-price&userId=2&page=3 HTTP/1.1" 200 635 "-" "PostmanRuntime/7.24.1"
::1 - - [04/May/2020:07:54:21 +0000] "GET /api/v1/comments?select=name%20price&sort=-price&userId=2&page=3 HTTP/1.1" 200 660 "-" "PostmanRuntime/7.24.1"
::1 - - [04/May/2020:07:54:33 +0000] "GET /api/v1/comments?select=name%20price%20create_at&sort=-price&userId=2&page=3 HTTP/1.1" 200 672 "-" "PostmanRuntime/7.24.1"
::1 - - [04/May/2020:07:57:55 +0000] "GET /api/v1/comments?select=name%20price%20create_at&sort=-price&userId=2&page=3 HTTP/1.1" 500 578 "-" "PostmanRuntime/7.24.1"
::1 - - [04/May/2020:07:58:25 +0000] "GET /api/v1/comments?select=userId%20bookId%20comment&sort=-price&userId=2&page=3 HTTP/1.1" 200 1156 "-" "PostmanRuntime/7.24.1"
::1 - - [04/May/2020:08:00:14 +0000] "GET /api/v1/comments?select=userId%20bookId%20comment&sort=-price&userId=2&page=3 HTTP/1.1" 200 431 "-" "PostmanRuntime/7.24.1"
::1 - - [04/May/2020:08:00:35 +0000] "GET /api/v1/comments?select=userId%20comment&sort=-price&userId=2&page=3 HTTP/1.1" 200 389 "-" "PostmanRuntime/7.24.1"
::1 - - [04/May/2020:08:03:22 +0000] "GET /api/v1/comments?select=userId%20bookId%20comment&sort=-price&userId=2&page=3 HTTP/1.1" 200 431 "-" "PostmanRuntime/7.24.1"
::1 - - [05/May/2020:05:11:24 +0000] "GET /api/v1/comments?select=userId%20bookId%20comment&sort=-price&userId=2&page=3 HTTP/1.1" 200 431 "-" "PostmanRuntime/7.24.1"
::1 - - [05/May/2020:05:24:57 +0000] "GET /api/v1/comments?select=userId%20bookId%20comment&sort=-price&userId=2&page=3&limit=2 HTTP/1.1" 200 210 "-" "PostmanRuntime/7.24.1"
::1 - - [05/May/2020:05:25:25 +0000] "GET /api/v1/comments?select=userId%20bookId%20comment&sort=-price&limit=2 HTTP/1.1" 200 1164 "-" "PostmanRuntime/7.24.1"
::1 - - [05/May/2020:05:25:46 +0000] "GET /api/v1/comments?select=userId%20bookId%20comment&sort=-price&limit=2&page=1 HTTP/1.1" 200 1164 "-" "PostmanRuntime/7.24.1"
::1 - - [05/May/2020:05:26:57 +0000] "GET /api/v1/comments?select=userId%20bookId%20comment&sort=-price&limit=2&page=1 HTTP/1.1" 200 340 "-" "PostmanRuntime/7.24.1"
::1 - - [05/May/2020:05:27:07 +0000] "GET /api/v1/comments?select=userId%20bookId%20comment&sort=-price&limit=1&page=1 HTTP/1.1" 200 277 "-" "PostmanRuntime/7.24.1"
::1 - - [05/May/2020:05:27:12 +0000] "GET /api/v1/comments?select=userId%20bookId%20comment&sort=-price&limit=3&page=1 HTTP/1.1" 200 406 "-" "PostmanRuntime/7.24.1"
::1 - - [05/May/2020:05:27:53 +0000] "GET /api/v1/comments?select=userId%20bookId%20comment&sort=-price&limit=3&page=2 HTTP/1.1" 200 391 "-" "PostmanRuntime/7.24.1"
::1 - - [05/May/2020:05:28:17 +0000] "GET /api/v1/comments?select=userId%20bookId%20comment&sort=-price&limit=3&page=3 HTTP/1.1" 200 467 "-" "PostmanRuntime/7.24.1"
::1 - - [05/May/2020:05:28:28 +0000] "GET /api/v1/comments?select=userId%20bookId%20comment&sort=-price&limit=3&page=5 HTTP/1.1" 200 280 "-" "PostmanRuntime/7.24.1"
::1 - - [05/May/2020:05:28:58 +0000] "GET /api/v1/comments?select=userId%20bookId%20comment&sort=-price&limit=3 HTTP/1.1" 200 406 "-" "PostmanRuntime/7.24.1"
::1 - - [05/May/2020:05:29:14 +0000] "GET /api/v1/comments?select=userId%20bookId%20comment&sort=-price&limit=10 HTTP/1.1" 200 936 "-" "PostmanRuntime/7.24.1"
::1 - - [05/May/2020:05:29:26 +0000] "GET /api/v1/comments?select=userId%20bookId%20comment&sort=-price&limit=15 HTTP/1.1" 200 1164 "-" "PostmanRuntime/7.24.1"
::1 - - [05/May/2020:05:29:59 +0000] "GET /api/v1/comments?select=userId%20bookId%20comment&sort=comment&limit=15 HTTP/1.1" 200 1164 "-" "PostmanRuntime/7.24.1"
::1 - - [05/May/2020:05:32:10 +0000] "GET /api/v1/comments?select=userId%20bookId%20comment&sort=comment&limit=15 HTTP/1.1" 200 1183 "-" "PostmanRuntime/7.24.1"
::1 - - [05/May/2020:05:32:34 +0000] "GET /api/v1/comments?select=userId%20bookId%20comment&sort=comment%20-userId&limit=15 HTTP/1.1" 200 1193 "-" "PostmanRuntime/7.24.1"
::1 - - [05/May/2020:05:33:49 +0000] "GET /api/v1/comments?select=userId%20bookId%20comment&sort=comment%20-userId&limit=15 HTTP/1.1" 200 1209 "-" "PostmanRuntime/7.24.1"
::1 - - [05/May/2020:05:34:38 +0000] "GET /api/v1/comments?select=userId%20bookId%20comment&sort=comment%20-userId&limit=15 HTTP/1.1" 200 1210 "-" "PostmanRuntime/7.24.1"
::1 - - [05/May/2020:05:35:02 +0000] "GET /api/v1/comments?select=userId%20bookId%20comment&sort=comment%20-userId&limit=15 HTTP/1.1" 200 1193 "-" "PostmanRuntime/7.24.1"
::1 - - [05/May/2020:05:36:08 +0000] "GET /api/v1/comments?select=userId%20bookId%20comment&sort=comment%20-userId&limit=15 HTTP/1.1" 200 1209 "-" "PostmanRuntime/7.24.1"
::1 - - [05/May/2020:05:36:55 +0000] "GET /api/v1/comments?select=userId%20bookId%20comment&sort=comment%20-userId&limit=15 HTTP/1.1" 200 1210 "-" "PostmanRuntime/7.24.1"
::1 - - [05/May/2020:05:37:53 +0000] "GET /api/v1/comments?select=userId%20bookId%20comment&sort=comment%20-userId&limit=15 HTTP/1.1" 500 70 "-" "PostmanRuntime/7.24.1"
::1 - - [05/May/2020:05:38:15 +0000] "GET /api/v1/comments?select=userId%20bookId%20comment&sort=comment%20-userId&limit=15 HTTP/1.1" 200 1209 "-" "PostmanRuntime/7.24.1"
::1 - - [05/May/2020:05:38:36 +0000] "GET /api/v1/comments?select=userId%20bookId%20comment&sort=comment%20-userId&limit=15 HTTP/1.1" 200 1210 "-" "PostmanRuntime/7.24.1"
::1 - - [05/May/2020:05:39:44 +0000] "GET /api/v1/comments?select=userId%20bookId%20comment&sort=comment%20-userId&limit=15 HTTP/1.1" 200 1209 "-" "PostmanRuntime/7.24.1"
::1 - - [05/May/2020:05:43:21 +0000] "GET /api/v1/comments?select=userId%20bookId%20comment&sort=comment%20-userId&limit=15 HTTP/1.1" 200 1210 "-" "PostmanRuntime/7.24.1"
::1 - - [05/May/2020:05:43:41 +0000] "GET /api/v1/comments?select=userId%20bookId%20comment&sort=-comment&limit=15 HTTP/1.1" 200 1193 "-" "PostmanRuntime/7.24.1"
::1 - - [05/May/2020:05:44:15 +0000] "GET /api/v1/comments?select=userId%20bookId%20comment&sort=-comment%20-userId&limit=15 HTTP/1.1" 200 1211 "-" "PostmanRuntime/7.24.1"
::1 - - [05/May/2020:05:45:28 +0000] "GET /api/v1/comments?select=userId%20bookId%20comment&sort=-userId&limit=15 HTTP/1.1" 200 1192 "-" "PostmanRuntime/7.24.1"
::1 - - [05/May/2020:05:45:41 +0000] "GET /api/v1/comments?select=userId%20bookId%20comment&sort=-userId%20comment&limit=15 HTTP/1.1" 200 1210 "-" "PostmanRuntime/7.24.1"
::1 - - [05/May/2020:05:46:48 +0000] "GET /api/v1/comments?select=userId%20bookId%20comment&sort=-userId%20-comment&limit=15 HTTP/1.1" 200 1211 "-" "PostmanRuntime/7.24.1"
::1 - - [05/May/2020:05:52:37 +0000] "GET /api/v1/comments?select=userId%20bookId%20comment&sort=-comment&limit=15 HTTP/1.1" 200 1193 "-" "PostmanRuntime/7.24.1"
::1 - - [05/May/2020:05:52:49 +0000] "GET /api/v1/comments?select=userId%20bookId%20comment&sort=-comment%20-userId&limit=15 HTTP/1.1" 200 1211 "-" "PostmanRuntime/7.24.1"
::1 - - [05/May/2020:05:54:03 +0000] "GET /api/v1/comments?select=userId%20bookId%20comment&sort=-commen&limit=15 HTTP/1.1" 500 752 "-" "PostmanRuntime/7.24.1"
::1 - - [05/May/2020:05:54:12 +0000] "GET /api/v1/comments?select=userId%20bookId%20comment&sort=-comment&limit=15 HTTP/1.1" 200 1193 "-" "PostmanRuntime/7.24.1"
::1 - - [05/May/2020:05:54:57 +0000] "GET /api/v1/comments?select=userId%20bookId%20comment&sort=-userId&limit=15 HTTP/1.1" 200 1192 "-" "PostmanRuntime/7.24.1"
::1 - - [05/May/2020:05:55:35 +0000] "GET /api/v1/comments?select=userId%20bookId%20comment&sort=-userId&limit=15 HTTP/1.1" 200 1075 "-" "PostmanRuntime/7.24.1"
::1 - - [05/May/2020:05:55:50 +0000] "GET /api/v1/comments?select=userId%20bookId%20comment&sort=-userId&limit=5&page=2 HTTP/1.1" 200 470 "-" "PostmanRuntime/7.24.1"
::1 - - [05/May/2020:05:56:31 +0000] "GET /api/v1/comments HTTP/1.1" 200 713 "-" "PostmanRuntime/7.24.1"
::1 - - [06/May/2020:04:42:56 +0000] "GET /api/v1/comments/2 HTTP/1.1" 400 103 "-" "PostmanRuntime/7.24.1"
::1 - - [06/May/2020:04:43:10 +0000] "GET /api/v1/comments/4 HTTP/1.1" 200 829 "-" "PostmanRuntime/7.24.1"
::1 - - [06/May/2020:04:43:44 +0000] "GET /api/v1/comments/4 HTTP/1.1" 200 829 "-" "PostmanRuntime/7.24.1"
::1 - - [06/May/2020:04:43:58 +0000] "GET /api/v1/comments/4 HTTP/1.1" 200 829 "-" "PostmanRuntime/7.24.1"
::1 - - [06/May/2020:04:44:25 +0000] "GET /api/v1/comments/4 HTTP/1.1" 200 829 "-" "PostmanRuntime/7.24.1"
::1 - - [06/May/2020:04:44:57 +0000] "GET /api/v1/comments/4 HTTP/1.1" 200 479 "-" "PostmanRuntime/7.24.1"
::1 - - [06/May/2020:04:45:48 +0000] "GET /api/v1/comments/4 HTTP/1.1" 200 434 "-" "PostmanRuntime/7.24.1"
::1 - - [06/May/2020:04:46:12 +0000] "GET /api/v1/comments/4 HTTP/1.1" 200 317 "-" "PostmanRuntime/7.24.1"
::1 - - [06/May/2020:04:46:49 +0000] "GET /api/v1/comments/4 HTTP/1.1" 200 434 "-" "PostmanRuntime/7.24.1"
::1 - - [06/May/2020:04:52:01 +0000] "GET /api/v1/comments/4 HTTP/1.1" 200 479 "-" "PostmanRuntime/7.24.1"
::1 - - [06/May/2020:05:05:16 +0000] "GET /api/v1/comments/4 HTTP/1.1" 200 626 "-" "PostmanRuntime/7.24.1"
::1 - - [06/May/2020:05:05:52 +0000] "GET /api/v1/comments/4 HTTP/1.1" 500 74 "-" "PostmanRuntime/7.24.1"
::ffff:127.0.0.1 - - [06/May/2020:05:06:01 +0000] "GET /api/v1/comments/4 HTTP/1.1" 200 675 "-" "PostmanRuntime/7.24.1"
::1 - - [06/May/2020:05:06:23 +0000] "GET /api/v1/comments/4 HTTP/1.1" 200 432 "-" "PostmanRuntime/7.24.1"
::1 - - [06/May/2020:05:06:43 +0000] "GET /api/v1/comments/4 HTTP/1.1" 500 764 "-" "PostmanRuntime/7.24.1"
::1 - - [06/May/2020:05:08:07 +0000] "GET /api/v1/comments/4 HTTP/1.1" 200 483 "-" "PostmanRuntime/7.24.1"
::1 - - [06/May/2020:05:08:38 +0000] "GET /api/v1/comments/4 HTTP/1.1" 200 655 "-" "PostmanRuntime/7.24.1"
::1 - - [06/May/2020:05:20:05 +0000] "GET /api/v1/comments/2 HTTP/1.1" 400 103 "-" "PostmanRuntime/7.24.1"
::1 - - [06/May/2020:05:20:36 +0000] "GET /api/v1/comments/4 HTTP/1.1" 200 830 "-" "PostmanRuntime/7.24.1"
::1 - - [06/May/2020:05:21:06 +0000] "GET /api/v1/comments/4 HTTP/1.1" 200 480 "-" "PostmanRuntime/7.24.1"
::1 - - [06/May/2020:05:22:04 +0000] "GET /api/v1/comments/4 HTTP/1.1" 200 435 "-" "PostmanRuntime/7.24.1"
::1 - - [06/May/2020:05:22:57 +0000] "GET /api/v1/comments/4 HTTP/1.1" 200 318 "-" "PostmanRuntime/7.24.1"
::1 - - [06/May/2020:05:27:12 +0000] "GET /api/v1/comments/4 HTTP/1.1" 200 351 "-" "PostmanRuntime/7.24.1"
::1 - - [06/May/2020:05:28:06 +0000] "GET /api/v1/comments/4 HTTP/1.1" 200 450 "-" "PostmanRuntime/7.24.1"
::1 - - [06/May/2020:05:28:40 +0000] "GET /api/v1/comments/4 HTTP/1.1" 200 681 "-" "PostmanRuntime/7.24.1"
::1 - - [06/May/2020:05:29:13 +0000] "GET /api/v1/comments/4 HTTP/1.1" 500 87 "-" "PostmanRuntime/7.24.1"
::1 - - [06/May/2020:05:29:59 +0000] "GET /api/v1/comments/4 HTTP/1.1" 200 630 "-" "PostmanRuntime/7.24.1"
::1 - - [06/May/2020:05:30:44 +0000] "GET /api/v1/comments/4 HTTP/1.1" 200 2862 "-" "PostmanRuntime/7.24.1"
::1 - - [06/May/2020:05:31:28 +0000] "GET /api/v1/comments/4 HTTP/1.1" 200 681 "-" "PostmanRuntime/7.24.1"
::1 - - [06/May/2020:05:31:54 +0000] "GET /api/v1/comments/4 HTTP/1.1" 200 450 "-" "PostmanRuntime/7.24.1"
::1 - - [06/May/2020:05:33:04 +0000] "GET /api/v1/comments/4 HTTP/1.1" 200 483 "-" "PostmanRuntime/7.24.1"
::1 - - [06/May/2020:05:33:30 +0000] "GET /api/v1/comments/4 HTTP/1.1" 200 656 "-" "PostmanRuntime/7.24.1"
::1 - - [06/May/2020:06:09:14 +0000] "GET /api/v1/users/1/comments HTTP/1.1" 200 115 "-" "PostmanRuntime/7.24.1"
::1 - - [06/May/2020:06:09:50 +0000] "GET /api/v1/users/1/comments HTTP/1.1" 200 1263 "-" "PostmanRuntime/7.24.1"
::1 - - [06/May/2020:06:10:29 +0000] "GET /api/v1/users/2/comments HTTP/1.1" 200 615 "-" "PostmanRuntime/7.24.1"
::1 - - [06/May/2020:06:14:17 +0000] "GET /api/v1/books/3/comments HTTP/1.1" 200 1448 "-" "PostmanRuntime/7.24.1"
::1 - - [06/May/2020:06:16:11 +0000] "GET /api/v1/books/3/comments HTTP/1.1" 500 62 "-" "PostmanRuntime/7.24.1"
::1 - - [06/May/2020:06:16:27 +0000] "GET /api/v1/books/3/comments HTTP/1.1" 500 97 "-" "PostmanRuntime/7.24.1"
::1 - - [06/May/2020:06:16:40 +0000] "GET /api/v1/books/3/comments HTTP/1.1" 500 57 "-" "PostmanRuntime/7.24.1"
::1 - - [06/May/2020:06:16:51 +0000] "GET /api/v1/books/3/comments HTTP/1.1" 200 2739 "-" "PostmanRuntime/7.24.1"
::1 - - [06/May/2020:06:17:09 +0000] "GET /api/v1/books/3/comments HTTP/1.1" 200 1448 "-" "PostmanRuntime/7.24.1"
::1 - - [06/May/2020:06:18:13 +0000] "GET /api/v1/books/3/comments HTTP/1.1" 200 157 "-" "PostmanRuntime/7.24.1"
::1 - - [06/May/2020:06:19:19 +0000] "GET /api/v1/books/3/comments HTTP/1.1" 200 1448 "-" "PostmanRuntime/7.24.1"
::1 - - [06/May/2020:06:56:55 +0000] "GET /api/v1/books/3/comments HTTP/1.1" 500 62 "-" "PostmanRuntime/7.24.1"
::1 - - [06/May/2020:06:57:09 +0000] "GET /api/v1/books/3/comments HTTP/1.1" 200 1448 "-" "PostmanRuntime/7.24.1"
::1 - - [06/May/2020:06:57:52 +0000] "GET /api/v1/books/3/comments HTTP/1.1" 200 1448 "-" "PostmanRuntime/7.24.1"
::1 - - [06/May/2020:07:00:17 +0000] "GET /api/v1/books/3/comments HTTP/1.1" 200 1448 "-" "PostmanRuntime/7.24.1"
::1 - - [06/May/2020:07:00:37 +0000] "POST /api/v1/comments HTTP/1.1" 200 195 "-" "PostmanRuntime/7.24.1"
::1 - - [06/May/2020:07:03:21 +0000] "POST /api/v1/comments HTTP/1.1" 200 191 "-" "PostmanRuntime/7.24.1"
::1 - - [06/May/2020:07:08:05 +0000] "GET /api/v1/users/5ea5723aab227a55b42f6e75 HTTP/1.1" 400 126 "-" "PostmanRuntime/7.24.1"
::1 - - [06/May/2020:07:08:12 +0000] "GET /api/v1/users/2/comments HTTP/1.1" 401 252 "-" "PostmanRuntime/7.24.1"
::1 - - [06/May/2020:07:08:27 +0000] "POST /api/v1/users/login HTTP/1.1" 200 444 "-" "PostmanRuntime/7.24.1"
::1 - - [06/May/2020:07:08:30 +0000] "GET /api/v1/users/2/comments HTTP/1.1" 200 662 "-" "PostmanRuntime/7.24.1"
::1 - - [06/May/2020:07:09:18 +0000] "GET /api/v1/users/2/comments HTTP/1.1" 401 252 "-" "PostmanRuntime/7.24.1"
::1 - - [06/May/2020:07:09:27 +0000] "POST /api/v1/users/login HTTP/1.1" 200 444 "-" "PostmanRuntime/7.24.1"
::1 - - [06/May/2020:07:09:33 +0000] "GET /api/v1/users/2/comments HTTP/1.1" 200 662 "-" "PostmanRuntime/7.24.1"
::1 - - [06/May/2020:07:10:29 +0000] "GET /api/v1/users/2/comments HTTP/1.1" 401 252 "-" "PostmanRuntime/7.24.1"
::1 - - [06/May/2020:07:10:33 +0000] "POST /api/v1/users/login HTTP/1.1" 200 444 "-" "PostmanRuntime/7.24.1"
::1 - - [06/May/2020:07:10:36 +0000] "GET /api/v1/users/2/comments HTTP/1.1" 200 709 "-" "PostmanRuntime/7.24.1"
::1 - - [06/May/2020:07:10:53 +0000] "GET /api/v1/users/2/comments HTTP/1.1" 401 252 "-" "PostmanRuntime/7.24.1"
::1 - - [06/May/2020:07:10:56 +0000] "POST /api/v1/users/login HTTP/1.1" 200 444 "-" "PostmanRuntime/7.24.1"
::1 - - [06/May/2020:07:10:58 +0000] "GET /api/v1/users/2/comments HTTP/1.1" 200 207 "-" "PostmanRuntime/7.24.1"
::1 - - [06/May/2020:07:11:57 +0000] "GET /api/v1/users/2/comments HTTP/1.1" 401 252 "-" "PostmanRuntime/7.24.1"
::1 - - [06/May/2020:07:11:59 +0000] "POST /api/v1/users/login HTTP/1.1" 200 444 "-" "PostmanRuntime/7.24.1"
::1 - - [06/May/2020:07:12:01 +0000] "GET /api/v1/users/2/comments HTTP/1.1" 200 207 "-" "PostmanRuntime/7.24.1"
::ffff:127.0.0.1 - - [06/May/2020:07:12:13 +0000] "GET /api/v1/users/2/comments HTTP/1.1" 401 252 "-" "PostmanRuntime/7.24.1"
::ffff:127.0.0.1 - - [06/May/2020:07:12:15 +0000] "POST /api/v1/users/login HTTP/1.1" 200 444 "-" "PostmanRuntime/7.24.1"
::ffff:127.0.0.1 - - [06/May/2020:07:12:17 +0000] "GET /api/v1/users/2/comments HTTP/1.1" 200 662 "-" "PostmanRuntime/7.24.1"
::1 - - [06/May/2020:07:33:30 +0000] "GET /api/v1/comments/2 HTTP/1.1" 400 103 "-" "PostmanRuntime/7.24.1"
::1 - - [06/May/2020:07:33:34 +0000] "GET /api/v1/comments/4 HTTP/1.1" 200 657 "-" "PostmanRuntime/7.24.1"
::1 - - [06/May/2020:07:34:05 +0000] "GET /api/v1/comments/4 HTTP/1.1" 200 511 "-" "PostmanRuntime/7.24.1"
::1 - - [06/May/2020:07:34:52 +0000] "GET /api/v1/comments/4 HTTP/1.1" 200 661 "-" "PostmanRuntime/7.24.1"
::1 - - [06/May/2020:07:36:50 +0000] "GET /api/v1/comments/4 HTTP/1.1" 200 3103 "-" "PostmanRuntime/7.24.1"
::1 - - [06/May/2020:07:38:07 +0000] "GET /api/v1/comments/4 HTTP/1.1" 200 3103 "-" "PostmanRuntime/7.24.1"
::1 - - [06/May/2020:07:38:46 +0000] "GET /api/v1/comments/4 HTTP/1.1" 200 3103 "-" "PostmanRuntime/7.24.1"
::1 - - [06/May/2020:07:39:22 +0000] "GET /api/v1/comments/4 HTTP/1.1" 200 3103 "-" "PostmanRuntime/7.24.1"
::1 - - [06/May/2020:07:45:46 +0000] "GET /api/v1/comments/4 HTTP/1.1" 200 877 "-" "PostmanRuntime/7.24.1"
::1 - - [06/May/2020:07:46:02 +0000] "GET /api/v1/comments/4 HTTP/1.1" 200 694 "-" "PostmanRuntime/7.24.1"
::1 - - [06/May/2020:07:56:58 +0000] "GET /api/v1/comments/4 HTTP/1.1" 500 67 "-" "PostmanRuntime/7.24.1"
::1 - - [06/May/2020:07:57:26 +0000] "GET /api/v1/comments/4 HTTP/1.1" 500 67 "-" "PostmanRuntime/7.24.1"
::1 - - [06/May/2020:07:58:59 +0000] "GET /api/v1/comments/5 HTTP/1.1" 400 103 "-" "PostmanRuntime/7.24.1"
::1 - - [06/May/2020:07:59:09 +0000] "GET /api/v1/comments/4 HTTP/1.1" 200 1255 "-" "PostmanRuntime/7.24.1"
::1 - - [06/May/2020:07:59:57 +0000] "GET /api/v1/comments/4 HTTP/1.1" 200 884 "-" "PostmanRuntime/7.24.1"
::1 - - [06/May/2020:08:01:16 +0000] "GET /api/v1/comments/4 HTTP/1.1" 200 1198 "-" "PostmanRuntime/7.24.1"
::1 - - [06/May/2020:08:03:41 +0000] "GET /api/v1/comments/4 HTTP/1.1" 500 81 "-" "PostmanRuntime/7.24.1"
::1 - - [06/May/2020:08:04:07 +0000] "GET /api/v1/comments/4 HTTP/1.1" 500 81 "-" "PostmanRuntime/7.24.1"
::1 - - [06/May/2020:08:04:33 +0000] "GET /api/v1/comments/4 HTTP/1.1" 200 1047 "-" "PostmanRuntime/7.24.1"
::1 - - [06/May/2020:08:04:49 +0000] "GET /api/v1/comments/4 HTTP/1.1" 200 1050 "-" "PostmanRuntime/7.24.1"
::1 - - [06/May/2020:08:05:55 +0000] "GET /api/v1/comments/4 HTTP/1.1" 200 1047 "-" "PostmanRuntime/7.24.1"
::1 - - [06/May/2020:08:06:19 +0000] "GET /api/v1/comments/4 HTTP/1.1" 500 67 "-" "PostmanRuntime/7.24.1"
::1 - - [06/May/2020:08:06:32 +0000] "GET /api/v1/comments/4 HTTP/1.1" 500 81 "-" "PostmanRuntime/7.24.1"
::1 - - [06/May/2020:08:08:43 +0000] "GET /api/v1/comments/4 HTTP/1.1" 500 81 "-" "PostmanRuntime/7.24.1"
::1 - - [06/May/2020:08:09:08 +0000] "GET /api/v1/comments/4 HTTP/1.1" 500 81 "-" "PostmanRuntime/7.24.1"
::1 - - [06/May/2020:08:09:28 +0000] "GET /api/v1/comments/4 HTTP/1.1" 500 81 "-" "PostmanRuntime/7.24.1"
::1 - - [06/May/2020:08:10:11 +0000] "GET /api/v1/comments/4 HTTP/1.1" 500 81 "-" "PostmanRuntime/7.24.1"
::1 - - [06/May/2020:08:11:44 +0000] "GET /api/v1/comments/4 HTTP/1.1" 500 81 "-" "PostmanRuntime/7.24.1"
::1 - - [06/May/2020:08:12:14 +0000] "GET /api/v1/comments/4 HTTP/1.1" 500 81 "-" "PostmanRuntime/7.24.1"
::1 - - [06/May/2020:08:12:32 +0000] "GET /api/v1/comments/4 HTTP/1.1" 500 81 "-" "PostmanRuntime/7.24.1"
::1 - - [06/May/2020:08:13:19 +0000] "GET /api/v1/comments/4 HTTP/1.1" 500 81 "-" "PostmanRuntime/7.24.1"
::1 - - [06/May/2020:08:14:20 +0000] "GET /api/v1/comments/4 HTTP/1.1" 200 1047 "-" "PostmanRuntime/7.24.1"
::1 - - [06/May/2020:08:14:35 +0000] "GET /api/v1/comments/4 HTTP/1.1" 500 81 "-" "PostmanRuntime/7.24.1"
::1 - - [06/May/2020:08:19:11 +0000] "GET /api/v1/comments/4 HTTP/1.1" 200 1047 "-" "PostmanRuntime/7.24.1"
::1 - - [06/May/2020:08:21:08 +0000] "GET /api/v1/comments/4 HTTP/1.1" 200 1047 "-" "PostmanRuntime/7.24.1"
::1 - - [06/May/2020:08:23:09 +0000] "GET /api/v1/comments/4 HTTP/1.1" 500 57 "-" "PostmanRuntime/7.24.1"
::1 - - [06/May/2020:08:23:40 +0000] "GET /api/v1/comments/4 HTTP/1.1" 200 953 "-" "PostmanRuntime/7.24.1"
::1 - - [06/May/2020:08:24:30 +0000] "GET /api/v1/comments/4 HTTP/1.1" 500 82 "-" "PostmanRuntime/7.24.1"
::1 - - [06/May/2020:08:25:00 +0000] "GET /api/v1/comments/4 HTTP/1.1" 500 82 "-" "PostmanRuntime/7.24.1"
::1 - - [06/May/2020:08:25:07 +0000] "GET /api/v1/comments/4 HTTP/1.1" 200 953 "-" "PostmanRuntime/7.24.1"
::1 - - [06/May/2020:08:25:29 +0000] "GET /api/v1/comments/4 HTTP/1.1" 200 953 "-" "PostmanRuntime/7.24.1"
::1 - - [06/May/2020:08:25:52 +0000] "GET /api/v1/comments/4 HTTP/1.1" 200 953 "-" "PostmanRuntime/7.24.1"
::1 - - [06/May/2020:08:26:23 +0000] "GET /api/v1/comments/4 HTTP/1.1" 200 953 "-" "PostmanRuntime/7.24.1"
::1 - - [06/May/2020:08:26:37 +0000] "GET /api/v1/comments/4 HTTP/1.1" 200 1287 "-" "PostmanRuntime/7.24.1"
::1 - - [06/May/2020:08:28:21 +0000] "GET /api/v1/comments/4 HTTP/1.1" 500 82 "-" "PostmanRuntime/7.24.1"
::1 - - [06/May/2020:08:32:49 +0000] "GET /api/v1/comments/4 HTTP/1.1" 200 1137 "-" "PostmanRuntime/7.24.1"
::1 - - [06/May/2020:08:33:34 +0000] "GET /api/v1/comments/4 HTTP/1.1" 200 1133 "-" "PostmanRuntime/7.24.1"
::1 - - [06/May/2020:09:08:26 +0000] "POST /api/v1/comments HTTP/1.1" 401 252 "-" "PostmanRuntime/7.24.1"
::1 - - [06/May/2020:09:08:36 +0000] "POST /api/v1/users/login HTTP/1.1" 200 444 "-" "PostmanRuntime/7.24.1"
::1 - - [06/May/2020:09:08:44 +0000] "POST /api/v1/comments HTTP/1.1" 500 1842 "-" "PostmanRuntime/7.24.1"
::1 - - [06/May/2020:09:09:01 +0000] "POST /api/v1/comments HTTP/1.1" 200 195 "-" "PostmanRuntime/7.24.1"
::1 - - [06/May/2020:09:15:24 +0000] "POST /api/v1/comments HTTP/1.1" 500 1842 "-" "PostmanRuntime/7.24.1"
::1 - - [06/May/2020:09:15:59 +0000] "POST /api/v1/comments HTTP/1.1" 500 428 "-" "PostmanRuntime/7.24.1"
